Building PopPUNK database with 135 genomes...
Mapped: IP-0034-9_S4_L001-SPAdes -> IP-0034-9_S4_L001-SPAdes.fasta
Mapped: GCA_963560915.1 -> GCA_963560915.1.fasta
Mapped: GCA_963561925.1 -> GCA_963561925.1.fasta
Mapped: IP-0196-6_S1-SPAdes -> IP-0196-6_S1-SPAdes.fasta
Mapped: IP-0095-0_S7_L001-SPAdes -> IP-0095-0_S7_L001-SPAdes.fasta
Mapped: IP-0043-0_S3_L001-SPAdes -> IP-0043-0_S3_L001-SPAdes.fasta
Mapped: IP-0076-0_S10_L001-SPAdes -> IP-0076-0_S10_L001-SPAdes.fasta
Mapped: IP-0084-4_S7_L001-SPAdes -> IP-0084-4_S7_L001-SPAdes.fasta
Mapped: IP-0128-9_S8_L001-SPAdes -> IP-0128-9_S8_L001-SPAdes.fasta
Mapped: GCA_963564325.1 -> GCA_963564325.1.fasta
Mapped: GCA_963572615.1 -> GCA_963572615.1.fasta
Mapped: IE-0019_S5-SPAdes -> IE-0019_S5-SPAdes.fasta
Mapped: ERS008835 -> ERS008835.fasta
Mapped: GCA_963565565.1 -> GCA_963565565.1.fasta
Mapped: IP-0178-4_S3-SPAdes -> IP-0178-4_S3-SPAdes.fasta
Mapped: GCA_963567935.1 -> GCA_963567935.1.fasta
Mapped: ERS012351 -> ERS012351.fasta
Mapped: IE-0014_S8_L001-SPAdes -> IE-0014_S8_L001-SPAdes.fasta
Mapped: IP-0160-2_S10_L001-SPAdes -> IP-0160-2_S10_L001-SPAdes.fasta
Mapped: ERS008785 -> ERS008785.fasta
Mapped: IP-0087-7_S10_L001-SPAdes -> IP-0087-7_S10_L001-SPAdes.fasta
Mapped: GCA_963561975.1 -> GCA_963561975.1.fasta
Mapped: IE-0009_S3_L001-SPAdes -> IE-0009_S3_L001-SPAdes.fasta
Mapped: IP-0032-3_S2_L001-SPAdes -> IP-0032-3_S2_L001-SPAdes.fasta
Mapped: IE-0016_S10_L001-SPAdes -> IE-0016_S10_L001-SPAdes.fasta
Mapped: IP-0098-4_S10_L001-SPAdes -> IP-0098-4_S10_L001-SPAdes.fasta
Mapped: IP-0154-5_S4_L001-SPAdes -> IP-0154-5_S4_L001-SPAdes.fasta
Mapped: IP-0137-0_S7_L001-SPAdes -> IP-0137-0_S7_L001-SPAdes.fasta
Mapped: GCA_963565675.1 -> GCA_963565675.1.fasta
Mapped: GCA_963566495.1 -> GCA_963566495.1.fasta
Mapped: ERS012338 -> ERS012338.fasta
Mapped: IP-0172-7_S7-SPAdes -> IP-0172-7_S7-SPAdes.fasta
Mapped: IP-0187-5_S2-SPAdes -> IP-0187-5_S2-SPAdes.fasta
Mapped: IP-0078-6_S1_L001-SPAdes -> IP-0078-6_S1_L001-SPAdes.fasta
Mapped: IP-0094-3_S6_L001-SPAdes -> IP-0094-3_S6_L001-SPAdes.fasta
Mapped: IP-0027-3_S7_L001-SPAdes -> IP-0027-3_S7_L001-SPAdes.fasta
Mapped: GCA_963561765.1 -> GCA_963561765.1.fasta
Mapped: GCA_963571365.1 -> GCA_963571365.1.fasta
Mapped: IP-0147-9_S7_L001-SPAdes -> IP-0147-9_S7_L001-SPAdes.fasta
Mapped: GCA_963571845.1 -> GCA_963571845.1.fasta
Mapped: IP-0033-1_S3_L001-SPAdes -> IP-0033-1_S3_L001-SPAdes.fasta
Mapped: IP-0155-2_S5_L001-SPAdes -> IP-0155-2_S5_L001-SPAdes.fasta
Mapped: IP-0045-5_S5_L001-SPAdes -> IP-0045-5_S5_L001-SPAdes.fasta
Mapped: Burkholderia_pseudomallei_134K_GCF_009830075.1_Thailand -> Burkholderia_pseudomallei_134K_GCF_009830075.1_Thailand.fasta
Mapped: IE-0015_S9_L001-SPAdes -> IE-0015_S9_L001-SPAdes.fasta
Mapped: IP-0019-0_S10_L001-SPAdes -> IP-0019-0_S10_L001-SPAdes.fasta
Mapped: ERS008790 -> ERS008790.fasta
Mapped: IP-0200-6_S5-SPAdes -> IP-0200-6_S5-SPAdes.fasta
Mapped: GCA_963565395.1 -> GCA_963565395.1.fasta
Mapped: IP-0116-4_S7_L001-SPAdes -> IP-0116-4_S7_L001-SPAdes.fasta
Mapped: IP-0011-7_S2_L001-SPAdes -> IP-0011-7_S2_L001-SPAdes.fasta
Mapped: Burkholderia_pseudomallei_ABCPW_30_GCF_000774495.1_Australia -> Burkholderia_pseudomallei_ABCPW_30_GCF_000774495.1_Australia.fasta
Mapped: GCA_963563065.1 -> GCA_963563065.1.fasta
Mapped: ERS012347 -> ERS012347.fasta
Mapped: IP-0039-8_S9_L001-SPAdes -> IP-0039-8_S9_L001-SPAdes.fasta
Mapped: ERS012317 -> ERS012317.fasta
Mapped: ERS013343 -> ERS013343.fasta
Mapped: Burkholderia_pseudomallei_576_GCF_000182195.1_Thailand -> Burkholderia_pseudomallei_576_GCF_000182195.1_Thailand.fasta
Mapped: GCA_963564785.1 -> GCA_963564785.1.fasta
Mapped: ERS012330 -> ERS012330.fasta
Mapped: ERS013345 -> ERS013345.fasta
Mapped: IP-0012-5_S3_L001-SPAdes -> IP-0012-5_S3_L001-SPAdes.fasta
Mapped: GCA_963563155.1 -> GCA_963563155.1.fasta
Mapped: IP-0177-6_S2-SPAdes -> IP-0177-6_S2-SPAdes.fasta
Mapped: GCA_963566085.1 -> GCA_963566085.1.fasta
Mapped: IP-0096-8_S8_L001-SPAdes -> IP-0096-8_S8_L001-SPAdes.fasta
Mapped: IP-0171-9-R_S12-SPAdes -> IP-0171-9-R_S12-SPAdes.fasta
Mapped: IP-0079-4_S2_L001-SPAdes -> IP-0079-4_S2_L001-SPAdes.fasta
Mapped: IP-0124-8_S4_L001-SPAdes -> IP-0124-8_S4_L001-SPAdes.fasta
Mapped: GCA_963566475.1 -> GCA_963566475.1.fasta
Mapped: Burkholderia_pseudomallei_58W_S73_GCF_014712875.1_Laos -> Burkholderia_pseudomallei_58W_S73_GCF_014712875.1_Laos.fasta
Mapped: IP-0130-5_S10_L001-SPAdes -> IP-0130-5_S10_L001-SPAdes.fasta
Mapped: ERS012307 -> ERS012307.fasta
Mapped: Burkholderia_pseudomallei_4802_GCF_003268115.1_Viet_Nam -> Burkholderia_pseudomallei_4802_GCF_003268115.1_Viet_Nam.fasta
Mapped: ERS012363 -> ERS012363.fasta
Mapped: GCA_963568055.1 -> GCA_963568055.1.fasta
Mapped: IP-0153-7_S3_L001-SPAdes -> IP-0153-7_S3_L001-SPAdes.fasta
Mapped: IP-0042-2_S2_L001-SPAdes -> IP-0042-2_S2_L001-SPAdes.fasta
Mapped: IP-0046-3_S6_L001-SPAdes -> IP-0046-3_S6_L001-SPAdes.fasta
Mapped: GCA_963561735.1 -> GCA_963561735.1.fasta
Mapped: ERS008833 -> ERS008833.fasta
Mapped: IP-0082-8_S5_L001-SPAdes -> IP-0082-8_S5_L001-SPAdes.fasta
Mapped: IP-0168-5_S3-SPAdes -> IP-0168-5_S3-SPAdes.fasta
Mapped: IE-0026_S8-SPAdes -> IE-0026_S8-SPAdes.fasta
Mapped: IP-0077-8_S11_L001-SPAdes -> IP-0077-8_S11_L001-SPAdes.fasta
Mapped: ERS012313 -> ERS012313.fasta
Mapped: IP-0117-2_S8_L001-SPAdes -> IP-0117-2_S8_L001-SPAdes.fasta
Mapped: IE-0006_S11_L001-SPAdes -> IE-0006_S11_L001-SPAdes.fasta
Mapped: IP-0133-9_S3_L001-SPAdes -> IP-0133-9_S3_L001-SPAdes.fasta
Mapped: ERS012314 -> ERS012314.fasta
Mapped: Burkholderia_pseudomallei_51W_S70_GCF_014712915.1_Laos -> Burkholderia_pseudomallei_51W_S70_GCF_014712915.1_Laos.fasta
Mapped: ERS008837 -> ERS008837.fasta
Mapped: Burkholderia_pseudomallei_44W_S64_GCF_014713025.1_Laos -> Burkholderia_pseudomallei_44W_S64_GCF_014713025.1_Laos.fasta
Mapped: ERS012334 -> ERS012334.fasta
Mapped: ERS008794 -> ERS008794.fasta
Mapped: IP-0068-7_S2_L001-SPAdes -> IP-0068-7_S2_L001-SPAdes.fasta
Mapped: IP-0149-5_S9_L001-SPAdes -> IP-0149-5_S9_L001-SPAdes.fasta
Mapped: GCA_963567115.1 -> GCA_963567115.1.fasta
Mapped: ERS012306 -> ERS012306.fasta
Mapped: GCA_963565085.1 -> GCA_963565085.1.fasta
Mapped: Burkholderia_pseudomallei_619s006_GCF_001212705.2_Malaysia -> Burkholderia_pseudomallei_619s006_GCF_001212705.2_Malaysia.fasta
Mapped: IP-0199-0_S4-SPAdes -> IP-0199-0_S4-SPAdes.fasta
Mapped: IE-0017_S11_L001-SPAdes -> IE-0017_S11_L001-SPAdes.fasta
Mapped: Burkholderia_pseudomallei_43S_S63_GCF_014713085.1_Laos -> Burkholderia_pseudomallei_43S_S63_GCF_014713085.1_Laos.fasta
Mapped: ERS008813 -> ERS008813.fasta
Mapped: ERS012308 -> ERS012308.fasta
Mapped: IP-0109-9_S9_L001-SPAdes -> IP-0109-9_S9_L001-SPAdes.fasta
Mapped: GCA_963572755.1 -> GCA_963572755.1.fasta
Mapped: IP-0166-9_S1-SPAdes -> IP-0166-9_S1-SPAdes.fasta
Mapped: GCA_963569645.1 -> GCA_963569645.1.fasta
Mapped: ERS012309 -> ERS012309.fasta
Mapped: IP-0052-1_S2_L001-SPAdes -> IP-0052-1_S2_L001-SPAdes.fasta
Mapped: ERS008838 -> ERS008838.fasta
Mapped: IP-0023-2_S3_L001-SPAdes -> IP-0023-2_S3_L001-SPAdes.fasta
Mapped: GCA_963566765.1 -> GCA_963566765.1.fasta
Mapped: IE-0001_S6_L001-SPAdes -> IE-0001_S6_L001-SPAdes.fasta
Mapped: IP-0148-7_S8_L001-SPAdes -> IP-0148-7_S8_L001-SPAdes.fasta
Mapped: IP-0018-2_S9_L001-SPAdes -> IP-0018-2_S9_L001-SPAdes.fasta
Mapped: GCA_963572995.1 -> GCA_963572995.1.fasta
Mapped: Burkholderia_pseudomallei_49W_S68_GCF_014712965.1_Laos -> Burkholderia_pseudomallei_49W_S68_GCF_014712965.1_Laos.fasta
Mapped: IP-0135-4_S5_L001-SPAdes -> IP-0135-4_S5_L001-SPAdes.fasta
Mapped: IP-0081-0_S4_L001-SPAdes -> IP-0081-0_S4_L001-SPAdes.fasta
Mapped: GCA_963562325.1 -> GCA_963562325.1.fasta
Mapped: IP-0165-1_S4-SPAdes -> IP-0165-1_S4-SPAdes.fasta
Mapped: IP-0122-2_S2_L001-SPAdes -> IP-0122-2_S2_L001-SPAdes.fasta
Mapped: IP-0083-6_S6_L001-SPAdes -> IP-0083-6_S6_L001-SPAdes.fasta
Mapped: GCA_963561355.1 -> GCA_963561355.1.fasta
Mapped: GCA_963568705.1 -> GCA_963568705.1.fasta
Mapped: IP-0009-1_S9_L001-SPAdes -> IP-0009-1_S9_L001-SPAdes.fasta
Mapped: Burkholderia_pseudomallei_40S_S61_GCF_014713055.1_Laos -> Burkholderia_pseudomallei_40S_S61_GCF_014713055.1_Laos.fasta
Mapped: GCA_963563475.1 -> GCA_963563475.1.fasta
Mapped: IP-0006-7_S6_L001-SPAdes -> IP-0006-7_S6_L001-SPAdes.fasta
Mapped: ERS013355 -> ERS013355.fasta
Mapped: GCA_963573175.1 -> GCA_963573175.1.fasta
Mapped: IP-0065-3_S10_L001-SPAdes -> IP-0065-3_S10_L001-SPAdes.fasta
Created staged files list:
IP-0034-9_S4_L001-SPAdes	IP-0034-9_S4_L001-SPAdes.fasta
GCA_963560915.1	GCA_963560915.1.fasta
GCA_963561925.1	GCA_963561925.1.fasta
IP-0196-6_S1-SPAdes	IP-0196-6_S1-SPAdes.fasta
IP-0095-0_S7_L001-SPAdes	IP-0095-0_S7_L001-SPAdes.fasta
IP-0043-0_S3_L001-SPAdes	IP-0043-0_S3_L001-SPAdes.fasta
IP-0076-0_S10_L001-SPAdes	IP-0076-0_S10_L001-SPAdes.fasta
IP-0084-4_S7_L001-SPAdes	IP-0084-4_S7_L001-SPAdes.fasta
IP-0128-9_S8_L001-SPAdes	IP-0128-9_S8_L001-SPAdes.fasta
GCA_963564325.1	GCA_963564325.1.fasta
GCA_963572615.1	GCA_963572615.1.fasta
IE-0019_S5-SPAdes	IE-0019_S5-SPAdes.fasta
ERS008835	ERS008835.fasta
GCA_963565565.1	GCA_963565565.1.fasta
IP-0178-4_S3-SPAdes	IP-0178-4_S3-SPAdes.fasta
GCA_963567935.1	GCA_963567935.1.fasta
ERS012351	ERS012351.fasta
IE-0014_S8_L001-SPAdes	IE-0014_S8_L001-SPAdes.fasta
IP-0160-2_S10_L001-SPAdes	IP-0160-2_S10_L001-SPAdes.fasta
ERS008785	ERS008785.fasta
IP-0087-7_S10_L001-SPAdes	IP-0087-7_S10_L001-SPAdes.fasta
GCA_963561975.1	GCA_963561975.1.fasta
IE-0009_S3_L001-SPAdes	IE-0009_S3_L001-SPAdes.fasta
IP-0032-3_S2_L001-SPAdes	IP-0032-3_S2_L001-SPAdes.fasta
IE-0016_S10_L001-SPAdes	IE-0016_S10_L001-SPAdes.fasta
IP-0098-4_S10_L001-SPAdes	IP-0098-4_S10_L001-SPAdes.fasta
IP-0154-5_S4_L001-SPAdes	IP-0154-5_S4_L001-SPAdes.fasta
IP-0137-0_S7_L001-SPAdes	IP-0137-0_S7_L001-SPAdes.fasta
GCA_963565675.1	GCA_963565675.1.fasta
GCA_963566495.1	GCA_963566495.1.fasta
ERS012338	ERS012338.fasta
IP-0172-7_S7-SPAdes	IP-0172-7_S7-SPAdes.fasta
IP-0187-5_S2-SPAdes	IP-0187-5_S2-SPAdes.fasta
IP-0078-6_S1_L001-SPAdes	IP-0078-6_S1_L001-SPAdes.fasta
IP-0094-3_S6_L001-SPAdes	IP-0094-3_S6_L001-SPAdes.fasta
IP-0027-3_S7_L001-SPAdes	IP-0027-3_S7_L001-SPAdes.fasta
GCA_963561765.1	GCA_963561765.1.fasta
GCA_963571365.1	GCA_963571365.1.fasta
IP-0147-9_S7_L001-SPAdes	IP-0147-9_S7_L001-SPAdes.fasta
GCA_963571845.1	GCA_963571845.1.fasta
IP-0033-1_S3_L001-SPAdes	IP-0033-1_S3_L001-SPAdes.fasta
IP-0155-2_S5_L001-SPAdes	IP-0155-2_S5_L001-SPAdes.fasta
IP-0045-5_S5_L001-SPAdes	IP-0045-5_S5_L001-SPAdes.fasta
Burkholderia_pseudomallei_134K_GCF_009830075.1_Thailand	Burkholderia_pseudomallei_134K_GCF_009830075.1_Thailand.fasta
IE-0015_S9_L001-SPAdes	IE-0015_S9_L001-SPAdes.fasta
IP-0019-0_S10_L001-SPAdes	IP-0019-0_S10_L001-SPAdes.fasta
ERS008790	ERS008790.fasta
IP-0200-6_S5-SPAdes	IP-0200-6_S5-SPAdes.fasta
GCA_963565395.1	GCA_963565395.1.fasta
IP-0116-4_S7_L001-SPAdes	IP-0116-4_S7_L001-SPAdes.fasta
IP-0011-7_S2_L001-SPAdes	IP-0011-7_S2_L001-SPAdes.fasta
Burkholderia_pseudomallei_ABCPW_30_GCF_000774495.1_Australia	Burkholderia_pseudomallei_ABCPW_30_GCF_000774495.1_Australia.fasta
GCA_963563065.1	GCA_963563065.1.fasta
ERS012347	ERS012347.fasta
IP-0039-8_S9_L001-SPAdes	IP-0039-8_S9_L001-SPAdes.fasta
ERS012317	ERS012317.fasta
ERS013343	ERS013343.fasta
Burkholderia_pseudomallei_576_GCF_000182195.1_Thailand	Burkholderia_pseudomallei_576_GCF_000182195.1_Thailand.fasta
GCA_963564785.1	GCA_963564785.1.fasta
ERS012330	ERS012330.fasta
ERS013345	ERS013345.fasta
IP-0012-5_S3_L001-SPAdes	IP-0012-5_S3_L001-SPAdes.fasta
GCA_963563155.1	GCA_963563155.1.fasta
IP-0177-6_S2-SPAdes	IP-0177-6_S2-SPAdes.fasta
GCA_963566085.1	GCA_963566085.1.fasta
IP-0096-8_S8_L001-SPAdes	IP-0096-8_S8_L001-SPAdes.fasta
IP-0171-9-R_S12-SPAdes	IP-0171-9-R_S12-SPAdes.fasta
IP-0079-4_S2_L001-SPAdes	IP-0079-4_S2_L001-SPAdes.fasta
IP-0124-8_S4_L001-SPAdes	IP-0124-8_S4_L001-SPAdes.fasta
GCA_963566475.1	GCA_963566475.1.fasta
Burkholderia_pseudomallei_58W_S73_GCF_014712875.1_Laos	Burkholderia_pseudomallei_58W_S73_GCF_014712875.1_Laos.fasta
IP-0130-5_S10_L001-SPAdes	IP-0130-5_S10_L001-SPAdes.fasta
ERS012307	ERS012307.fasta
Burkholderia_pseudomallei_4802_GCF_003268115.1_Viet_Nam	Burkholderia_pseudomallei_4802_GCF_003268115.1_Viet_Nam.fasta
ERS012363	ERS012363.fasta
GCA_963568055.1	GCA_963568055.1.fasta
IP-0153-7_S3_L001-SPAdes	IP-0153-7_S3_L001-SPAdes.fasta
IP-0042-2_S2_L001-SPAdes	IP-0042-2_S2_L001-SPAdes.fasta
IP-0046-3_S6_L001-SPAdes	IP-0046-3_S6_L001-SPAdes.fasta
GCA_963561735.1	GCA_963561735.1.fasta
ERS008833	ERS008833.fasta
IP-0082-8_S5_L001-SPAdes	IP-0082-8_S5_L001-SPAdes.fasta
IP-0168-5_S3-SPAdes	IP-0168-5_S3-SPAdes.fasta
IE-0026_S8-SPAdes	IE-0026_S8-SPAdes.fasta
IP-0077-8_S11_L001-SPAdes	IP-0077-8_S11_L001-SPAdes.fasta
ERS012313	ERS012313.fasta
IP-0117-2_S8_L001-SPAdes	IP-0117-2_S8_L001-SPAdes.fasta
IE-0006_S11_L001-SPAdes	IE-0006_S11_L001-SPAdes.fasta
IP-0133-9_S3_L001-SPAdes	IP-0133-9_S3_L001-SPAdes.fasta
ERS012314	ERS012314.fasta
Burkholderia_pseudomallei_51W_S70_GCF_014712915.1_Laos	Burkholderia_pseudomallei_51W_S70_GCF_014712915.1_Laos.fasta
ERS008837	ERS008837.fasta
Burkholderia_pseudomallei_44W_S64_GCF_014713025.1_Laos	Burkholderia_pseudomallei_44W_S64_GCF_014713025.1_Laos.fasta
ERS012334	ERS012334.fasta
ERS008794	ERS008794.fasta
IP-0068-7_S2_L001-SPAdes	IP-0068-7_S2_L001-SPAdes.fasta
IP-0149-5_S9_L001-SPAdes	IP-0149-5_S9_L001-SPAdes.fasta
GCA_963567115.1	GCA_963567115.1.fasta
ERS012306	ERS012306.fasta
GCA_963565085.1	GCA_963565085.1.fasta
Burkholderia_pseudomallei_619s006_GCF_001212705.2_Malaysia	Burkholderia_pseudomallei_619s006_GCF_001212705.2_Malaysia.fasta
IP-0199-0_S4-SPAdes	IP-0199-0_S4-SPAdes.fasta
IE-0017_S11_L001-SPAdes	IE-0017_S11_L001-SPAdes.fasta
Burkholderia_pseudomallei_43S_S63_GCF_014713085.1_Laos	Burkholderia_pseudomallei_43S_S63_GCF_014713085.1_Laos.fasta
ERS008813	ERS008813.fasta
ERS012308	ERS012308.fasta
IP-0109-9_S9_L001-SPAdes	IP-0109-9_S9_L001-SPAdes.fasta
GCA_963572755.1	GCA_963572755.1.fasta
IP-0166-9_S1-SPAdes	IP-0166-9_S1-SPAdes.fasta
GCA_963569645.1	GCA_963569645.1.fasta
ERS012309	ERS012309.fasta
IP-0052-1_S2_L001-SPAdes	IP-0052-1_S2_L001-SPAdes.fasta
ERS008838	ERS008838.fasta
IP-0023-2_S3_L001-SPAdes	IP-0023-2_S3_L001-SPAdes.fasta
GCA_963566765.1	GCA_963566765.1.fasta
IE-0001_S6_L001-SPAdes	IE-0001_S6_L001-SPAdes.fasta
IP-0148-7_S8_L001-SPAdes	IP-0148-7_S8_L001-SPAdes.fasta
IP-0018-2_S9_L001-SPAdes	IP-0018-2_S9_L001-SPAdes.fasta
GCA_963572995.1	GCA_963572995.1.fasta
Burkholderia_pseudomallei_49W_S68_GCF_014712965.1_Laos	Burkholderia_pseudomallei_49W_S68_GCF_014712965.1_Laos.fasta
IP-0135-4_S5_L001-SPAdes	IP-0135-4_S5_L001-SPAdes.fasta
IP-0081-0_S4_L001-SPAdes	IP-0081-0_S4_L001-SPAdes.fasta
GCA_963562325.1	GCA_963562325.1.fasta
IP-0165-1_S4-SPAdes	IP-0165-1_S4-SPAdes.fasta
IP-0122-2_S2_L001-SPAdes	IP-0122-2_S2_L001-SPAdes.fasta
IP-0083-6_S6_L001-SPAdes	IP-0083-6_S6_L001-SPAdes.fasta
GCA_963561355.1	GCA_963561355.1.fasta
GCA_963568705.1	GCA_963568705.1.fasta
IP-0009-1_S9_L001-SPAdes	IP-0009-1_S9_L001-SPAdes.fasta
Burkholderia_pseudomallei_40S_S61_GCF_014713055.1_Laos	Burkholderia_pseudomallei_40S_S61_GCF_014713055.1_Laos.fasta
GCA_963563475.1	GCA_963563475.1.fasta
IP-0006-7_S6_L001-SPAdes	IP-0006-7_S6_L001-SPAdes.fasta
ERS013355	ERS013355.fasta
GCA_963573175.1	GCA_963573175.1.fasta
IP-0065-3_S10_L001-SPAdes	IP-0065-3_S10_L001-SPAdes.fasta
All files verified. Starting PopPUNK database creation...
Database created successfully. Fitting model with PopPUNK 2.7.x features...
Model fitting completed. Copying fitted model files to database directory...
Copying fitted model files to poppunk_db directory...
✓ Created poppunk_db_fit.pkl from poppunk_fit_fit.pkl
✓ Created poppunk_db_fit.npz from poppunk_fit_fit.npz
✓ Created poppunk_db_graph.gt from poppunk_fit_graph.gt
Files in poppunk_db after copying:
total 15772
drwxr-xr-x 2 root root     4096 Jun 24 06:13 .
drwxr-xr-x 4 1003 1004    32768 Jun 24 06:13 ..
-rw-r--r-- 1 root root    72488 Jun 24 06:13 poppunk_db.dists.npy
-rw-r--r-- 1 root root     3302 Jun 24 06:13 poppunk_db.dists.pkl
-rw-r--r-- 1 root root 12226144 Jun 24 06:13 poppunk_db.h5
-rw-r--r-- 1 root root    62245 Jun 24 06:13 poppunk_db.png
-rw-r--r-- 1 root root    62245 Jun 24 06:13 poppunk_db_ambiguous_base_counts.png
-rw-r--r-- 1 root root   350583 Jun 24 06:13 poppunk_db_distanceDistribution.png
-rw-r--r-- 1 root root     1632 Jun 24 06:13 poppunk_db_fit.npz
-rw-r--r-- 1 root root     1743 Jun 24 06:13 poppunk_db_fit.pkl
-rw-r--r-- 1 root root    52259 Jun 24 06:13 poppunk_db_genome_lengths.png
-rw-r--r-- 1 root root     2644 Jun 24 06:13 poppunk_db_graph.gt
-rw-r--r-- 1 root root      845 Jun 24 06:13 poppunk_fit.refs
-rw-r--r-- 1 root root     4096 Jun 24 06:13 poppunk_fit.refs.dists.npy
-rw-r--r-- 1 root root      932 Jun 24 06:13 poppunk_fit.refs.dists.pkl
-rw-r--r-- 1 root root  2900080 Jun 24 06:13 poppunk_fit.refs.h5
-rw-r--r-- 1 root root      558 Jun 24 06:13 poppunk_fit.refs_graph.gt
-rw-r--r-- 1 root root   275995 Jun 24 06:13 poppunk_fit_DPGMM_fit.png
-rw-r--r-- 1 root root    33068 Jun 24 06:13 poppunk_fit_DPGMM_fit_contours.pdf
-rw-r--r-- 1 root root     3293 Jun 24 06:13 poppunk_fit_clusters.csv
-rw-r--r-- 1 root root     1632 Jun 24 06:13 poppunk_fit_fit.npz
-rw-r--r-- 1 root root     1743 Jun 24 06:13 poppunk_fit_fit.pkl
-rw-r--r-- 1 root root     2644 Jun 24 06:13 poppunk_fit_graph.gt
-rw-r--r-- 1 root root     3703 Jun 24 06:13 poppunk_fit_unword_clusters.csv
✓ Found fitted model file: poppunk_db_fit.pkl
✓ Found graph file: poppunk_db_graph.gt
Found poppunk_fit_clusters.csv in poppunk_fit/
PopPUNK model completed successfully!
