Jun-23 16:20:44.071 [main] DEBUG nextflow.cli.Launcher - $> nextflow run poppunk_subsample_snp.nf -resume
Jun-23 16:20:44.168 [main] DEBUG nextflow.cli.CmdRun - N E X T F L O W  ~  version 25.04.4
Jun-23 16:20:44.197 [main] DEBUG nextflow.plugin.PluginsFacade - Setting up plugin manager > mode=prod; embedded=false; plugins-dir=/home/peerah/.nextflow/plugins; core-plugins: nf-amazon@2.15.0,nf-azure@1.16.0,nf-cloudcache@0.4.3,nf-codecommit@0.2.3,nf-console@1.2.1,nf-google@1.21.0,nf-k8s@1.0.0,nf-tower@1.11.3,nf-wave@1.12.1
Jun-23 16:20:44.222 [main] INFO  o.pf4j.DefaultPluginStatusProvider - Enabled plugins: []
Jun-23 16:20:44.223 [main] INFO  o.pf4j.DefaultPluginStatusProvider - Disabled plugins: []
Jun-23 16:20:44.226 [main] INFO  org.pf4j.DefaultPluginManager - PF4J version 3.12.0 in 'deployment' mode
Jun-23 16:20:44.240 [main] INFO  org.pf4j.AbstractPluginManager - No plugins
Jun-23 16:20:44.269 [main] DEBUG nextflow.config.ConfigBuilder - Found config local: /home/peerah/localpoppunk/nextflow.config
Jun-23 16:20:44.272 [main] DEBUG nextflow.config.ConfigBuilder - Parsing config file: /home/peerah/localpoppunk/nextflow.config
Jun-23 16:20:44.313 [main] DEBUG n.secret.LocalSecretsProvider - Secrets store: /home/peerah/.nextflow/secrets/store.json
Jun-23 16:20:44.345 [main] DEBUG nextflow.secret.SecretsLoader - Discovered secrets providers: [nextflow.secret.LocalSecretsProvider@2160e52a] - activable => nextflow.secret.LocalSecretsProvider@2160e52a
Jun-23 16:20:44.355 [main] DEBUG nextflow.config.ConfigBuilder - Applying config profile: `standard`
Jun-23 16:20:44.942 [main] DEBUG nextflow.cli.CmdRun - Applied DSL=2 from script declaration
Jun-23 16:20:44.964 [main] DEBUG nextflow.cli.CmdRun - Launching `poppunk_subsample_snp.nf` [admiring_stallman] DSL2 - revision: ee0ee3276a
Jun-23 16:20:44.966 [main] DEBUG nextflow.plugin.PluginsFacade - Plugins default=[]
Jun-23 16:20:44.967 [main] DEBUG nextflow.plugin.PluginsFacade - Plugins resolved requirement=[]
Jun-23 16:20:45.034 [main] DEBUG nextflow.Session - Session UUID: 59763922-7afe-4c5f-8df3-90c5c1ef6888
Jun-23 16:20:45.034 [main] DEBUG nextflow.Session - Run name: admiring_stallman
Jun-23 16:20:45.035 [main] DEBUG nextflow.Session - Executor pool size: 64
Jun-23 16:20:45.046 [main] DEBUG nextflow.file.FilePorter - File porter settings maxRetries=3; maxTransfers=50; pollTimeout=null
Jun-23 16:20:45.054 [main] DEBUG nextflow.util.ThreadPoolBuilder - Creating thread pool 'FileTransfer' minSize=10; maxSize=192; workQueue=LinkedBlockingQueue[-1]; allowCoreThreadTimeout=false
Jun-23 16:20:45.077 [main] DEBUG nextflow.cli.CmdRun - 
  Version: 25.04.4 build 5950
  Created: 16-06-2025 14:23 UTC 
  System: Linux 6.1.0-37-cloud-amd64
  Runtime: Groovy 4.0.26 on OpenJDK 64-Bit Server VM 17.0.10+7
  Encoding: UTF-8 (UTF-8)
  Process: 296559@instance-20250623-122625 [10.128.0.26]
  CPUs: 64 - Mem: 409.2 GB (391.6 GB) - Swap: 0 (0)
Jun-23 16:20:45.114 [main] DEBUG nextflow.Session - Work-dir: /home/peerah/localpoppunk/work [ext2/ext3]
Jun-23 16:20:45.115 [main] DEBUG nextflow.Session - Script base path does not exist or is not a directory: /home/peerah/localpoppunk/bin
Jun-23 16:20:45.127 [main] DEBUG nextflow.executor.ExecutorFactory - Extension executors providers=[]
Jun-23 16:20:45.140 [main] DEBUG nextflow.Session - Observer factory: DefaultObserverFactory
Jun-23 16:20:45.174 [main] DEBUG nextflow.Session - Observer factory (v2): LinObserverFactory
Jun-23 16:20:45.206 [main] DEBUG nextflow.cache.CacheFactory - Using Nextflow cache factory: nextflow.cache.DefaultCacheFactory
Jun-23 16:20:45.219 [main] DEBUG nextflow.util.CustomThreadPool - Creating default thread pool > poolSize: 65; maxThreads: 1000
Jun-23 16:20:45.314 [main] DEBUG nextflow.Session - Session start
Jun-23 16:20:45.930 [main] DEBUG nextflow.script.ScriptRunner - > Launching execution
Jun-23 16:20:45.943 [main] INFO  nextflow.script.BaseScript - ▶ FASTA input directory:  /home/peerah/contextual
Jun-23 16:20:45.944 [main] INFO  nextflow.script.BaseScript - ▶ Results directory:      /home/peerah/contextual/results
Jun-23 16:20:45.945 [main] INFO  nextflow.script.BaseScript - ▶ Threads / RAM:          48  /  200 GB
Jun-23 16:20:46.167 [main] DEBUG nextflow.executor.ExecutorFactory - << taskConfig executor: local
Jun-23 16:20:46.168 [main] DEBUG nextflow.executor.ExecutorFactory - >> processorType: 'local'
Jun-23 16:20:46.175 [main] DEBUG nextflow.executor.Executor - [warm up] executor > local
Jun-23 16:20:46.183 [main] DEBUG n.processor.LocalPollingMonitor - Creating local task monitor for executor 'local' > cpus=64; memory=409.2 GB; capacity=64; pollInterval=100ms; dumpInterval=5m
Jun-23 16:20:46.187 [main] DEBUG n.processor.TaskPollingMonitor - >>> barrier register (monitor: local)
Jun-23 16:20:46.218 [main] DEBUG nextflow.processor.TaskProcessor - Creating process 'VALIDATE_FASTA': maxForks=0; fair=false; array=0
Jun-23 16:20:46.274 [main] DEBUG nextflow.executor.ExecutorFactory - << taskConfig executor: local
Jun-23 16:20:46.274 [main] DEBUG nextflow.executor.ExecutorFactory - >> processorType: 'local'
Jun-23 16:20:46.276 [main] DEBUG nextflow.processor.TaskProcessor - Creating process 'MASH_SKETCH': maxForks=0; fair=false; array=0
Jun-23 16:20:46.283 [main] DEBUG nextflow.executor.ExecutorFactory - << taskConfig executor: local
Jun-23 16:20:46.283 [main] DEBUG nextflow.executor.ExecutorFactory - >> processorType: 'local'
Jun-23 16:20:46.284 [main] DEBUG nextflow.processor.TaskProcessor - Creating process 'MASH_DIST': maxForks=0; fair=false; array=0
Jun-23 16:20:46.292 [main] DEBUG nextflow.executor.ExecutorFactory - << taskConfig executor: local
Jun-23 16:20:46.292 [main] DEBUG nextflow.executor.ExecutorFactory - >> processorType: 'local'
Jun-23 16:20:46.293 [main] DEBUG nextflow.processor.TaskProcessor - Creating process 'BIN_SUBSAMPLE': maxForks=0; fair=false; array=0
Jun-23 16:20:46.302 [main] DEBUG nextflow.executor.ExecutorFactory - << taskConfig executor: local
Jun-23 16:20:46.303 [main] DEBUG nextflow.executor.ExecutorFactory - >> processorType: 'local'
Jun-23 16:20:46.304 [main] DEBUG nextflow.processor.TaskProcessor - Creating process 'POPPUNK_MODEL': maxForks=0; fair=false; array=0
Jun-23 16:20:46.312 [main] DEBUG nextflow.executor.ExecutorFactory - << taskConfig executor: local
Jun-23 16:20:46.312 [main] DEBUG nextflow.executor.ExecutorFactory - >> processorType: 'local'
Jun-23 16:20:46.313 [main] DEBUG nextflow.processor.TaskProcessor - Creating process 'POPPUNK_ASSIGN': maxForks=0; fair=false; array=0
Jun-23 16:20:46.321 [main] DEBUG nextflow.Session - Workflow process names [dsl2]: MASH_DIST, MASH_SKETCH, POPPUNK_MODEL, BIN_SUBSAMPLE, POPPUNK_ASSIGN, VALIDATE_FASTA
Jun-23 16:20:46.325 [main] DEBUG nextflow.Session - Igniting dataflow network (7)
Jun-23 16:20:46.332 [main] DEBUG nextflow.processor.TaskProcessor - Starting process > VALIDATE_FASTA
Jun-23 16:20:46.333 [main] DEBUG nextflow.processor.TaskProcessor - Starting process > MASH_SKETCH
Jun-23 16:20:46.334 [main] DEBUG nextflow.processor.TaskProcessor - Starting process > MASH_DIST
Jun-23 16:20:46.334 [main] DEBUG nextflow.processor.TaskProcessor - Starting process > BIN_SUBSAMPLE
Jun-23 16:20:46.336 [main] DEBUG nextflow.processor.TaskProcessor - Starting process > POPPUNK_MODEL
Jun-23 16:20:46.336 [PathVisitor-1] DEBUG nextflow.file.PathVisitor - files for syntax: glob; folder: /home/peerah/contextual/; pattern: *.fasta; options: [checkIfExists:true]
Jun-23 16:20:46.337 [main] DEBUG nextflow.processor.TaskProcessor - Starting process > POPPUNK_ASSIGN
Jun-23 16:20:46.338 [main] DEBUG nextflow.script.ScriptRunner - Parsed script files:
  Script_dae58bc45c0a029b: /home/peerah/localpoppunk/poppunk_subsample_snp.nf
Jun-23 16:20:46.338 [main] DEBUG nextflow.script.ScriptRunner - > Awaiting termination 
Jun-23 16:20:46.338 [main] DEBUG nextflow.Session - Session await
Jun-23 16:20:46.789 [Task submitter] DEBUG n.executor.local.LocalTaskHandler - Launch cmd line: /bin/bash -ue .command.run
Jun-23 16:20:46.793 [Task submitter] INFO  nextflow.Session - [f8/dc9898] Submitted process > VALIDATE_FASTA (validate_fasta)
Jun-23 16:21:13.477 [Task monitor] DEBUG n.processor.TaskPollingMonitor - Task completed > TaskHandler[id: 1; name: VALIDATE_FASTA (validate_fasta); status: COMPLETED; exit: 0; error: -; workDir: /home/peerah/localpoppunk/work/f8/dc989850cd76e66c032c2b65336207]
Jun-23 16:21:13.478 [Task monitor] DEBUG nextflow.util.ThreadPoolBuilder - Creating thread pool 'TaskFinalizer' minSize=10; maxSize=192; workQueue=LinkedBlockingQueue[-1]; allowCoreThreadTimeout=false
Jun-23 16:21:13.495 [Actor Thread 53] INFO  nextflow.script.BaseScript - 
==================================================
Jun-23 16:21:13.497 [Actor Thread 53] INFO  nextflow.script.BaseScript - 📋 FASTA VALIDATION REPORT
Jun-23 16:21:13.497 [Actor Thread 53] INFO  nextflow.script.BaseScript - ==================================================
Jun-23 16:21:13.499 [Actor Thread 53] INFO  nextflow.script.BaseScript - FASTA Validation Report
======================
Total files processed: 450
Valid files: 450
Invalid files: 0

Valid files (with absolute paths):
  ✓ /home/peerah/contextual/IP-0050-5_S10_L001-SPAdes.fasta
  ✓ /home/peerah/contextual/IP-0100-8_S1_L001-SPAdes.fasta
  ✓ /home/peerah/contextual/Burkholderia_pseudomallei_44W_S64_GCF_014713025.1_Laos.fasta
  ✓ /home/peerah/contextual/IP-0201-4_S6-SPAdes.fasta
  ✓ /home/peerah/contextual/GCA_963565015.1.fasta
  ✓ /home/peerah/contextual/GCA_963571005.1.fasta
  ✓ /home/peerah/contextual/IP-0095-0_S7_L001-SPAdes.fasta
  ✓ /home/peerah/contextual/IP-0162-8_S1-SPAdes.fasta
  ✓ /home/peerah/contextual/IP-0160-2_S10_L001-SPAdes.fasta
  ✓ /home/peerah/contextual/IP-0033-1_S3_L001-SPAdes.fasta
  ✓ /home/peerah/contextual/ERS013360.fasta
  ✓ /home/peerah/contextual/IP-0193-3_S8-SPAdes.fasta
  ✓ /home/peerah/contextual/GCA_963570105.1.fasta
  ✓ /home/peerah/contextual/IP-0070-3_S4_L001-SPAdes.fasta
  ✓ /home/peerah/contextual/IE-0022_S8-SPAdes.fasta
  ✓ /home/peerah/contextual/IP-0031-5_S1_L001-SPAdes.fasta
  ✓ /home/peerah/contextual/IP-0199-0_S4-SPAdes.fasta
  ✓ /home/peerah/contextual/GCA_963562655.1.fasta
  ✓ /home/peerah/contextual/ERS012377.fasta
  ✓ /home/peerah/contextual/IP-0131-3_S1_L001-SPAdes.fasta
  ✓ /home/peerah/contextual/GCA_963563525.1.fasta
  ✓ /home/peerah/contextual/GCA_963568785.1.fasta
  ✓ /home/peerah/contextual/ERS008838.fasta
  ✓ /home/peerah/contextual/IP-0146-1_S6_L001-SPAdes.fasta
  ✓ /home/peerah/contextual/IP-0107-3_S7_L001-SPAdes.fasta
  ✓ /home/peerah/contextual/ERS008828.fasta
  ✓ /home/peerah/contextual/IE-0017_S11_L001-SPAdes.fasta
  ✓ /home/peerah/contextual/ERS012316.fasta
  ✓ /home/peerah/contextual/ERS012332.fasta
  ✓ /home/peerah/contextual/IP-0161-0_S11_L001-SPAdes.fasta
  ✓ /home/peerah/contextual/IP-0182-6_S7-SPAdes.fasta
  ✓ /home/peerah/contextual/IP-0168-5_S3-SPAdes.fasta
  ✓ /home/peerah/contextual/GCA_963563635.1.fasta
  ✓ /home/peerah/contextual/Burkholderia_pseudomallei_134K_GCF_009830075.1_Thailand.fasta
  ✓ /home/peerah/contextual/GCA_963563715.1.fasta
  ✓ /home/peerah/contextual/Burkholderia_pseudomallei_2002721684_GCF_002110925.1_USA_Texas.fasta
  ✓ /home/peerah/contextual/ERS008824.fasta
  ✓ /home/peerah/contextual/Burkholderia_pseudomallei_406e_GCF_000410895.1_Thailand.fasta
  ✓ /home/peerah/contextual/ERS008821.fasta
  ✓ /home/peerah/contextual/GCA_963561075.1.fasta
  ✓ /home/peerah/contextual/GCA_963561355.1.fasta
  ✓ /home/peerah/contextual/IP-0011-7_S2_L001-SPAdes.fasta
  ✓ /home/peerah/contextual/GCA_963563155.1.fasta
  ✓ /home/peerah/contextual/IP-0060-4_S5_L001-SPAdes.fasta
  ✓ /home/peerah/contextual/ERS012363.fasta
  ✓ /home/peerah/contextual/IP-0061-2_S6_L001-SPAdes.fasta
  ✓ /home/peerah/contextual/GCA_963560915.1.fasta
  ✓ /home/peerah/contextual/IP-0167-7_S2-SPAdes.fasta
  ✓ /home/peerah/contextual/ERS013342.fasta
  ✓ /home/peerah/contextual/ERS008835.fasta
  ✓ /home/peerah/contextual/GCA_963572755.1.fasta
  ✓ /home/peerah/contextual/IP-0076-0_S10_L001-SPAdes.fasta
  ✓ /home/peerah/contextual/GCA_963566085.1.fasta
  ✓ /home/peerah/contextual/IP-0108-1_S8_L001-SPAdes.fasta
  ✓ /home/peerah/contextual/IP-0057-0_S2_L001-SPAdes.fasta
  ✓ /home/peerah/contextual/IP-0113-1_S4_L001-SPAdes.fasta
  ✓ /home/peerah/contextual/GCA_963565675.1.fasta
  ✓ /home/peerah/contextual/IP-0017-4_S8_L001-SPAdes.fasta
  ✓ /home/peerah/contextual/ERS012314.fasta
  ✓ /home/peerah/contextual/IE-0003_S8_L001-SPAdes.fasta
  ✓ /home/peerah/contextual/IP-0180-0_S5-SPAdes.fasta
  ✓ /home/peerah/contextual/GCA_963565395.1.fasta
  ✓ /home/peerah/contextual/GCA_963572995.1.fasta
  ✓ /home/peerah/contextual/Burkholderia_pseudomallei_47W_S67_GCF_014712955.1_Laos.fasta
  ✓ /home/peerah/contextual/IP-0144-6_S4_L001-SPAdes.fasta
  ✓ /home/peerah/contextual/GCA_963568705.1.fasta
  ✓ /home/peerah/contextual/GCA_963565485.1.fasta
  ✓ /home/peerah/contextual/IE-0026_S8-SPAdes.fasta
  ✓ /home/peerah/contextual/GCA_963564975.1.fasta
  ✓ /home/peerah/contextual/IP-0049-7_S9_L001-SPAdes.fasta
  ✓ /home/peerah/contextual/IP-0170-1_S5-SPAdes.fasta
  ✓ /home/peerah/contextual/IP-0081-0_S4_L001-SPAdes.fasta
  ✓ /home/peerah/contextual/ERS012303.fasta
  ✓ /home/peerah/contextual/Burkholderia_pseudomallei_45S_S65_GCF_014713015.1_Laos.fasta
  ✓ /home/peerah/contextual/Burkholderia_pseudomallei_2002734728_GCF_002111105.1_USA_California.fasta
  ✓ /home/peerah/contextual/IE-0016_S10_L001-SPAdes.fasta
  ✓ /home/peerah/contextual/IP-0055-4_S5_L001-SPAdes.fasta
  ✓ /home/peerah/contextual/GCA_963567325.1.fasta
  ✓ /home/peerah/contextual/IP-0043-0_S3_L001-SPAdes.fasta
  ✓ /home/peerah/contextual/GCA_963571845.1.fasta
  ✓ /home/peerah/contextual/IP-0051-3_S1_L001-SPAdes.fasta
  ✓ /home/peerah/contextual/GCA_963571905.1.fasta
  ✓ /home/peerah/contextual/IP-0101-6_S1_L001-SPAdes.fasta
  ✓ /home/peerah/contextual/IP-0098-4_S10_L001-SPAdes.fasta
  ✓ /home/peerah/contextual/IP-0111-5_S2_L001-SPAdes.fasta
  ✓ /home/peerah/contextual/IP-0001-8_S1_L001-SPAdes.fasta
  ✓ /home/peerah/contextual/Burkholderia_pseudomallei_619s007_GCF_001326935.2_Malaysia.fasta
  ✓ /home/peerah/contextual/IP-0189-1_S4-SPAdes.fasta
  ✓ /home/peerah/contextual/ERS012312.fasta
  ✓ /home/peerah/contextual/ERS008837.fasta
  ✓ /home/peerah/contextual/GCA_963560675.1.fasta
  ✓ /home/peerah/contextual/IP-0019-0_S10_L001-SPAdes.fasta
  ✓ /home/peerah/contextual/GCA_963573225.1.fasta
  ✓ /home/peerah/contextual/IP-0028-1_S8_L001-SPAdes.fasta
  ✓ /home/peerah/contextual/Burkholderia_pseudomallei_4811_GCF_003268075.1_Viet_Nam.fasta
  ✓ /home/peerah/contextual/ERS008816.fasta
  ✓ /home/peerah/contextual/IP-0127-1_S7_L001-SPAdes.fasta
  ✓ /home/peerah/contextual/ERS008786.fasta
  ✓ /home/peerah/contextual/IP-0187-5_S2-SPAdes.fasta
  ✓ /home/peerah/contextual/IP-0188-3_S3-SPAdes.fasta
  ✓ /home/peerah/contextual/IP-0174-3_S9-SPAdes.fasta
  ✓ /home/peerah/contextual/ERS008825.fasta
  ✓ /home/peerah/contextual/IP-0112-3_S3_L001-SPAdes.fasta
  ✓ /home/peerah/contextual/ERS012331.fasta
  ✓ /home/peerah/contextual/GCA_963562695.1.fasta
  ✓ /home/peerah/contextual/Burkholderia_pseudomallei_7801_GCF_025848015.1_Viet_Nam.fasta
  ✓ /home/peerah/contextual/ERS008809.fasta
  ✓ /home/peerah/contextual/IP-0069-5_S3_L001-SPAdes.fasta
  ✓ /home/peerah/contextual/ERS008820.fasta
  ✓ /home/peerah/contextual/GCA_963571975.1.fasta
  ✓ /home/peerah/contextual/IP-0077-8_S11_L001-SPAdes.fasta
  ✓ /home/peerah/contextual/Burkholderia_pseudomallei_576_GCF_000182195.1_Thailand.fasta
  ✓ /home/peerah/contextual/IP-0109-9_S9_L001-SPAdes.fasta
  ✓ /home/peerah/contextual/GCA_963560735.1.fasta
  ✓ /home/peerah/contextual/IP-0039-8_S9_L001-SPAdes.fasta
  ✓ /home/peerah/contextual/Burkholderia_pseudomallei_316c_GCF_001980755.1_Thailand.fasta
  ✓ /home/peerah/contextual/ERS012317.fasta
  ✓ /home/peerah/contextual/Burkholderia_pseudomallei_577ci_GCF_001980815.1_Thailand.fasta
  ✓ /home/peerah/contextual/ERS008785.fasta
  ✓ /home/peerah/contextual/IP-0096-8_S8_L001-SPAdes.fasta
  ✓ /home/peerah/contextual/IP-0165-1_S4-SPAdes.fasta
  ✓ /home/peerah/contextual/GCA_963567935.1.fasta
  ✓ /home/peerah/contextual/ERS012351.fasta
  ✓ /home/peerah/contextual/GCA_963570975.1.fasta
  ✓ /home/peerah/contextual/ERS013364.fasta
  ✓ /home/peerah/contextual/IP-0083-6_S6_L001-SPAdes.fasta
  ✓ /home/peerah/contextual/IP-0183-4_S8-SPAdes.fasta
  ✓ /home/peerah/contextual/IP-0164-4_S3-SPAdes.fasta
  ✓ /home/peerah/contextual/IP-0190-9_S5-SPAdes.fasta
  ✓ /home/peerah/contextual/ERS012359.fasta
  ✓ /home/peerah/contextual/IP-0045-5_S5_L001-SPAdes.fasta
  ✓ /home/peerah/contextual/GCA_963565125.1.fasta
  ✓ /home/peerah/contextual/Burkholderia_pseudomallei_ABCPW_30_GCF_000774495.1_Australia.fasta
  ✓ /home/peerah/contextual/ERS008813.fasta
  ✓ /home/peerah/contextual/Burkholderia_pseudomallei_402a_GCF_001980775.1_Thailand.fasta
  ✓ /home/peerah/contextual/ERS008784.fasta
  ✓ /home/peerah/contextual/IP-0110-7_S10_L001-SPAdes.fasta
  ✓ /home/peerah/contextual/IE-0010_S4_L001-SPAdes.fasta
  ✓ /home/peerah/contextual/Burkholderia_pseudomallei_ABCPW_91_GCF_000774405.1_Australia.fasta
  ✓ /home/peerah/contextual/GCA_963566455.1.fasta
  ✓ /home/peerah/contextual/ERS012340.fasta
  ✓ /home/peerah/contextual/ERS012376.fasta
  ✓ /home/peerah/contextual/IP-0115-6_S6_L001-SPAdes.fasta
  ✓ /home/peerah/contextual/IP-0036-4_S6_L001-SPAdes.fasta
  ✓ /home/peerah/contextual/GCA_963564305.1.fasta
  ✓ /home/peerah/contextual/GCA_963568055.1.fasta
  ✓ /home/peerah/contextual/ERS012334.fasta
  ✓ /home/peerah/contextual/IP-0191-7_S6-SPAdes.fasta
  ✓ /home/peerah/contextual/ERS012356.fasta
  ✓ /home/peerah/contextual/IP-0147-9_S7_L001-SPAdes.fasta
  ✓ /home/peerah/contextual/ERS012380.fasta
  ✓ /home/peerah/contextual/IP-0150-3_S10_L001-SPAdes.fasta
  ✓ /home/peerah/contextual/Burkholderia_pseudomallei_619s006_GCF_001212705.2_Malaysia.fasta
  ✓ /home/peerah/contextual/IP-0114-9_S5_L001-SPAdes.fasta
  ✓ /home/peerah/contextual/GCA_963562965.1.fasta
  ✓ /home/peerah/contextual/IP-0151-1_S1_L001-SPAdes.fasta
  ✓ /home/peerah/contextual/IP-0141-2_S1_L001-SPAdes.fasta
  ✓ /home/peerah/contextual/IE-0015_S9_L001-SPAdes.fasta
  ✓ /home/peerah/contextual/Burkholderia_pseudomallei_7400_GCF_025848135.1_Viet_Nam.fasta
  ✓ /home/peerah/contextual/ERS008841.fasta
  ✓ /home/peerah/contextual/GCA_963561565.1.fasta
  ✓ /home/peerah/contextual/IP-0007-5_S7_L001-SPAdes.fasta
  ✓ /home/peerah/contextual/Burkholderia_pseudomallei_60W_S74_GCF_014712825.1_Laos.fasta
  ✓ /home/peerah/contextual/IP-0117-2_S8_L001-SPAdes.fasta
  ✓ /home/peerah/contextual/GCA_963566695.1.fasta
  ✓ /home/peerah/contextual/Burkholderia_pseudomallei_619s005_GCF_001207785.2_Malaysia.fasta
  ✓ /home/peerah/contextual/IP-0065-3_S10_L001-SPAdes.fasta
  ✓ /home/peerah/contextual/Burkholderia_pseudomallei_50W_S69_GCF_014712935.1_Laos.fasta
  ✓ /home/peerah/contextual/ERS012338.fasta
  ✓ /home/peerah/contextual/ERS008836.fasta
  ✓ /home/peerah/contextual/ERS013346.fasta
  ✓ /home/peerah/contextual/GCA_963564785.1.fasta
  ✓ /home/peerah/contextual/Burkholderia_pseudomallei_134_GCF_009830095.1_Thailand.fasta
  ✓ /home/peerah/contextual/IP-0148-7_S8_L001-SPAdes.fasta
  ✓ /home/peerah/contextual/IP-0089-3_S1_L001-SPAdes.fasta
  ✓ /home/peerah/contextual/IP-0126-3_S6_L001-SPAdes.fasta
  ✓ /home/peerah/contextual/GCA_963570085.1.fasta
  ✓ /home/peerah/contextual/IP-0173-5_S8-SPAdes.fasta
  ✓ /home/peerah/contextual/GCA_963566765.1.fasta
  ✓ /home/peerah/contextual/GCA_963562325.1.fasta
  ✓ /home/peerah/contextual/GCA_963573095.1.fasta
  ✓ /home/peerah/contextual/Burkholderia_pseudomallei_43S_S63_GCF_014713085.1_Laos.fasta
  ✓ /home/peerah/contextual/IP-0125-5_S5_L001-SPAdes.fasta
  ✓ /home/peerah/contextual/IE-0013_S7_L001-SPAdes.fasta
  ✓ /home/peerah/contextual/IP-0099-2_S11_L001-SPAdes.fasta
  ✓ /home/peerah/contextual/IP-0004-2_S4_L001-SPAdes.fasta
  ✓ /home/peerah/contextual/GCA_963571055.1.fasta
  ✓ /home/peerah/contextual/Burkholderia_pseudomallei_4822_GCF_009826725.1_Viet_Nam.fasta
  ✓ /home/peerah/contextual/IP-0184-2_S9-SPAdes.fasta
  ✓ /home/peerah/contextual/GCA_963565085.1.fasta
  ✓ /home/peerah/contextual/GCA_900597175.2.fasta
  ✓ /home/peerah/contextual/IP-0054-7_S4_L001-SPAdes.fasta
  ✓ /home/peerah/contextual/IP-0197-4_S2-SPAdes.fasta
  ✓ /home/peerah/contextual/ERS013353.fasta
  ✓ /home/peerah/contextual/IP-0105-7_S5_L001-SPAdes.fasta
  ✓ /home/peerah/contextual/IP-0005-9_S5_L001-SPAdes.fasta
  ✓ /home/peerah/contextual/ERS008792.fasta
  ✓ /home/peerah/contextual/GCA_963561855.1.fasta
  ✓ /home/peerah/contextual/Burkholderia_pseudomallei_354a_GCF_000259815.1_Thailand.fasta
  ✓ /home/peerah/contextual/IP-0056-2_S1_L001-SPAdes.fasta
  ✓ /home/peerah/contextual/Burkholderia_pseudomallei_ABCPW_1_GCF_000774965.1_Australia.fasta
  ✓ /home/peerah/contextual/IP-0072-9_S6_L001-SPAdes.fasta
  ✓ /home/peerah/contextual/ERS013345.fasta
  ✓ /home/peerah/contextual/IP-0202-2_S7-SPAdes.fasta
  ✓ /home/peerah/contextual/GCA_963567115.1.fasta
  ✓ /home/peerah/contextual/Burkholderia_pseudomallei_40S_S61_GCF_014713055.1_Laos.fasta
  ✓ /home/peerah/contextual/IP-0002-6_S2_L001-SPAdes.fasta
  ✓ /home/peerah/contextual/Burkholderia_pseudomallei_91W_S76_GCF_014712775.1_Laos.fasta
  ✓ /home/peerah/contextual/IP-0156-0_S6_L001-SPAdes.fasta
  ✓ /home/peerah/contextual/IP-0142-0_S2_L001-SPAdes.fasta
  ✓ /home/peerah/contextual/GCA_963561925.1.fasta
  ✓ /home/peerah/contextual/IP-0091-9_S3_L001-SPAdes.fasta
  ✓ /home/peerah/contextual/IE-0021_S7-SPAdes.fasta
  ✓ /home/peerah/contextual/GCA_963560945.1.fasta
  ✓ /home/peerah/contextual/IP-0010-9_S10_L001-SPAdes.fasta
  ✓ /home/peerah/contextual/IP-0009-1_S9_L001-SPAdes.fasta
  ✓ /home/peerah/contextual/GCA_963571365.1.fasta
  ✓ /home/peerah/contextual/ERS012308.fasta
  ✓ /home/peerah/contextual/IP-0124-8_S4_L001-SPAdes.fasta
  ✓ /home/peerah/contextual/IP-0169-3_S4-SPAdes.fasta
  ✓ /home/peerah/contextual/ERS012370.fasta
  ✓ /home/peerah/contextual/GCA_963570575.1.fasta
  ✓ /home/peerah/contextual/IP-0090-1_S2_L001-SPAdes.fasta
  ✓ /home/peerah/contextual/Burkholderia_pseudomallei_51W_S70_GCF_014712915.1_Laos.fasta
  ✓ /home/peerah/contextual/Burkholderia_pseudomallei_46W_S66_GCF_014712945.1_Laos.fasta
  ✓ /home/peerah/contextual/IP-0084-4_S7_L001-SPAdes.fasta
  ✓ /home/peerah/contextual/GCA_963565565.1.fasta
  ✓ /home/peerah/contextual/IP-0171-9-R_S12-SPAdes.fasta
  ✓ /home/peerah/contextual/ERS008798.fasta
  ✓ /home/peerah/contextual/IP-0066-1_S11_L001-SPAdes.fasta
  ✓ /home/peerah/contextual/ERS013352.fasta
  ✓ /home/peerah/contextual/IP-0128-9_S8_L001-SPAdes.fasta
  ✓ /home/peerah/contextual/IP-0038-0_S8_L001-SPAdes.fasta
  ✓ /home/peerah/contextual/GCA_963564325.1.fasta
  ✓ /home/peerah/contextual/IP-0132-1_S2_L001-SPAdes.fasta
  ✓ /home/peerah/contextual/IP-0012-5_S3_L001-SPAdes.fasta
  ✓ /home/peerah/contextual/IP-0158-6_S8_L001-SPAdes.fasta
  ✓ /home/peerah/contextual/IP-0024-0_S4_L001-SPAdes.fasta
  ✓ /home/peerah/contextual/IP-0175-0_S10-SPAdes.fasta
  ✓ /home/peerah/contextual/GCA_963568885.1.fasta
  ✓ /home/peerah/contextual/GCA_963569685.1.fasta
  ✓ /home/peerah/contextual/IE-0004_S9_L001-SPAdes.fasta
  ✓ /home/peerah/contextual/IP-0163-6_S2-SPAdes.fasta
  ✓ /home/peerah/contextual/GCA_963564375.1.fasta
  ✓ /home/peerah/contextual/IP-0030-7_S10_L001-SPAdes.fasta
  ✓ /home/peerah/contextual/GCA_963563475.1.fasta
  ✓ /home/peerah/contextual/IP-0068-7_S2_L001-SPAdes.fasta
  ✓ /home/peerah/contextual/IP-0102-4_S2_L001-SPAdes.fasta
  ✓ /home/peerah/contextual/IP-0185-9_S10-SPAdes.fasta
  ✓ /home/peerah/contextual/GCA_963562795.1.fasta
  ✓ /home/peerah/contextual/IP-0088-5_S11_L001-SPAdes.fasta
  ✓ /home/peerah/contextual/IP-0152-9_S2_L001-SPAdes.fasta
  ✓ /home/peerah/contextual/IP-0071-1_S5_L001-SPAdes.fasta
  ✓ /home/peerah/contextual/SRR12527871_contigs.fasta
  ✓ /home/peerah/contextual/IP-0092-7_S4_L001-SPAdes.fasta
  ✓ /home/peerah/contextual/IP-0196-6_S1-SPAdes.fasta
  ✓ /home/peerah/contextual/ERS012324.fasta
  ✓ /home/peerah/contextual/IP-0020-8_S11_L001-SPAdes.fasta
  ✓ /home/peerah/contextual/IP-0013-3_S4_L001-SPAdes.fasta
  ✓ /home/peerah/contextual/IP-0040-6_S10_L001-SPAdes.fasta
  ✓ /home/peerah/contextual/Burkholderia_pseudomallei_354e_GCF_000259795.1_Thailand.fasta
  ✓ /home/peerah/contextual/IP-0058-8_S3_L001-SPAdes.fasta
  ✓ /home/peerah/contextual/IP-0122-2_S2_L001-SPAdes.fasta
  ✓ /home/peerah/contextual/GCA_963569365.1.fasta
  ✓ /home/peerah/contextual/IP-0037-2_S7_L001-SPAdes.fasta
  ✓ /home/peerah/contextual/IP-0116-4_S7_L001-SPAdes.fasta
  ✓ /home/peerah/contextual/IP-0138-8_S8_L001-SPAdes.fasta
  ✓ /home/peerah/contextual/ERS012369.fasta
  ✓ /home/peerah/contextual/ERS012354.fasta
  ✓ /home/peerah/contextual/Burkholderia_pseudomallei_BDD_GCF_000756905.1_Australia_Townsville_Queensland.fasta
  ✓ /home/peerah/contextual/Burkholderia_pseudomallei_64W_S75_GCF_014712815.1_Laos.fasta
  ✓ /home/peerah/contextual/IP-0135-4_S5_L001-SPAdes.fasta
  ✓ /home/peerah/contextual/ERS012328.fasta
  ✓ /home/peerah/contextual/IP-0123-0_S3_L001-SPAdes.fasta
  ✓ /home/peerah/contextual/GCA_963561975.1.fasta
  ✓ /home/peerah/contextual/IP-0155-2_S5_L001-SPAdes.fasta
  ✓ /home/peerah/contextual/IP-0021-6_S1_L001-SPAdes.fasta
  ✓ /home/peerah/contextual/ERS008819.fasta
  ✓ /home/peerah/contextual/IP-0023-2_S3_L001-SPAdes.fasta
  ✓ /home/peerah/contextual/Burkholderia_pseudomallei_53W_S72_GCF_014712895.1_Laos.fasta
  ✓ /home/peerah/contextual/IE-0001_S6_L001-SPAdes.fasta
  ✓ /home/peerah/contextual/IP-0121-4_S1_L001-SPAdes.fasta
  ✓ /home/peerah/contextual/IP-0053-9_S3_L001-SPAdes.fasta
  ✓ /home/peerah/contextual/IP-0137-0_S7_L001-SPAdes.fasta
  ✓ /home/peerah/contextual/IP-0103-2_S3_L001-SPAdes.fasta
  ✓ /home/peerah/contextual/ERS012320.fasta
  ✓ /home/peerah/contextual/GCA_963573175.1.fasta
  ✓ /home/peerah/contextual/IP-0159-4_S9_L001-SPAdes.fasta
  ✓ /home/peerah/contextual/ERS013365.fasta
  ✓ /home/peerah/contextual/GCA_900595585.2.fasta
  ✓ /home/peerah/contextual/IP-0130-5_S10_L001-SPAdes.fasta
  ✓ /home/peerah/contextual/ERS008844.fasta
  ✓ /home/peerah/contextual/IP-0157-8_S7_L001-SPAdes.fasta
  ✓ /home/peerah/contextual/ERS008829.fasta
  ✓ /home/peerah/contextual/IP-0086-9_S9_L001-SPAdes.fasta
  ✓ /home/peerah/contextual/IP-0041-4_S1_L001-SPAdes.fasta
  ✓ /home/peerah/contextual/GCA_963561765.1.fasta
  ✓ /home/peerah/contextual/IP-0022-4_S2_L001-SPAdes.fasta
  ✓ /home/peerah/contextual/IP-0186-7_S1-SPAdes.fasta
  ✓ /home/peerah/contextual/IP-0035-6_S5_L001-SPAdes.fasta
  ✓ /home/peerah/contextual/ERS008803.fasta
  ✓ /home/peerah/contextual/IE-0024_S10-SPAdes.fasta
  ✓ /home/peerah/contextual/IP-0106-5_S6_L001-SPAdes.fasta
  ✓ /home/peerah/contextual/GCA_963570025.1.fasta
  ✓ /home/peerah/contextual/IP-0059-6_S4_L001-SPAdes.fasta
  ✓ /home/peerah/contextual/Burkholderia_pseudomallei_619s004_GCF_001212405.2_Malaysia.fasta
  ✓ /home/peerah/contextual/IP-0046-3_S6_L001-SPAdes.fasta
  ✓ /home/peerah/contextual/Burkholderia_pseudomallei_ABCPW_107_GCF_000773235.1_Australia.fasta
  ✓ /home/peerah/contextual/IP-0016-6_S7_L001-SPAdes.fasta
  ✓ /home/peerah/contextual/IP-0200-6_S5-SPAdes.fasta
  ✓ /home/peerah/contextual/GCA_963566625.1.fasta
  ✓ /home/peerah/contextual/IE-0007_S1_L001-SPAdes.fasta
  ✓ /home/peerah/contextual/GCA_963568005.1.fasta
  ✓ /home/peerah/contextual/GCA_963573135.1.fasta
  ✓ /home/peerah/contextual/IP-0047-1_S7_L001-SPAdes.fasta
  ✓ /home/peerah/contextual/GCA_963569785.1.fasta
  ✓ /home/peerah/contextual/IP-0118-0_S9_L001-SPAdes.fasta
  ✓ /home/peerah/contextual/Burkholderia_pseudomallei_49W_S68_GCF_014712965.1_Laos.fasta
  ✓ /home/peerah/contextual/IP-0078-6_S1_L001-SPAdes.fasta
  ✓ /home/peerah/contextual/GCA_963563305.1.fasta
  ✓ /home/peerah/contextual/ERS008790.fasta
  ✓ /home/peerah/contextual/GCA_963569705.1.fasta
  ✓ /home/peerah/contextual/Burkholderia_pseudomallei_4802_GCF_003268115.1_Viet_Nam.fasta
  ✓ /home/peerah/contextual/IP-0042-2_S2_L001-SPAdes.fasta
  ✓ /home/peerah/contextual/ERS012347.fasta
  ✓ /home/peerah/contextual/ERS008830.fasta
  ✓ /home/peerah/contextual/Burkholderia_pseudomallei_284_GCF_025847905.1_Viet_Nam.fasta
  ✓ /home/peerah/contextual/IP-0153-7_S3_L001-SPAdes.fasta
  ✓ /home/peerah/contextual/IP-0154-5_S4_L001-SPAdes.fasta
  ✓ /home/peerah/contextual/IP-0104-0_S4_L001-SPAdes.fasta
  ✓ /home/peerah/contextual/GCA_963561735.1.fasta
  ✓ /home/peerah/contextual/ERS013355.fasta
  ✓ /home/peerah/contextual/IP-0129-7_S9_L001-SPAdes.fasta
  ✓ /home/peerah/contextual/GCA_963563065.1.fasta
  ✓ /home/peerah/contextual/ERS008817.fasta
  ✓ /home/peerah/contextual/ERS008822.fasta
  ✓ /home/peerah/contextual/ERS008795.fasta
  ✓ /home/peerah/contextual/IP-0134-7_S4_L001-SPAdes.fasta
  ✓ /home/peerah/contextual/GCA_900598305.2.fasta
  ✓ /home/peerah/contextual/ERS012362.fasta
  ✓ /home/peerah/contextual/ERS012309.fasta
  ✓ /home/peerah/contextual/IP-0008-3_S8_L001-SPAdes.fasta
  ✓ /home/peerah/contextual/ERS013358.fasta
  ✓ /home/peerah/contextual/IP-0176-8_S1-SPAdes.fasta
  ✓ /home/peerah/contextual/IP-0026-5_S6_L001-SPAdes.fasta
  ✓ /home/peerah/contextual/GCA_963566475.1.fasta
  ✓ /home/peerah/contextual/IP-0139-6_S9_L001-SPAdes.fasta
  ✓ /home/peerah/contextual/GCA_963572615.1.fasta
  ✓ /home/peerah/contextual/IP-0177-6_S2-SPAdes.fasta
  ✓ /home/peerah/contextual/GCA_963566855.1.fasta
  ✓ /home/peerah/contextual/IE-0005_S10_L001-SPAdes.fasta
  ✓ /home/peerah/contextual/GCA_963562235.1.fasta
  ✓ /home/peerah/contextual/ERS012365.fasta
  ✓ /home/peerah/contextual/IP-0119-8_S10_L001-SPAdes.fasta
  ✓ /home/peerah/contextual/IP-0064-6_S9_L001-SPAdes.fasta
  ✓ /home/peerah/contextual/GCA_963566635.1.fasta
  ✓ /home/peerah/contextual/IP-0018-2_S9_L001-SPAdes.fasta
  ✓ /home/peerah/contextual/IP-0143-8_S3_L001-SPAdes.fasta
  ✓ /home/peerah/contextual/IP-0087-7_S10_L001-SPAdes.fasta
  ✓ /home/peerah/contextual/Burkholderia_pseudomallei_619s008_GCF_001326955.2_Malaysia.fasta
  ✓ /home/peerah/contextual/GCA_963561895.1.fasta
  ✓ /home/peerah/contextual/SRR12527885_contigs.fasta
  ✓ /home/peerah/contextual/IP-0120-6_S11_L001-SPAdes.fasta
  ✓ /home/peerah/contextual/IP-0015-8_S6_L001-SPAdes.fasta
  ✓ /home/peerah/contextual/IP-0067-9_S1_L001-SPAdes.fasta
  ✓ /home/peerah/contextual/GCA_963569325.1.fasta
  ✓ /home/peerah/contextual/IP-0062-0_S7_L001-SPAdes.fasta
  ✓ /home/peerah/contextual/Burkholderia_pseudomallei_1701_GCF_003268105.1_Viet_Nam.fasta
  ✓ /home/peerah/contextual/IP-0052-1_S2_L001-SPAdes.fasta
  ✓ /home/peerah/contextual/ERS013343.fasta
  ✓ /home/peerah/contextual/GCA_963566175.1.fasta
  ✓ /home/peerah/contextual/GCA_963561245.1.fasta
  ✓ /home/peerah/contextual/ERS008797.fasta
  ✓ /home/peerah/contextual/IP-0048-9_S8_L001-SPAdes.fasta
  ✓ /home/peerah/contextual/IP-0085-1_S8_L001-SPAdes.fasta
  ✓ /home/peerah/contextual/IP-0003-4_S3_L001-SPAdes.fasta
  ✓ /home/peerah/contextual/GCA_963562615.1.fasta
  ✓ /home/peerah/contextual/IE-0006_S11_L001-SPAdes.fasta
  ✓ /home/peerah/contextual/IP-0082-8_S5_L001-SPAdes.fasta
  ✓ /home/peerah/contextual/IP-0025-7_S5_L001-SPAdes.fasta
  ✓ /home/peerah/contextual/IP-0172-7_S7-SPAdes.fasta
  ✓ /home/peerah/contextual/ERS013354.fasta
  ✓ /home/peerah/contextual/IP-0014-1_S5_L001-SPAdes.fasta
  ✓ /home/peerah/contextual/GCA_963571495.1.fasta
  ✓ /home/peerah/contextual/GCA_963561215.1.fasta
  ✓ /home/peerah/contextual/IE-0011_S5_L001-SPAdes.fasta
  ✓ /home/peerah/contextual/IP-0073-7_S7_L001-SPAdes.fasta
  ✓ /home/peerah/contextual/ERS008794.fasta
  ✓ /home/peerah/contextual/IP-0006-7_S6_L001-SPAdes.fasta
  ✓ /home/peerah/contextual/IP-0034-9_S4_L001-SPAdes.fasta
  ✓ /home/peerah/contextual/ERS008833.fasta
  ✓ /home/peerah/contextual/IP-0178-4_S3-SPAdes.fasta
  ✓ /home/peerah/contextual/GCA_963560585.1.fasta
  ✓ /home/peerah/contextual/GCA_963571745.1.fasta
  ✓ /home/peerah/contextual/Burkholderia_pseudomallei_2011756296_GCF_002110985.1_USA_Puerto_Rico.fasta
  ✓ /home/peerah/contextual/ERS008781.fasta
  ✓ /home/peerah/contextual/GCA_963569795.1.fasta
  ✓ /home/peerah/contextual/ERS013363.fasta
  ✓ /home/peerah/contextual/IP-0179-2_S4-SPAdes.fasta
  ✓ /home/peerah/contextual/ERS012307.fasta
  ✓ /home/peerah/contextual/GCA_963566495.1.fasta
  ✓ /home/peerah/contextual/IP-0133-9_S3_L001-SPAdes.fasta
  ✓ /home/peerah/contextual/IP-0195-8_S10-SPAdes.fasta
  ✓ /home/peerah/contextual/ERS013348.fasta
  ✓ /home/peerah/contextual/Burkholderia_pseudomallei_52W_S71_GCF_014712835.1_Laos.fasta
  ✓ /home/peerah/contextual/Burkholderia_pseudomallei_4702_GCF_009827035.1_Viet_Nam.fasta
  ✓ /home/peerah/contextual/ERS012306.fasta
  ✓ /home/peerah/contextual/IP-0063-8_S8_L001-SPAdes.fasta
  ✓ /home/peerah/contextual/GCA_963561835.1.fasta
  ✓ /home/peerah/contextual/IP-0044-8_S4_L001-SPAdes.fasta
  ✓ /home/peerah/contextual/IP-0094-3_S6_L001-SPAdes.fasta
  ✓ /home/peerah/contextual/Burkholderia_pseudomallei_43W_S62_GCF_014713065.1_Laos.fasta
  ✓ /home/peerah/contextual/GCA_963569645.1.fasta
  ✓ /home/peerah/contextual/IP-0080-2_S3_L001-SPAdes.fasta
  ✓ /home/peerah/contextual/IP-0192-5_S7-SPAdes.fasta
  ✓ /home/peerah/contextual/GCA_963566675.1.fasta
  ✓ /home/peerah/contextual/IE-0018_S12_L001-SPAdes.fasta
  ✓ /home/peerah/contextual/ERS012330.fasta
  ✓ /home/peerah/contextual/IP-0097-6_S9_L001-SPAdes.fasta
  ✓ /home/peerah/contextual/IP-0093-5_S5_L001-SPAdes.fasta
  ✓ /home/peerah/contextual/Burkholderia_pseudomallei_58W_S73_GCF_014712875.1_Laos.fasta
  ✓ /home/peerah/contextual/GCA_963573025.1.fasta
  ✓ /home/peerah/contextual/IP-0136-2_S6_L001-SPAdes.fasta
  ✓ /home/peerah/contextual/IP-0145-3_S5_L001-SPAdes.fasta
  ✓ /home/peerah/contextual/IP-0079-4_S2_L001-SPAdes.fasta
  ✓ /home/peerah/contextual/IP-0140-4_S10_L001-SPAdes.fasta
  ✓ /home/peerah/contextual/ERS008804.fasta
  ✓ /home/peerah/contextual/IP-0027-3_S7_L001-SPAdes.fasta
  ✓ /home/peerah/contextual/Burkholderia_pseudomallei_28P_GCF_025847415.1_Viet_Nam.fasta
  ✓ /home/peerah/contextual/GCA_963561435.1.fasta
  ✓ /home/peerah/contextual/IE-0012_S6_L001-SPAdes.fasta
  ✓ /home/peerah/contextual/ERS012313.fasta
  ✓ /home/peerah/contextual/GCA_963565345.1.fasta
  ✓ /home/peerah/contextual/GCA_963561915.1.fasta
  ✓ /home/peerah/contextual/GCA_900596305.2.fasta
  ✓ /home/peerah/contextual/IP-0029-9_S9_L001-SPAdes.fasta
  ✓ /home/peerah/contextual/GCA_963571475.1.fasta
  ✓ /home/peerah/contextual/IP-0032-3_S2_L001-SPAdes.fasta
  ✓ /home/peerah/contextual/Burkholderia_pseudomallei_8400_GCF_025847635.1_Viet_Nam.fasta
  ✓ /home/peerah/contextual/ERS012358.fasta
  ✓ /home/peerah/contextual/IE-0014_S8_L001-SPAdes.fasta
  ✓ /home/peerah/contextual/IP-0181-8_S6-SPAdes.fasta
  ✓ /home/peerah/contextual/IP-0166-9_S1-SPAdes.fasta
  ✓ /home/peerah/contextual/IE-0009_S3_L001-SPAdes.fasta
  ✓ /home/peerah/contextual/IP-0075-2_S9_L001-SPAdes.fasta
  ✓ /home/peerah/contextual/Burkholderia_pseudomallei_316a_GCF_001980725.1_Thailand.fasta
  ✓ /home/peerah/contextual/ERS012327.fasta
  ✓ /home/peerah/contextual/IE-0019_S5-SPAdes.fasta
  ✓ /home/peerah/contextual/Burkholderia_pseudomallei_2010007509_GCF_002111145.1_USA_Arizona_ex_Costa_Rica.fasta
  ✓ /home/peerah/contextual/IP-0149-5_S9_L001-SPAdes.fasta


Jun-23 16:21:13.501 [Actor Thread 53] INFO  nextflow.script.BaseScript - ==================================================

Jun-23 16:21:13.506 [TaskFinalizer-1] DEBUG nextflow.util.ThreadPoolBuilder - Creating thread pool 'PublishDir' minSize=10; maxSize=192; workQueue=LinkedBlockingQueue[-1]; allowCoreThreadTimeout=false
Jun-23 16:21:13.533 [Task submitter] DEBUG n.executor.local.LocalTaskHandler - Launch cmd line: /bin/bash -ue .command.run
Jun-23 16:21:13.534 [Task submitter] INFO  nextflow.Session - [e5/6ffbd5] Submitted process > MASH_SKETCH (mash_sketch)
Jun-23 16:21:14.115 [Task monitor] DEBUG n.processor.TaskPollingMonitor - Task completed > TaskHandler[id: 2; name: MASH_SKETCH (mash_sketch); status: COMPLETED; exit: 1; error: -; workDir: /home/peerah/localpoppunk/work/e5/6ffbd5c37c2b76d928b9bca40603ce]
Jun-23 16:21:14.121 [TaskFinalizer-2] DEBUG nextflow.processor.TaskProcessor - Handling unexpected condition for
  task: name=MASH_SKETCH (mash_sketch); work-dir=/home/peerah/localpoppunk/work/e5/6ffbd5c37c2b76d928b9bca40603ce
  error [nextflow.exception.ProcessFailedException]: Process `MASH_SKETCH (mash_sketch)` terminated with an error exit status (1)
Jun-23 16:21:14.142 [TaskFinalizer-2] ERROR nextflow.processor.TaskProcessor - Error executing process > 'MASH_SKETCH (mash_sketch)'

Caused by:
  Process `MASH_SKETCH (mash_sketch)` terminated with an error exit status (1)


Command executed:

  # Use the validated files list (now contains absolute paths)
  cp valid_files.list all_files.list
  
  # Check if we have any files to process
  if [ ! -s all_files.list ]; then
      echo "ERROR: No valid FASTA files found for sketching"
      exit 1
  fi
  
  echo "Sketching $(wc -l < all_files.list) valid FASTA files..."
  echo "First few files to be processed:"
  head -5 all_files.list
  
  # Verify files exist before sketching
  echo "Verifying file accessibility..."
  while read -r file_path; do
      if [ ! -f "$file_path" ]; then
          echo "ERROR: File not found: $file_path"
          exit 1
      fi
  done < all_files.list
  
  echo "All files verified. Starting MASH sketching..."
  
  mash sketch -p 48 -k 21 -s 1000 \
      -o mash.msh -l all_files.list
  
  echo "MASH sketching completed successfully!"

Command exit status:
  1

Command output:
  Sketching 450 valid FASTA files...
  First few files to be processed:
  /home/peerah/contextual/IP-0050-5_S10_L001-SPAdes.fasta
  /home/peerah/contextual/IP-0100-8_S1_L001-SPAdes.fasta
  /home/peerah/contextual/Burkholderia_pseudomallei_44W_S64_GCF_014713025.1_Laos.fasta
  /home/peerah/contextual/IP-0201-4_S6-SPAdes.fasta
  /home/peerah/contextual/GCA_963565015.1.fasta
  Verifying file accessibility...
  ERROR: File not found: /home/peerah/contextual/IP-0050-5_S10_L001-SPAdes.fasta

Command error:
  Sketching 450 valid FASTA files...
  First few files to be processed:
  /home/peerah/contextual/IP-0050-5_S10_L001-SPAdes.fasta
  /home/peerah/contextual/IP-0100-8_S1_L001-SPAdes.fasta
  /home/peerah/contextual/Burkholderia_pseudomallei_44W_S64_GCF_014713025.1_Laos.fasta
  /home/peerah/contextual/IP-0201-4_S6-SPAdes.fasta
  /home/peerah/contextual/GCA_963565015.1.fasta
  Verifying file accessibility...
  ERROR: File not found: /home/peerah/contextual/IP-0050-5_S10_L001-SPAdes.fasta

Work dir:
  /home/peerah/localpoppunk/work/e5/6ffbd5c37c2b76d928b9bca40603ce

Container:
  quay.io/biocontainers/mash:2.3--hb105d93_9

Tip: when you have fixed the problem you can continue the execution adding the option `-resume` to the run command line
Jun-23 16:21:14.147 [TaskFinalizer-2] INFO  nextflow.Session - Execution cancelled -- Finishing pending tasks before exit
Jun-23 16:21:14.153 [main] DEBUG nextflow.Session - Session await > all processes finished
Jun-23 16:21:14.157 [Task monitor] DEBUG n.processor.TaskPollingMonitor - <<< barrier arrives (monitor: local) - terminating tasks monitor poll loop
Jun-23 16:21:14.157 [main] DEBUG nextflow.Session - Session await > all barriers passed
Jun-23 16:21:14.159 [main] DEBUG nextflow.util.ThreadPoolManager - Thread pool 'TaskFinalizer' shutdown completed (hard=false)
Jun-23 16:21:14.160 [main] DEBUG nextflow.util.ThreadPoolManager - Thread pool 'PublishDir' shutdown completed (hard=false)
Jun-23 16:21:14.167 [main] DEBUG n.trace.WorkflowStatsObserver - Workflow completed > WorkflowStats[succeededCount=1; failedCount=1; ignoredCount=0; cachedCount=0; pendingCount=0; submittedCount=0; runningCount=0; retriesCount=0; abortedCount=0; succeedDuration=3m 24s; failedDuration=26s; cachedDuration=0ms;loadCpus=0; loadMemory=0; peakRunning=1; peakCpus=48; peakMemory=200 GB; ]
Jun-23 16:21:14.167 [main] DEBUG nextflow.trace.ReportObserver - Workflow completed -- rendering execution report
Jun-23 16:21:14.814 [main] DEBUG nextflow.trace.TimelineObserver - Workflow completed -- rendering execution timeline
Jun-23 16:21:14.978 [main] DEBUG nextflow.cache.CacheDB - Closing CacheDB done
Jun-23 16:21:14.989 [main] DEBUG nextflow.util.ThreadPoolManager - Thread pool 'FileTransfer' shutdown completed (hard=false)
Jun-23 16:21:14.990 [main] DEBUG nextflow.script.ScriptRunner - > Execution complete -- Goodbye
