Assigning 450 genomes to PopPUNK clusters...
Total valid files from input: 450
First few files to be assigned:
IP-0050-5_S10_L001-SPAdes	IP-0050-5_S10_L001-SPAdes.fasta
IP-0100-8_S1_L001-SPAdes	IP-0100-8_S1_L001-SPAdes.fasta
Burkholderia_pseudomallei_44W_S64_GCF_014713025.1_Laos	Burkholderia_pseudomallei_44W_S64_GCF_014713025.1_Laos.fasta
IP-0201-4_S6-SPAdes	IP-0201-4_S6-SPAdes.fasta
GCA_963565015.1	GCA_963565015.1.fasta
Last few files to be assigned:
Burkholderia_pseudomallei_316a_GCF_001980725.1_Thailand	Burkholderia_pseudomallei_316a_GCF_001980725.1_Thailand.fasta
ERS012327	ERS012327.fasta
IE-0019_S5-SPAdes	IE-0019_S5-SPAdes.fasta
Burkholderia_pseudomallei_2010007509_GCF_002111145.1_USA_Arizona_ex_Costa_Rica	Burkholderia_pseudomallei_2010007509_GCF_002111145.1_USA_Arizona_ex_Costa_Rica.fasta
IP-0149-5_S9_L001-SPAdes	IP-0149-5_S9_L001-SPAdes.fasta
Verifying staged files exist...
All files verified. Starting PopPUNK assignment...
usage: poppunk [-h]
               (--create-db | --qc-db | --fit-model {bgmm,dbscan,refine,lineage,threshold} | --use-model)
               [--ref-db REF_DB] [--r-files R_FILES] [--distances DISTANCES]
               [--external-clustering EXTERNAL_CLUSTERING] [--output OUTPUT]
               [--plot-fit PLOT_FIT] [--overwrite] [--graph-weights]
               [--min-k MIN_K] [--max-k MAX_K] [--k-step K_STEP]
               [--sketch-size SKETCH_SIZE] [--codon-phased]
               [--min-kmer-count MIN_KMER_COUNT] [--exact-count]
               [--strand-preserved] [--qc-keep]
               [--remove-samples REMOVE_SAMPLES] [--retain-failures]
               [--max-a-dist MAX_A_DIST] [--max-pi-dist MAX_PI_DIST]
               [--max-zero-dist MAX_ZERO_DIST] [--type-isolate TYPE_ISOLATE]
               [--length-sigma LENGTH_SIGMA]
               [--length-range LENGTH_RANGE LENGTH_RANGE] [--prop-n PROP_N]
               [--upper-n UPPER_N] [--model-subsample MODEL_SUBSAMPLE]
               [--assign-subsample ASSIGN_SUBSAMPLE] [--for-refine] [--K K]
               [--D D] [--min-cluster-prop MIN_CLUSTER_PROP]
               [--threshold THRESHOLD] [--pos-shift POS_SHIFT]
               [--neg-shift NEG_SHIFT] [--manual-start MANUAL_START]
               [--model-dir MODEL_DIR] [--score-idx {0,1,2}]
               [--summary-sample SUMMARY_SAMPLE]
               [--betweenness-sample BETWEENNESS_SAMPLE]
               [--unconstrained | --multi-boundary MULTI_BOUNDARY | --indiv-refine {both,core,accessory}]
               [--ranks RANKS] [--count-unique-distances] [--reciprocal-only]
               [--max-search-depth MAX_SEARCH_DEPTH]
               [--write-lineage-networks] [--use-accessory]
               [--threads THREADS] [--gpu-sketch] [--gpu-dist] [--gpu-model]
               [--gpu-graph] [--deviceid DEVICEID] [--no-plot] [--no-local]
               [--version] [--citation]
poppunk: error: unrecognized arguments: --stable
