Building PopPUNK database with 135 genomes...
Mapped: ERS013345 -> ERS013345.fasta
Mapped: Burkholderia_pseudomallei_7801_GCF_025848015.1_Viet_Nam -> Burkholderia_pseudomallei_7801_GCF_025848015.1_Viet_Nam.fasta
Mapped: GCA_963568705.1 -> GCA_963568705.1.fasta
Mapped: IE-0013_S7_L001-SPAdes -> IE-0013_S7_L001-SPAdes.fasta
Mapped: GCA_963560735.1 -> GCA_963560735.1.fasta
Mapped: Burkholderia_pseudomallei_576_GCF_000182195.1_Thailand -> Burkholderia_pseudomallei_576_GCF_000182195.1_Thailand.fasta
Mapped: IP-0138-8_S8_L001-SPAdes -> IP-0138-8_S8_L001-SPAdes.fasta
Mapped: ERS008819 -> ERS008819.fasta
Mapped: GCA_900598305.2 -> GCA_900598305.2.fasta
Mapped: IP-0035-6_S5_L001-SPAdes -> IP-0035-6_S5_L001-SPAdes.fasta
Mapped: IP-0127-1_S7_L001-SPAdes -> IP-0127-1_S7_L001-SPAdes.fasta
Mapped: IP-0015-8_S6_L001-SPAdes -> IP-0015-8_S6_L001-SPAdes.fasta
Mapped: IP-0032-3_S2_L001-SPAdes -> IP-0032-3_S2_L001-SPAdes.fasta
Mapped: IP-0129-7_S9_L001-SPAdes -> IP-0129-7_S9_L001-SPAdes.fasta
Mapped: IP-0038-0_S8_L001-SPAdes -> IP-0038-0_S8_L001-SPAdes.fasta
Mapped: GCA_963566635.1 -> GCA_963566635.1.fasta
Mapped: IP-0067-9_S1_L001-SPAdes -> IP-0067-9_S1_L001-SPAdes.fasta
Mapped: IP-0190-9_S5-SPAdes -> IP-0190-9_S5-SPAdes.fasta
Mapped: Burkholderia_pseudomallei_354a_GCF_000259815.1_Thailand -> Burkholderia_pseudomallei_354a_GCF_000259815.1_Thailand.fasta
Mapped: ERS012309 -> ERS012309.fasta
Mapped: ERS012347 -> ERS012347.fasta
Mapped: ERS008795 -> ERS008795.fasta
Mapped: ERS012356 -> ERS012356.fasta
Mapped: ERS013348 -> ERS013348.fasta
Mapped: IE-0003_S8_L001-SPAdes -> IE-0003_S8_L001-SPAdes.fasta
Mapped: GCA_963569785.1 -> GCA_963569785.1.fasta
Mapped: ERS013353 -> ERS013353.fasta
Mapped: GCA_963570975.1 -> GCA_963570975.1.fasta
Mapped: IP-0047-1_S7_L001-SPAdes -> IP-0047-1_S7_L001-SPAdes.fasta
Mapped: GCA_963572995.1 -> GCA_963572995.1.fasta
Mapped: ERS012327 -> ERS012327.fasta
Mapped: GCA_963563475.1 -> GCA_963563475.1.fasta
Mapped: IP-0039-8_S9_L001-SPAdes -> IP-0039-8_S9_L001-SPAdes.fasta
Mapped: GCA_963562695.1 -> GCA_963562695.1.fasta
Mapped: IP-0125-5_S5_L001-SPAdes -> IP-0125-5_S5_L001-SPAdes.fasta
Mapped: GCA_963561975.1 -> GCA_963561975.1.fasta
Mapped: IP-0004-2_S4_L001-SPAdes -> IP-0004-2_S4_L001-SPAdes.fasta
Mapped: IP-0170-1_S5-SPAdes -> IP-0170-1_S5-SPAdes.fasta
Mapped: GCA_963573095.1 -> GCA_963573095.1.fasta
Mapped: IP-0051-3_S1_L001-SPAdes -> IP-0051-3_S1_L001-SPAdes.fasta
Mapped: GCA_963569645.1 -> GCA_963569645.1.fasta
Mapped: ERS012312 -> ERS012312.fasta
Mapped: GCA_963566855.1 -> GCA_963566855.1.fasta
Mapped: IP-0118-0_S9_L001-SPAdes -> IP-0118-0_S9_L001-SPAdes.fasta
Mapped: GCA_963571475.1 -> GCA_963571475.1.fasta
Mapped: Burkholderia_pseudomallei_50W_S69_GCF_014712935.1_Laos -> Burkholderia_pseudomallei_50W_S69_GCF_014712935.1_Laos.fasta
Mapped: GCA_963571365.1 -> GCA_963571365.1.fasta
Mapped: ERS008804 -> ERS008804.fasta
Mapped: ERS008833 -> ERS008833.fasta
Mapped: IP-0161-0_S11_L001-SPAdes -> IP-0161-0_S11_L001-SPAdes.fasta
Mapped: ERS012338 -> ERS012338.fasta
Mapped: IE-0017_S11_L001-SPAdes -> IE-0017_S11_L001-SPAdes.fasta
Mapped: GCA_963563065.1 -> GCA_963563065.1.fasta
Mapped: IP-0186-7_S1-SPAdes -> IP-0186-7_S1-SPAdes.fasta
Mapped: IP-0184-2_S9-SPAdes -> IP-0184-2_S9-SPAdes.fasta
Mapped: Burkholderia_pseudomallei_64W_S75_GCF_014712815.1_Laos -> Burkholderia_pseudomallei_64W_S75_GCF_014712815.1_Laos.fasta
Mapped: IP-0063-8_S8_L001-SPAdes -> IP-0063-8_S8_L001-SPAdes.fasta
Mapped: IP-0169-3_S4-SPAdes -> IP-0169-3_S4-SPAdes.fasta
Mapped: ERS008837 -> ERS008837.fasta
Mapped: IP-0135-4_S5_L001-SPAdes -> IP-0135-4_S5_L001-SPAdes.fasta
Mapped: GCA_963561855.1 -> GCA_963561855.1.fasta
Mapped: IP-0043-0_S3_L001-SPAdes -> IP-0043-0_S3_L001-SPAdes.fasta
Mapped: IP-0176-8_S1-SPAdes -> IP-0176-8_S1-SPAdes.fasta
Mapped: ERS012351 -> ERS012351.fasta
Mapped: IE-0012_S6_L001-SPAdes -> IE-0012_S6_L001-SPAdes.fasta
Mapped: GCA_963562795.1 -> GCA_963562795.1.fasta
Mapped: IP-0071-1_S5_L001-SPAdes -> IP-0071-1_S5_L001-SPAdes.fasta
Mapped: IP-0072-9_S6_L001-SPAdes -> IP-0072-9_S6_L001-SPAdes.fasta
Mapped: GCA_963561915.1 -> GCA_963561915.1.fasta
Mapped: ERS012306 -> ERS012306.fasta
Mapped: ERS008803 -> ERS008803.fasta
Mapped: ERS012377 -> ERS012377.fasta
Mapped: Burkholderia_pseudomallei_402a_GCF_001980775.1_Thailand -> Burkholderia_pseudomallei_402a_GCF_001980775.1_Thailand.fasta
Mapped: GCA_963565085.1 -> GCA_963565085.1.fasta
Mapped: Burkholderia_pseudomallei_406e_GCF_000410895.1_Thailand -> Burkholderia_pseudomallei_406e_GCF_000410895.1_Thailand.fasta
Mapped: GCA_963565395.1 -> GCA_963565395.1.fasta
Mapped: IP-0152-9_S2_L001-SPAdes -> IP-0152-9_S2_L001-SPAdes.fasta
Mapped: IP-0102-4_S2_L001-SPAdes -> IP-0102-4_S2_L001-SPAdes.fasta
Mapped: IP-0180-0_S5-SPAdes -> IP-0180-0_S5-SPAdes.fasta
Mapped: ERS012365 -> ERS012365.fasta
Mapped: IP-0202-2_S7-SPAdes -> IP-0202-2_S7-SPAdes.fasta
Mapped: IP-0079-4_S2_L001-SPAdes -> IP-0079-4_S2_L001-SPAdes.fasta
Mapped: IP-0087-7_S10_L001-SPAdes -> IP-0087-7_S10_L001-SPAdes.fasta
Mapped: IP-0045-5_S5_L001-SPAdes -> IP-0045-5_S5_L001-SPAdes.fasta
Mapped: IP-0177-6_S2-SPAdes -> IP-0177-6_S2-SPAdes.fasta
Mapped: IP-0199-0_S4-SPAdes -> IP-0199-0_S4-SPAdes.fasta
Mapped: IP-0179-2_S4-SPAdes -> IP-0179-2_S4-SPAdes.fasta
Mapped: GCA_963566495.1 -> GCA_963566495.1.fasta
Mapped: SRR12527885_contigs -> SRR12527885_contigs.fasta
Mapped: IP-0150-3_S10_L001-SPAdes -> IP-0150-3_S10_L001-SPAdes.fasta
Mapped: IP-0155-2_S5_L001-SPAdes -> IP-0155-2_S5_L001-SPAdes.fasta
Mapped: ERS012370 -> ERS012370.fasta
Mapped: ERS012328 -> ERS012328.fasta
Mapped: GCA_963561075.1 -> GCA_963561075.1.fasta
Mapped: ERS008829 -> ERS008829.fasta
Mapped: IP-0128-9_S8_L001-SPAdes -> IP-0128-9_S8_L001-SPAdes.fasta
Mapped: ERS008836 -> ERS008836.fasta
Mapped: ERS008797 -> ERS008797.fasta
Mapped: Burkholderia_pseudomallei_45S_S65_GCF_014713015.1_Laos -> Burkholderia_pseudomallei_45S_S65_GCF_014713015.1_Laos.fasta
Mapped: IP-0188-3_S3-SPAdes -> IP-0188-3_S3-SPAdes.fasta
Mapped: IP-0080-2_S3_L001-SPAdes -> IP-0080-2_S3_L001-SPAdes.fasta
Mapped: ERS012354 -> ERS012354.fasta
Mapped: Burkholderia_pseudomallei_2011756296_GCF_002110985.1_USA_Puerto_Rico -> Burkholderia_pseudomallei_2011756296_GCF_002110985.1_USA_Puerto_Rico.fasta
Mapped: Burkholderia_pseudomallei_43S_S63_GCF_014713085.1_Laos -> Burkholderia_pseudomallei_43S_S63_GCF_014713085.1_Laos.fasta
Mapped: IP-0119-8_S10_L001-SPAdes -> IP-0119-8_S10_L001-SPAdes.fasta
Mapped: ERS013354 -> ERS013354.fasta
Mapped: IP-0104-0_S4_L001-SPAdes -> IP-0104-0_S4_L001-SPAdes.fasta
Mapped: GCA_963566475.1 -> GCA_963566475.1.fasta
Mapped: GCA_963571975.1 -> GCA_963571975.1.fasta
Mapped: GCA_963567935.1 -> GCA_963567935.1.fasta
Mapped: Burkholderia_pseudomallei_4811_GCF_003268075.1_Viet_Nam -> Burkholderia_pseudomallei_4811_GCF_003268075.1_Viet_Nam.fasta
Mapped: GCA_963572755.1 -> GCA_963572755.1.fasta
Mapped: IP-0052-1_S2_L001-SPAdes -> IP-0052-1_S2_L001-SPAdes.fasta
Mapped: GCA_963573225.1 -> GCA_963573225.1.fasta
Mapped: GCA_963571005.1 -> GCA_963571005.1.fasta
Mapped: IP-0073-7_S7_L001-SPAdes -> IP-0073-7_S7_L001-SPAdes.fasta
Mapped: IP-0086-9_S9_L001-SPAdes -> IP-0086-9_S9_L001-SPAdes.fasta
Mapped: GCA_963569795.1 -> GCA_963569795.1.fasta
Mapped: IP-0193-3_S8-SPAdes -> IP-0193-3_S8-SPAdes.fasta
Mapped: GCA_963569325.1 -> GCA_963569325.1.fasta
Mapped: IP-0142-0_S2_L001-SPAdes -> IP-0142-0_S2_L001-SPAdes.fasta
Mapped: Burkholderia_pseudomallei_577ci_GCF_001980815.1_Thailand -> Burkholderia_pseudomallei_577ci_GCF_001980815.1_Thailand.fasta
Mapped: IP-0057-0_S2_L001-SPAdes -> IP-0057-0_S2_L001-SPAdes.fasta
Mapped: Burkholderia_pseudomallei_2010007509_GCF_002111145.1_USA_Arizona_ex_Costa_Rica -> Burkholderia_pseudomallei_2010007509_GCF_002111145.1_USA_Arizona_ex_Costa_Rica.fasta
Mapped: IP-0187-5_S2-SPAdes -> IP-0187-5_S2-SPAdes.fasta
Mapped: IP-0167-7_S2-SPAdes -> IP-0167-7_S2-SPAdes.fasta
Mapped: GCA_963564785.1 -> GCA_963564785.1.fasta
Mapped: IP-0174-3_S9-SPAdes -> IP-0174-3_S9-SPAdes.fasta
Mapped: IP-0025-7_S5_L001-SPAdes -> IP-0025-7_S5_L001-SPAdes.fasta
Mapped: Burkholderia_pseudomallei_46W_S66_GCF_014712945.1_Laos -> Burkholderia_pseudomallei_46W_S66_GCF_014712945.1_Laos.fasta
Mapped: ERS012313 -> ERS012313.fasta
Mapped: IP-0141-2_S1_L001-SPAdes -> IP-0141-2_S1_L001-SPAdes.fasta
Mapped: ERS008820 -> ERS008820.fasta
Mapped: GCA_963566175.1 -> GCA_963566175.1.fasta
Mapped: IP-0001-8_S1_L001-SPAdes -> IP-0001-8_S1_L001-SPAdes.fasta
Created staged files list:
ERS013345	ERS013345.fasta
Burkholderia_pseudomallei_7801_GCF_025848015.1_Viet_Nam	Burkholderia_pseudomallei_7801_GCF_025848015.1_Viet_Nam.fasta
GCA_963568705.1	GCA_963568705.1.fasta
IE-0013_S7_L001-SPAdes	IE-0013_S7_L001-SPAdes.fasta
GCA_963560735.1	GCA_963560735.1.fasta
Burkholderia_pseudomallei_576_GCF_000182195.1_Thailand	Burkholderia_pseudomallei_576_GCF_000182195.1_Thailand.fasta
IP-0138-8_S8_L001-SPAdes	IP-0138-8_S8_L001-SPAdes.fasta
ERS008819	ERS008819.fasta
GCA_900598305.2	GCA_900598305.2.fasta
IP-0035-6_S5_L001-SPAdes	IP-0035-6_S5_L001-SPAdes.fasta
IP-0127-1_S7_L001-SPAdes	IP-0127-1_S7_L001-SPAdes.fasta
IP-0015-8_S6_L001-SPAdes	IP-0015-8_S6_L001-SPAdes.fasta
IP-0032-3_S2_L001-SPAdes	IP-0032-3_S2_L001-SPAdes.fasta
IP-0129-7_S9_L001-SPAdes	IP-0129-7_S9_L001-SPAdes.fasta
IP-0038-0_S8_L001-SPAdes	IP-0038-0_S8_L001-SPAdes.fasta
GCA_963566635.1	GCA_963566635.1.fasta
IP-0067-9_S1_L001-SPAdes	IP-0067-9_S1_L001-SPAdes.fasta
IP-0190-9_S5-SPAdes	IP-0190-9_S5-SPAdes.fasta
Burkholderia_pseudomallei_354a_GCF_000259815.1_Thailand	Burkholderia_pseudomallei_354a_GCF_000259815.1_Thailand.fasta
ERS012309	ERS012309.fasta
ERS012347	ERS012347.fasta
ERS008795	ERS008795.fasta
ERS012356	ERS012356.fasta
ERS013348	ERS013348.fasta
IE-0003_S8_L001-SPAdes	IE-0003_S8_L001-SPAdes.fasta
GCA_963569785.1	GCA_963569785.1.fasta
ERS013353	ERS013353.fasta
GCA_963570975.1	GCA_963570975.1.fasta
IP-0047-1_S7_L001-SPAdes	IP-0047-1_S7_L001-SPAdes.fasta
GCA_963572995.1	GCA_963572995.1.fasta
ERS012327	ERS012327.fasta
GCA_963563475.1	GCA_963563475.1.fasta
IP-0039-8_S9_L001-SPAdes	IP-0039-8_S9_L001-SPAdes.fasta
GCA_963562695.1	GCA_963562695.1.fasta
IP-0125-5_S5_L001-SPAdes	IP-0125-5_S5_L001-SPAdes.fasta
GCA_963561975.1	GCA_963561975.1.fasta
IP-0004-2_S4_L001-SPAdes	IP-0004-2_S4_L001-SPAdes.fasta
IP-0170-1_S5-SPAdes	IP-0170-1_S5-SPAdes.fasta
GCA_963573095.1	GCA_963573095.1.fasta
IP-0051-3_S1_L001-SPAdes	IP-0051-3_S1_L001-SPAdes.fasta
GCA_963569645.1	GCA_963569645.1.fasta
ERS012312	ERS012312.fasta
GCA_963566855.1	GCA_963566855.1.fasta
IP-0118-0_S9_L001-SPAdes	IP-0118-0_S9_L001-SPAdes.fasta
GCA_963571475.1	GCA_963571475.1.fasta
Burkholderia_pseudomallei_50W_S69_GCF_014712935.1_Laos	Burkholderia_pseudomallei_50W_S69_GCF_014712935.1_Laos.fasta
GCA_963571365.1	GCA_963571365.1.fasta
ERS008804	ERS008804.fasta
ERS008833	ERS008833.fasta
IP-0161-0_S11_L001-SPAdes	IP-0161-0_S11_L001-SPAdes.fasta
ERS012338	ERS012338.fasta
IE-0017_S11_L001-SPAdes	IE-0017_S11_L001-SPAdes.fasta
GCA_963563065.1	GCA_963563065.1.fasta
IP-0186-7_S1-SPAdes	IP-0186-7_S1-SPAdes.fasta
IP-0184-2_S9-SPAdes	IP-0184-2_S9-SPAdes.fasta
Burkholderia_pseudomallei_64W_S75_GCF_014712815.1_Laos	Burkholderia_pseudomallei_64W_S75_GCF_014712815.1_Laos.fasta
IP-0063-8_S8_L001-SPAdes	IP-0063-8_S8_L001-SPAdes.fasta
IP-0169-3_S4-SPAdes	IP-0169-3_S4-SPAdes.fasta
ERS008837	ERS008837.fasta
IP-0135-4_S5_L001-SPAdes	IP-0135-4_S5_L001-SPAdes.fasta
GCA_963561855.1	GCA_963561855.1.fasta
IP-0043-0_S3_L001-SPAdes	IP-0043-0_S3_L001-SPAdes.fasta
IP-0176-8_S1-SPAdes	IP-0176-8_S1-SPAdes.fasta
ERS012351	ERS012351.fasta
IE-0012_S6_L001-SPAdes	IE-0012_S6_L001-SPAdes.fasta
GCA_963562795.1	GCA_963562795.1.fasta
IP-0071-1_S5_L001-SPAdes	IP-0071-1_S5_L001-SPAdes.fasta
IP-0072-9_S6_L001-SPAdes	IP-0072-9_S6_L001-SPAdes.fasta
GCA_963561915.1	GCA_963561915.1.fasta
ERS012306	ERS012306.fasta
ERS008803	ERS008803.fasta
ERS012377	ERS012377.fasta
Burkholderia_pseudomallei_402a_GCF_001980775.1_Thailand	Burkholderia_pseudomallei_402a_GCF_001980775.1_Thailand.fasta
GCA_963565085.1	GCA_963565085.1.fasta
Burkholderia_pseudomallei_406e_GCF_000410895.1_Thailand	Burkholderia_pseudomallei_406e_GCF_000410895.1_Thailand.fasta
GCA_963565395.1	GCA_963565395.1.fasta
IP-0152-9_S2_L001-SPAdes	IP-0152-9_S2_L001-SPAdes.fasta
IP-0102-4_S2_L001-SPAdes	IP-0102-4_S2_L001-SPAdes.fasta
IP-0180-0_S5-SPAdes	IP-0180-0_S5-SPAdes.fasta
ERS012365	ERS012365.fasta
IP-0202-2_S7-SPAdes	IP-0202-2_S7-SPAdes.fasta
IP-0079-4_S2_L001-SPAdes	IP-0079-4_S2_L001-SPAdes.fasta
IP-0087-7_S10_L001-SPAdes	IP-0087-7_S10_L001-SPAdes.fasta
IP-0045-5_S5_L001-SPAdes	IP-0045-5_S5_L001-SPAdes.fasta
IP-0177-6_S2-SPAdes	IP-0177-6_S2-SPAdes.fasta
IP-0199-0_S4-SPAdes	IP-0199-0_S4-SPAdes.fasta
IP-0179-2_S4-SPAdes	IP-0179-2_S4-SPAdes.fasta
GCA_963566495.1	GCA_963566495.1.fasta
SRR12527885_contigs	SRR12527885_contigs.fasta
IP-0150-3_S10_L001-SPAdes	IP-0150-3_S10_L001-SPAdes.fasta
IP-0155-2_S5_L001-SPAdes	IP-0155-2_S5_L001-SPAdes.fasta
ERS012370	ERS012370.fasta
ERS012328	ERS012328.fasta
GCA_963561075.1	GCA_963561075.1.fasta
ERS008829	ERS008829.fasta
IP-0128-9_S8_L001-SPAdes	IP-0128-9_S8_L001-SPAdes.fasta
ERS008836	ERS008836.fasta
ERS008797	ERS008797.fasta
Burkholderia_pseudomallei_45S_S65_GCF_014713015.1_Laos	Burkholderia_pseudomallei_45S_S65_GCF_014713015.1_Laos.fasta
IP-0188-3_S3-SPAdes	IP-0188-3_S3-SPAdes.fasta
IP-0080-2_S3_L001-SPAdes	IP-0080-2_S3_L001-SPAdes.fasta
ERS012354	ERS012354.fasta
Burkholderia_pseudomallei_2011756296_GCF_002110985.1_USA_Puerto_Rico	Burkholderia_pseudomallei_2011756296_GCF_002110985.1_USA_Puerto_Rico.fasta
Burkholderia_pseudomallei_43S_S63_GCF_014713085.1_Laos	Burkholderia_pseudomallei_43S_S63_GCF_014713085.1_Laos.fasta
IP-0119-8_S10_L001-SPAdes	IP-0119-8_S10_L001-SPAdes.fasta
ERS013354	ERS013354.fasta
IP-0104-0_S4_L001-SPAdes	IP-0104-0_S4_L001-SPAdes.fasta
GCA_963566475.1	GCA_963566475.1.fasta
GCA_963571975.1	GCA_963571975.1.fasta
GCA_963567935.1	GCA_963567935.1.fasta
Burkholderia_pseudomallei_4811_GCF_003268075.1_Viet_Nam	Burkholderia_pseudomallei_4811_GCF_003268075.1_Viet_Nam.fasta
GCA_963572755.1	GCA_963572755.1.fasta
IP-0052-1_S2_L001-SPAdes	IP-0052-1_S2_L001-SPAdes.fasta
GCA_963573225.1	GCA_963573225.1.fasta
GCA_963571005.1	GCA_963571005.1.fasta
IP-0073-7_S7_L001-SPAdes	IP-0073-7_S7_L001-SPAdes.fasta
IP-0086-9_S9_L001-SPAdes	IP-0086-9_S9_L001-SPAdes.fasta
GCA_963569795.1	GCA_963569795.1.fasta
IP-0193-3_S8-SPAdes	IP-0193-3_S8-SPAdes.fasta
GCA_963569325.1	GCA_963569325.1.fasta
IP-0142-0_S2_L001-SPAdes	IP-0142-0_S2_L001-SPAdes.fasta
Burkholderia_pseudomallei_577ci_GCF_001980815.1_Thailand	Burkholderia_pseudomallei_577ci_GCF_001980815.1_Thailand.fasta
IP-0057-0_S2_L001-SPAdes	IP-0057-0_S2_L001-SPAdes.fasta
Burkholderia_pseudomallei_2010007509_GCF_002111145.1_USA_Arizona_ex_Costa_Rica	Burkholderia_pseudomallei_2010007509_GCF_002111145.1_USA_Arizona_ex_Costa_Rica.fasta
IP-0187-5_S2-SPAdes	IP-0187-5_S2-SPAdes.fasta
IP-0167-7_S2-SPAdes	IP-0167-7_S2-SPAdes.fasta
GCA_963564785.1	GCA_963564785.1.fasta
IP-0174-3_S9-SPAdes	IP-0174-3_S9-SPAdes.fasta
IP-0025-7_S5_L001-SPAdes	IP-0025-7_S5_L001-SPAdes.fasta
Burkholderia_pseudomallei_46W_S66_GCF_014712945.1_Laos	Burkholderia_pseudomallei_46W_S66_GCF_014712945.1_Laos.fasta
ERS012313	ERS012313.fasta
IP-0141-2_S1_L001-SPAdes	IP-0141-2_S1_L001-SPAdes.fasta
ERS008820	ERS008820.fasta
GCA_963566175.1	GCA_963566175.1.fasta
IP-0001-8_S1_L001-SPAdes	IP-0001-8_S1_L001-SPAdes.fasta
All files verified. Starting PopPUNK database creation...
Database created successfully. Fitting model with PopPUNK 2.7.x features...
Model fitting completed. Copying fitted model files to database directory...
Copying fitted model files to poppunk_db directory...
✓ Created poppunk_db_fit.pkl from poppunk_fit_fit.pkl
✓ Created poppunk_db_fit.npz from poppunk_fit_fit.npz
Files in poppunk_db after copying:
total 16484
drwxr-xr-x 2 root root     4096 Jun 24 05:13 .
drwxr-xr-x 4 1003 1004    32768 Jun 24 05:13 ..
-rw-r--r-- 1 root root    72488 Jun 24 05:13 poppunk_db.dists.npy
-rw-r--r-- 1 root root     3328 Jun 24 05:13 poppunk_db.dists.pkl
-rw-r--r-- 1 root root 12227032 Jun 24 05:13 poppunk_db.h5
-rw-r--r-- 1 root root    62074 Jun 24 05:13 poppunk_db.png
-rw-r--r-- 1 root root    62074 Jun 24 05:13 poppunk_db_ambiguous_base_counts.png
-rw-r--r-- 1 root root   349491 Jun 24 05:13 poppunk_db_distanceDistribution.png
-rw-r--r-- 1 root root     1632 Jun 24 05:13 poppunk_db_fit.npz
-rw-r--r-- 1 root root     1743 Jun 24 05:13 poppunk_db_fit.pkl
-rw-r--r-- 1 root root    51468 Jun 24 05:13 poppunk_db_genome_lengths.png
-rw-r--r-- 1 root root     1062 Jun 24 05:13 poppunk_fit.refs
-rw-r--r-- 1 root root     6368 Jun 24 05:13 poppunk_fit.refs.dists.npy
-rw-r--r-- 1 root root     1165 Jun 24 05:13 poppunk_fit.refs.dists.pkl
-rw-r--r-- 1 root root  3619536 Jun 24 05:13 poppunk_fit.refs.h5
-rw-r--r-- 1 root root      603 Jun 24 05:13 poppunk_fit.refs_graph.gt
-rw-r--r-- 1 root root   280451 Jun 24 05:13 poppunk_fit_DPGMM_fit.png
-rw-r--r-- 1 root root    34513 Jun 24 05:13 poppunk_fit_DPGMM_fit_contours.pdf
-rw-r--r-- 1 root root     3320 Jun 24 05:13 poppunk_fit_clusters.csv
-rw-r--r-- 1 root root     1632 Jun 24 05:13 poppunk_fit_fit.npz
-rw-r--r-- 1 root root     1743 Jun 24 05:13 poppunk_fit_fit.pkl
-rw-r--r-- 1 root root     2249 Jun 24 05:13 poppunk_fit_graph.gt
-rw-r--r-- 1 root root     4125 Jun 24 05:13 poppunk_fit_unword_clusters.csv
✓ Found fitted model file: poppunk_db_fit.pkl
Found poppunk_fit_clusters.csv in poppunk_fit/
PopPUNK model completed successfully!
