usage: poppunk [-h]
               (--create-db | --qc-db | --fit-model {bgmm,dbscan,refine,lineage,threshold} | --use-model)
               [--ref-db REF_DB] [--r-files R_FILES] [--distances DISTANCES]
               [--external-clustering EXTERNAL_CLUSTERING] [--output OUTPUT]
               [--plot-fit PLOT_FIT] [--overwrite] [--graph-weights]
               [--min-k MIN_K] [--max-k MAX_K] [--k-step K_STEP]
               [--sketch-size SKETCH_SIZE] [--codon-phased]
               [--min-kmer-count MIN_KMER_COUNT] [--exact-count]
               [--strand-preserved] [--qc-keep]
               [--remove-samples REMOVE_SAMPLES] [--retain-failures]
               [--max-a-dist MAX_A_DIST] [--max-pi-dist MAX_PI_DIST]
               [--max-zero-dist MAX_ZERO_DIST] [--type-isolate TYPE_ISOLATE]
               [--length-sigma LENGTH_SIGMA]
               [--length-range LENGTH_RANGE LENGTH_RANGE] [--prop-n PROP_N]
               [--upper-n UPPER_N] [--K K] [--D D]
               [--min-cluster-prop MIN_CLUSTER_PROP] [--threshold THRESHOLD]
               [--pos-shift POS_SHIFT] [--neg-shift NEG_SHIFT]
               [--manual-start MANUAL_START] [--model-dir MODEL_DIR]
               [--score-idx {0,1,2}] [--betweenness-sample BETWEENNESS_SAMPLE]
               [--unconstrained | --multi-boundary MULTI_BOUNDARY | --indiv-refine {both,core,accessory}]
               [--ranks RANKS] [--count-unique-distances] [--reciprocal-only]
               [--max-search-depth MAX_SEARCH_DEPTH]
               [--write-lineage-networks] [--use-accessory]
               [--threads THREADS] [--gpu-sketch] [--gpu-dist] [--gpu-graph]
               [--deviceid DEVICEID] [--no-plot] [--no-local] [--version]
               [--citation]
poppunk: error: unrecognized arguments: --qfiles staged_all_files.list
