Building PopPUNK database with 90 genomes...
Mapped: GCA_963562235.1 -> GCA_963562235.1.fasta
Mapped: GCA_963566855.1 -> GCA_963566855.1.fasta
Mapped: IP-0147-9_S7_L001-SPAdes -> IP-0147-9_S7_L001-SPAdes.fasta
Mapped: IP-0111-5_S2_L001-SPAdes -> IP-0111-5_S2_L001-SPAdes.fasta
Mapped: IE-0014_S8_L001-SPAdes -> IE-0014_S8_L001-SPAdes.fasta
Mapped: IP-0021-6_S1_L001-SPAdes -> IP-0021-6_S1_L001-SPAdes.fasta
Mapped: IP-0079-4_S2_L001-SPAdes -> IP-0079-4_S2_L001-SPAdes.fasta
Mapped: ERS012362 -> ERS012362.fasta
Mapped: IP-0123-0_S3_L001-SPAdes -> IP-0123-0_S3_L001-SPAdes.fasta
Mapped: IP-0168-5_S3-SPAdes -> IP-0168-5_S3-SPAdes.fasta
Mapped: IP-0193-3_S8-SPAdes -> IP-0193-3_S8-SPAdes.fasta
Mapped: GCA_963566675.1 -> GCA_963566675.1.fasta
Mapped: ERS012340 -> ERS012340.fasta
Mapped: GCA_963563715.1 -> GCA_963563715.1.fasta
Mapped: IP-0076-0_S10_L001-SPAdes -> IP-0076-0_S10_L001-SPAdes.fasta
Mapped: Burkholderia_pseudomallei_60W_S74_GCF_014712825.1_Laos -> Burkholderia_pseudomallei_60W_S74_GCF_014712825.1_Laos.fasta
Mapped: IP-0138-8_S8_L001-SPAdes -> IP-0138-8_S8_L001-SPAdes.fasta
Mapped: IP-0178-4_S3-SPAdes -> IP-0178-4_S3-SPAdes.fasta
Mapped: IP-0082-8_S5_L001-SPAdes -> IP-0082-8_S5_L001-SPAdes.fasta
Mapped: ERS008785 -> ERS008785.fasta
Mapped: IP-0025-7_S5_L001-SPAdes -> IP-0025-7_S5_L001-SPAdes.fasta
Mapped: GCA_963562615.1 -> GCA_963562615.1.fasta
Mapped: GCA_963571055.1 -> GCA_963571055.1.fasta
Mapped: Burkholderia_pseudomallei_64W_S75_GCF_014712815.1_Laos -> Burkholderia_pseudomallei_64W_S75_GCF_014712815.1_Laos.fasta
Mapped: GCA_900596305.2 -> GCA_900596305.2.fasta
Mapped: GCA_963573175.1 -> GCA_963573175.1.fasta
Mapped: IP-0115-6_S6_L001-SPAdes -> IP-0115-6_S6_L001-SPAdes.fasta
Mapped: IP-0174-3_S9-SPAdes -> IP-0174-3_S9-SPAdes.fasta
Mapped: Burkholderia_pseudomallei_619s006_GCF_001212705.2_Malaysia -> Burkholderia_pseudomallei_619s006_GCF_001212705.2_Malaysia.fasta
Mapped: ERS012359 -> ERS012359.fasta
Mapped: IP-0130-5_S10_L001-SPAdes -> IP-0130-5_S10_L001-SPAdes.fasta
Mapped: ERS012380 -> ERS012380.fasta
Mapped: IP-0026-5_S6_L001-SPAdes -> IP-0026-5_S6_L001-SPAdes.fasta
Mapped: IP-0159-4_S9_L001-SPAdes -> IP-0159-4_S9_L001-SPAdes.fasta
Mapped: IP-0166-9_S1-SPAdes -> IP-0166-9_S1-SPAdes.fasta
Mapped: IE-0012_S6_L001-SPAdes -> IE-0012_S6_L001-SPAdes.fasta
Mapped: ERS012327 -> ERS012327.fasta
Mapped: IP-0161-0_S11_L001-SPAdes -> IP-0161-0_S11_L001-SPAdes.fasta
Mapped: GCA_963566625.1 -> GCA_963566625.1.fasta
Mapped: GCA_963573225.1 -> GCA_963573225.1.fasta
Mapped: IP-0134-7_S4_L001-SPAdes -> IP-0134-7_S4_L001-SPAdes.fasta
Mapped: ERS008817 -> ERS008817.fasta
Mapped: Burkholderia_pseudomallei_44W_S64_GCF_014713025.1_Laos -> Burkholderia_pseudomallei_44W_S64_GCF_014713025.1_Laos.fasta
Mapped: IP-0160-2_S10_L001-SPAdes -> IP-0160-2_S10_L001-SPAdes.fasta
Mapped: GCA_963566695.1 -> GCA_963566695.1.fasta
Mapped: ERS008821 -> ERS008821.fasta
Mapped: GCA_963565125.1 -> GCA_963565125.1.fasta
Mapped: GCA_963569785.1 -> GCA_963569785.1.fasta
Mapped: GCA_963561895.1 -> GCA_963561895.1.fasta
Mapped: GCA_963566175.1 -> GCA_963566175.1.fasta
Mapped: ERS008784 -> ERS008784.fasta
Mapped: Burkholderia_pseudomallei_ABCPW_91_GCF_000774405.1_Australia -> Burkholderia_pseudomallei_ABCPW_91_GCF_000774405.1_Australia.fasta
Mapped: GCA_963570575.1 -> GCA_963570575.1.fasta
Mapped: IP-0100-8_S1_L001-SPAdes -> IP-0100-8_S1_L001-SPAdes.fasta
Mapped: IP-0016-6_S7_L001-SPAdes -> IP-0016-6_S7_L001-SPAdes.fasta
Mapped: GCA_963560585.1 -> GCA_963560585.1.fasta
Mapped: IP-0151-1_S1_L001-SPAdes -> IP-0151-1_S1_L001-SPAdes.fasta
Mapped: IP-0063-8_S8_L001-SPAdes -> IP-0063-8_S8_L001-SPAdes.fasta
Mapped: IP-0197-4_S2-SPAdes -> IP-0197-4_S2-SPAdes.fasta
Mapped: IP-0169-3_S4-SPAdes -> IP-0169-3_S4-SPAdes.fasta
Mapped: GCA_963563065.1 -> GCA_963563065.1.fasta
Mapped: GCA_963561565.1 -> GCA_963561565.1.fasta
Mapped: IP-0181-8_S6-SPAdes -> IP-0181-8_S6-SPAdes.fasta
Mapped: GCA_963569365.1 -> GCA_963569365.1.fasta
Mapped: IP-0017-4_S8_L001-SPAdes -> IP-0017-4_S8_L001-SPAdes.fasta
Mapped: IP-0014-1_S5_L001-SPAdes -> IP-0014-1_S5_L001-SPAdes.fasta
Mapped: GCA_963563475.1 -> GCA_963563475.1.fasta
Mapped: Burkholderia_pseudomallei_52W_S71_GCF_014712835.1_Laos -> Burkholderia_pseudomallei_52W_S71_GCF_014712835.1_Laos.fasta
Mapped: IP-0088-5_S11_L001-SPAdes -> IP-0088-5_S11_L001-SPAdes.fasta
Mapped: IP-0090-1_S2_L001-SPAdes -> IP-0090-1_S2_L001-SPAdes.fasta
Mapped: IP-0180-0_S5-SPAdes -> IP-0180-0_S5-SPAdes.fasta
Mapped: IP-0176-8_S1-SPAdes -> IP-0176-8_S1-SPAdes.fasta
Mapped: Burkholderia_pseudomallei_354a_GCF_000259815.1_Thailand -> Burkholderia_pseudomallei_354a_GCF_000259815.1_Thailand.fasta
Mapped: IP-0057-0_S2_L001-SPAdes -> IP-0057-0_S2_L001-SPAdes.fasta
Mapped: Burkholderia_pseudomallei_1701_GCF_003268105.1_Viet_Nam -> Burkholderia_pseudomallei_1701_GCF_003268105.1_Viet_Nam.fasta
Mapped: Burkholderia_pseudomallei_BDD_GCF_000756905.1_Australia_Townsville_Queensland -> Burkholderia_pseudomallei_BDD_GCF_000756905.1_Australia_Townsville_Queensland.fasta
Mapped: GCA_963560945.1 -> GCA_963560945.1.fasta
Mapped: IP-0120-6_S11_L001-SPAdes -> IP-0120-6_S11_L001-SPAdes.fasta
Mapped: IP-0067-9_S1_L001-SPAdes -> IP-0067-9_S1_L001-SPAdes.fasta
Mapped: IE-0003_S8_L001-SPAdes -> IE-0003_S8_L001-SPAdes.fasta
Mapped: IP-0149-5_S9_L001-SPAdes -> IP-0149-5_S9_L001-SPAdes.fasta
Mapped: SRR12527885_contigs -> SRR12527885_contigs.fasta
Mapped: Burkholderia_pseudomallei_45S_S65_GCF_014713015.1_Laos -> Burkholderia_pseudomallei_45S_S65_GCF_014713015.1_Laos.fasta
Mapped: GCA_963571745.1 -> GCA_963571745.1.fasta
Mapped: GCA_963565395.1 -> GCA_963565395.1.fasta
Mapped: ERS012351 -> ERS012351.fasta
Mapped: IP-0101-6_S1_L001-SPAdes -> IP-0101-6_S1_L001-SPAdes.fasta
Mapped: IP-0162-8_S1-SPAdes -> IP-0162-8_S1-SPAdes.fasta
Mapped: Burkholderia_pseudomallei_40S_S61_GCF_014713055.1_Laos -> Burkholderia_pseudomallei_40S_S61_GCF_014713055.1_Laos.fasta
Mapped: GCA_963571005.1 -> GCA_963571005.1.fasta
Created staged files list:
GCA_963562235.1	GCA_963562235.1.fasta
GCA_963566855.1	GCA_963566855.1.fasta
IP-0147-9_S7_L001-SPAdes	IP-0147-9_S7_L001-SPAdes.fasta
IP-0111-5_S2_L001-SPAdes	IP-0111-5_S2_L001-SPAdes.fasta
IE-0014_S8_L001-SPAdes	IE-0014_S8_L001-SPAdes.fasta
IP-0021-6_S1_L001-SPAdes	IP-0021-6_S1_L001-SPAdes.fasta
IP-0079-4_S2_L001-SPAdes	IP-0079-4_S2_L001-SPAdes.fasta
ERS012362	ERS012362.fasta
IP-0123-0_S3_L001-SPAdes	IP-0123-0_S3_L001-SPAdes.fasta
IP-0168-5_S3-SPAdes	IP-0168-5_S3-SPAdes.fasta
IP-0193-3_S8-SPAdes	IP-0193-3_S8-SPAdes.fasta
GCA_963566675.1	GCA_963566675.1.fasta
ERS012340	ERS012340.fasta
GCA_963563715.1	GCA_963563715.1.fasta
IP-0076-0_S10_L001-SPAdes	IP-0076-0_S10_L001-SPAdes.fasta
Burkholderia_pseudomallei_60W_S74_GCF_014712825.1_Laos	Burkholderia_pseudomallei_60W_S74_GCF_014712825.1_Laos.fasta
IP-0138-8_S8_L001-SPAdes	IP-0138-8_S8_L001-SPAdes.fasta
IP-0178-4_S3-SPAdes	IP-0178-4_S3-SPAdes.fasta
IP-0082-8_S5_L001-SPAdes	IP-0082-8_S5_L001-SPAdes.fasta
ERS008785	ERS008785.fasta
IP-0025-7_S5_L001-SPAdes	IP-0025-7_S5_L001-SPAdes.fasta
GCA_963562615.1	GCA_963562615.1.fasta
GCA_963571055.1	GCA_963571055.1.fasta
Burkholderia_pseudomallei_64W_S75_GCF_014712815.1_Laos	Burkholderia_pseudomallei_64W_S75_GCF_014712815.1_Laos.fasta
GCA_900596305.2	GCA_900596305.2.fasta
GCA_963573175.1	GCA_963573175.1.fasta
IP-0115-6_S6_L001-SPAdes	IP-0115-6_S6_L001-SPAdes.fasta
IP-0174-3_S9-SPAdes	IP-0174-3_S9-SPAdes.fasta
Burkholderia_pseudomallei_619s006_GCF_001212705.2_Malaysia	Burkholderia_pseudomallei_619s006_GCF_001212705.2_Malaysia.fasta
ERS012359	ERS012359.fasta
IP-0130-5_S10_L001-SPAdes	IP-0130-5_S10_L001-SPAdes.fasta
ERS012380	ERS012380.fasta
IP-0026-5_S6_L001-SPAdes	IP-0026-5_S6_L001-SPAdes.fasta
IP-0159-4_S9_L001-SPAdes	IP-0159-4_S9_L001-SPAdes.fasta
IP-0166-9_S1-SPAdes	IP-0166-9_S1-SPAdes.fasta
IE-0012_S6_L001-SPAdes	IE-0012_S6_L001-SPAdes.fasta
ERS012327	ERS012327.fasta
IP-0161-0_S11_L001-SPAdes	IP-0161-0_S11_L001-SPAdes.fasta
GCA_963566625.1	GCA_963566625.1.fasta
GCA_963573225.1	GCA_963573225.1.fasta
IP-0134-7_S4_L001-SPAdes	IP-0134-7_S4_L001-SPAdes.fasta
ERS008817	ERS008817.fasta
Burkholderia_pseudomallei_44W_S64_GCF_014713025.1_Laos	Burkholderia_pseudomallei_44W_S64_GCF_014713025.1_Laos.fasta
IP-0160-2_S10_L001-SPAdes	IP-0160-2_S10_L001-SPAdes.fasta
GCA_963566695.1	GCA_963566695.1.fasta
ERS008821	ERS008821.fasta
GCA_963565125.1	GCA_963565125.1.fasta
GCA_963569785.1	GCA_963569785.1.fasta
GCA_963561895.1	GCA_963561895.1.fasta
GCA_963566175.1	GCA_963566175.1.fasta
ERS008784	ERS008784.fasta
Burkholderia_pseudomallei_ABCPW_91_GCF_000774405.1_Australia	Burkholderia_pseudomallei_ABCPW_91_GCF_000774405.1_Australia.fasta
GCA_963570575.1	GCA_963570575.1.fasta
IP-0100-8_S1_L001-SPAdes	IP-0100-8_S1_L001-SPAdes.fasta
IP-0016-6_S7_L001-SPAdes	IP-0016-6_S7_L001-SPAdes.fasta
GCA_963560585.1	GCA_963560585.1.fasta
IP-0151-1_S1_L001-SPAdes	IP-0151-1_S1_L001-SPAdes.fasta
IP-0063-8_S8_L001-SPAdes	IP-0063-8_S8_L001-SPAdes.fasta
IP-0197-4_S2-SPAdes	IP-0197-4_S2-SPAdes.fasta
IP-0169-3_S4-SPAdes	IP-0169-3_S4-SPAdes.fasta
GCA_963563065.1	GCA_963563065.1.fasta
GCA_963561565.1	GCA_963561565.1.fasta
IP-0181-8_S6-SPAdes	IP-0181-8_S6-SPAdes.fasta
GCA_963569365.1	GCA_963569365.1.fasta
IP-0017-4_S8_L001-SPAdes	IP-0017-4_S8_L001-SPAdes.fasta
IP-0014-1_S5_L001-SPAdes	IP-0014-1_S5_L001-SPAdes.fasta
GCA_963563475.1	GCA_963563475.1.fasta
Burkholderia_pseudomallei_52W_S71_GCF_014712835.1_Laos	Burkholderia_pseudomallei_52W_S71_GCF_014712835.1_Laos.fasta
IP-0088-5_S11_L001-SPAdes	IP-0088-5_S11_L001-SPAdes.fasta
IP-0090-1_S2_L001-SPAdes	IP-0090-1_S2_L001-SPAdes.fasta
IP-0180-0_S5-SPAdes	IP-0180-0_S5-SPAdes.fasta
IP-0176-8_S1-SPAdes	IP-0176-8_S1-SPAdes.fasta
Burkholderia_pseudomallei_354a_GCF_000259815.1_Thailand	Burkholderia_pseudomallei_354a_GCF_000259815.1_Thailand.fasta
IP-0057-0_S2_L001-SPAdes	IP-0057-0_S2_L001-SPAdes.fasta
Burkholderia_pseudomallei_1701_GCF_003268105.1_Viet_Nam	Burkholderia_pseudomallei_1701_GCF_003268105.1_Viet_Nam.fasta
Burkholderia_pseudomallei_BDD_GCF_000756905.1_Australia_Townsville_Queensland	Burkholderia_pseudomallei_BDD_GCF_000756905.1_Australia_Townsville_Queensland.fasta
GCA_963560945.1	GCA_963560945.1.fasta
IP-0120-6_S11_L001-SPAdes	IP-0120-6_S11_L001-SPAdes.fasta
IP-0067-9_S1_L001-SPAdes	IP-0067-9_S1_L001-SPAdes.fasta
IE-0003_S8_L001-SPAdes	IE-0003_S8_L001-SPAdes.fasta
IP-0149-5_S9_L001-SPAdes	IP-0149-5_S9_L001-SPAdes.fasta
SRR12527885_contigs	SRR12527885_contigs.fasta
Burkholderia_pseudomallei_45S_S65_GCF_014713015.1_Laos	Burkholderia_pseudomallei_45S_S65_GCF_014713015.1_Laos.fasta
GCA_963571745.1	GCA_963571745.1.fasta
GCA_963565395.1	GCA_963565395.1.fasta
ERS012351	ERS012351.fasta
IP-0101-6_S1_L001-SPAdes	IP-0101-6_S1_L001-SPAdes.fasta
IP-0162-8_S1-SPAdes	IP-0162-8_S1-SPAdes.fasta
Burkholderia_pseudomallei_40S_S61_GCF_014713055.1_Laos	Burkholderia_pseudomallei_40S_S61_GCF_014713055.1_Laos.fasta
GCA_963571005.1	GCA_963571005.1.fasta
All files verified. Starting PopPUNK database creation...
Database created successfully. Fitting model...
Model fitting completed. Copying fitted model files to database directory...
Copying fitted model files to poppunk_db directory...
✓ Created poppunk_db_fit.pkl from poppunk_fit_fit.pkl
✓ Created poppunk_db_fit.npz from poppunk_fit_fit.npz
Files in poppunk_db after copying:
total 11308
drwxr-xr-x 2 root root    4096 Jun 24 03:57 .
drwxr-xr-x 4 1003 1004   32768 Jun 24 03:57 ..
-rw-r--r-- 1 root root   32168 Jun 24 03:57 poppunk_db.dists.npy
-rw-r--r-- 1 root root    2383 Jun 24 03:57 poppunk_db.dists.pkl
-rw-r--r-- 1 root root 8149856 Jun 24 03:57 poppunk_db.h5
-rw-r--r-- 1 root root  264844 Jun 24 03:57 poppunk_db_distanceDistribution.png
-rw-r--r-- 1 root root    1632 Jun 24 03:57 poppunk_db_fit.npz
-rw-r--r-- 1 root root    1742 Jun 24 03:57 poppunk_db_fit.pkl
-rw-r--r-- 1 root root     920 Jun 24 03:57 poppunk_fit.refs
-rw-r--r-- 1 root root    3848 Jun 24 03:57 poppunk_fit.refs.dists.npy
-rw-r--r-- 1 root root    1005 Jun 24 03:57 poppunk_fit.refs.dists.pkl
-rw-r--r-- 1 root root 2804008 Jun 24 03:57 poppunk_fit.refs.h5
-rw-r--r-- 1 root root     472 Jun 24 03:57 poppunk_fit.refs_graph.gt
-rw-r--r-- 1 root root  195356 Jun 24 03:57 poppunk_fit_DPGMM_fit.png
-rw-r--r-- 1 root root   33050 Jun 24 03:57 poppunk_fit_DPGMM_fit_contours.pdf
-rw-r--r-- 1 root root    2394 Jun 24 03:57 poppunk_fit_clusters.csv
-rw-r--r-- 1 root root    1632 Jun 24 03:57 poppunk_fit_fit.npz
-rw-r--r-- 1 root root    1742 Jun 24 03:57 poppunk_fit_fit.pkl
-rw-r--r-- 1 root root    1268 Jun 24 03:57 poppunk_fit_graph.gt
-rw-r--r-- 1 root root    2709 Jun 24 03:57 poppunk_fit_unword_clusters.csv
✓ Found fitted model file: poppunk_db_fit.pkl
Found poppunk_fit_clusters.csv in poppunk_fit/
PopPUNK model completed successfully!
