WARNING: Running pip as the 'root' user can result in broken permissions and conflicting behaviour with the system package manager. It is recommended to use a virtual environment instead: https://pip.pypa.io/warnings/venv

[notice] A new release of pip is available: 23.0.1 -> 25.1.1
[notice] To update, run: pip install --upgrade pip
Successfully read cluster assignments: 502 samples

============================================================
PopPUNK Pipeline Summary
============================================================
Total samples processed: 502
Number of clusters found: 10

Cluster distribution:
  Cluster 1: 493 samples (98.2%)
  Cluster 2: 1 samples (0.2%)
  Cluster 3: 1 samples (0.2%)
  Cluster 4: 1 samples (0.2%)
  Cluster 5: 1 samples (0.2%)
  Cluster 6: 1 samples (0.2%)
  Cluster 7: 1 samples (0.2%)
  Cluster 8: 1 samples (0.2%)
  Cluster 9: 1 samples (0.2%)
  Cluster 10: 1 samples (0.2%)
============================================================
