Building PopPUNK database with 45 genomes...
Mapped: IP-0128-9_S8_L001-SPAdes -> IP-0128-9_S8_L001-SPAdes.fasta
Mapped: ERS012331 -> ERS012331.fasta
Mapped: ERS008841 -> ERS008841.fasta
Mapped: IP-0077-8_S11_L001-SPAdes -> IP-0077-8_S11_L001-SPAdes.fasta
Mapped: ERS008819 -> ERS008819.fasta
Mapped: IP-0004-2_S4_L001-SPAdes -> IP-0004-2_S4_L001-SPAdes.fasta
Mapped: IP-0098-4_S10_L001-SPAdes -> IP-0098-4_S10_L001-SPAdes.fasta
Mapped: ERS012347 -> ERS012347.fasta
Mapped: ERS012320 -> ERS012320.fasta
Mapped: ERS012338 -> ERS012338.fasta
Mapped: IP-0154-5_S4_L001-SPAdes -> IP-0154-5_S4_L001-SPAdes.fasta
Mapped: GCA_963573175.1 -> GCA_963573175.1.fasta
Mapped: Burkholderia_pseudomallei_46W_S66_GCF_014712945.1_Laos -> Burkholderia_pseudomallei_46W_S66_GCF_014712945.1_Laos.fasta
Mapped: IE-0013_S7_L001-SPAdes -> IE-0013_S7_L001-SPAdes.fasta
Mapped: ERS012351 -> ERS012351.fasta
Mapped: ERS008792 -> ERS008792.fasta
Mapped: IP-0062-0_S7_L001-SPAdes -> IP-0062-0_S7_L001-SPAdes.fasta
Mapped: Burkholderia_pseudomallei_8400_GCF_025847635.1_Viet_Nam -> Burkholderia_pseudomallei_8400_GCF_025847635.1_Viet_Nam.fasta
Mapped: GCA_963570975.1 -> GCA_963570975.1.fasta
Mapped: Burkholderia_pseudomallei_619s008_GCF_001326955.2_Malaysia -> Burkholderia_pseudomallei_619s008_GCF_001326955.2_Malaysia.fasta
Mapped: IP-0163-6_S2-SPAdes -> IP-0163-6_S2-SPAdes.fasta
Mapped: IE-0012_S6_L001-SPAdes -> IE-0012_S6_L001-SPAdes.fasta
Mapped: IP-0189-1_S4-SPAdes -> IP-0189-1_S4-SPAdes.fasta
Mapped: GCA_963562695.1 -> GCA_963562695.1.fasta
Mapped: ERS008837 -> ERS008837.fasta
Mapped: IP-0188-3_S3-SPAdes -> IP-0188-3_S3-SPAdes.fasta
Mapped: IP-0066-1_S11_L001-SPAdes -> IP-0066-1_S11_L001-SPAdes.fasta
Mapped: Burkholderia_pseudomallei_577ci_GCF_001980815.1_Thailand -> Burkholderia_pseudomallei_577ci_GCF_001980815.1_Thailand.fasta
Mapped: IP-0177-6_S2-SPAdes -> IP-0177-6_S2-SPAdes.fasta
Mapped: IP-0126-3_S6_L001-SPAdes -> IP-0126-3_S6_L001-SPAdes.fasta
Mapped: IP-0169-3_S4-SPAdes -> IP-0169-3_S4-SPAdes.fasta
Mapped: IP-0039-8_S9_L001-SPAdes -> IP-0039-8_S9_L001-SPAdes.fasta
Mapped: IP-0176-8_S1-SPAdes -> IP-0176-8_S1-SPAdes.fasta
Mapped: IP-0155-2_S5_L001-SPAdes -> IP-0155-2_S5_L001-SPAdes.fasta
Mapped: GCA_963560915.1 -> GCA_963560915.1.fasta
Mapped: IP-0100-8_S1_L001-SPAdes -> IP-0100-8_S1_L001-SPAdes.fasta
Mapped: GCA_963565015.1 -> GCA_963565015.1.fasta
Mapped: GCA_963569685.1 -> GCA_963569685.1.fasta
Mapped: GCA_963566455.1 -> GCA_963566455.1.fasta
Mapped: ERS012363 -> ERS012363.fasta
Mapped: GCA_963561895.1 -> GCA_963561895.1.fasta
Mapped: IP-0099-2_S11_L001-SPAdes -> IP-0099-2_S11_L001-SPAdes.fasta
Mapped: GCA_963561765.1 -> GCA_963561765.1.fasta
Mapped: Burkholderia_pseudomallei_406e_GCF_000410895.1_Thailand -> Burkholderia_pseudomallei_406e_GCF_000410895.1_Thailand.fasta
Mapped: Burkholderia_pseudomallei_1701_GCF_003268105.1_Viet_Nam -> Burkholderia_pseudomallei_1701_GCF_003268105.1_Viet_Nam.fasta
Created staged files list:
IP-0128-9_S8_L001-SPAdes	IP-0128-9_S8_L001-SPAdes.fasta
ERS012331	ERS012331.fasta
ERS008841	ERS008841.fasta
IP-0077-8_S11_L001-SPAdes	IP-0077-8_S11_L001-SPAdes.fasta
ERS008819	ERS008819.fasta
IP-0004-2_S4_L001-SPAdes	IP-0004-2_S4_L001-SPAdes.fasta
IP-0098-4_S10_L001-SPAdes	IP-0098-4_S10_L001-SPAdes.fasta
ERS012347	ERS012347.fasta
ERS012320	ERS012320.fasta
ERS012338	ERS012338.fasta
IP-0154-5_S4_L001-SPAdes	IP-0154-5_S4_L001-SPAdes.fasta
GCA_963573175.1	GCA_963573175.1.fasta
Burkholderia_pseudomallei_46W_S66_GCF_014712945.1_Laos	Burkholderia_pseudomallei_46W_S66_GCF_014712945.1_Laos.fasta
IE-0013_S7_L001-SPAdes	IE-0013_S7_L001-SPAdes.fasta
ERS012351	ERS012351.fasta
ERS008792	ERS008792.fasta
IP-0062-0_S7_L001-SPAdes	IP-0062-0_S7_L001-SPAdes.fasta
Burkholderia_pseudomallei_8400_GCF_025847635.1_Viet_Nam	Burkholderia_pseudomallei_8400_GCF_025847635.1_Viet_Nam.fasta
GCA_963570975.1	GCA_963570975.1.fasta
Burkholderia_pseudomallei_619s008_GCF_001326955.2_Malaysia	Burkholderia_pseudomallei_619s008_GCF_001326955.2_Malaysia.fasta
IP-0163-6_S2-SPAdes	IP-0163-6_S2-SPAdes.fasta
IE-0012_S6_L001-SPAdes	IE-0012_S6_L001-SPAdes.fasta
IP-0189-1_S4-SPAdes	IP-0189-1_S4-SPAdes.fasta
GCA_963562695.1	GCA_963562695.1.fasta
ERS008837	ERS008837.fasta
IP-0188-3_S3-SPAdes	IP-0188-3_S3-SPAdes.fasta
IP-0066-1_S11_L001-SPAdes	IP-0066-1_S11_L001-SPAdes.fasta
Burkholderia_pseudomallei_577ci_GCF_001980815.1_Thailand	Burkholderia_pseudomallei_577ci_GCF_001980815.1_Thailand.fasta
IP-0177-6_S2-SPAdes	IP-0177-6_S2-SPAdes.fasta
IP-0126-3_S6_L001-SPAdes	IP-0126-3_S6_L001-SPAdes.fasta
IP-0169-3_S4-SPAdes	IP-0169-3_S4-SPAdes.fasta
IP-0039-8_S9_L001-SPAdes	IP-0039-8_S9_L001-SPAdes.fasta
IP-0176-8_S1-SPAdes	IP-0176-8_S1-SPAdes.fasta
IP-0155-2_S5_L001-SPAdes	IP-0155-2_S5_L001-SPAdes.fasta
GCA_963560915.1	GCA_963560915.1.fasta
IP-0100-8_S1_L001-SPAdes	IP-0100-8_S1_L001-SPAdes.fasta
GCA_963565015.1	GCA_963565015.1.fasta
GCA_963569685.1	GCA_963569685.1.fasta
GCA_963566455.1	GCA_963566455.1.fasta
ERS012363	ERS012363.fasta
GCA_963561895.1	GCA_963561895.1.fasta
IP-0099-2_S11_L001-SPAdes	IP-0099-2_S11_L001-SPAdes.fasta
GCA_963561765.1	GCA_963561765.1.fasta
Burkholderia_pseudomallei_406e_GCF_000410895.1_Thailand	Burkholderia_pseudomallei_406e_GCF_000410895.1_Thailand.fasta
Burkholderia_pseudomallei_1701_GCF_003268105.1_Viet_Nam	Burkholderia_pseudomallei_1701_GCF_003268105.1_Viet_Nam.fasta
All files verified. Starting PopPUNK database creation...
Database created successfully. Fitting model...
Found poppunk_fit_clusters.csv in poppunk_fit/
PopPUNK model completed successfully!
