Sketching Burkholderia_pseudomallei_134K_GCF_009830075.1_Thailand.fasta...
Sketching Burkholderia_pseudomallei_134_GCF_009830095.1_Thailand.fasta...
Sketching Burkholderia_pseudomallei_1701_GCF_003268105.1_Viet_Nam.fasta...
Sketching Burkholderia_pseudomallei_2002721684_GCF_002110925.1_USA_Texas.fasta...
Sketching Burkholderia_pseudomallei_2002734728_GCF_002111105.1_USA_California.fasta...
Sketching Burkholderia_pseudomallei_2010007509_GCF_002111145.1_USA_Arizona_ex_Costa_Rica.fasta...
Sketching Burkholderia_pseudomallei_2011756296_GCF_002110985.1_USA_Puerto_Rico.fasta...
Sketching Burkholderia_pseudomallei_284_GCF_025847905.1_Viet_Nam.fasta...
Sketching Burkholderia_pseudomallei_28P_GCF_025847415.1_Viet_Nam.fasta...
Sketching Burkholderia_pseudomallei_316a_GCF_001980725.1_Thailand.fasta...
Sketching Burkholderia_pseudomallei_316c_GCF_001980755.1_Thailand.fasta...
Sketching Burkholderia_pseudomallei_354a_GCF_000259815.1_Thailand.fasta...
Sketching Burkholderia_pseudomallei_354e_GCF_000259795.1_Thailand.fasta...
Sketching Burkholderia_pseudomallei_402a_GCF_001980775.1_Thailand.fasta...
Sketching Burkholderia_pseudomallei_406e_GCF_000410895.1_Thailand.fasta...
Sketching Burkholderia_pseudomallei_40S_S61_GCF_014713055.1_Laos.fasta...
Sketching Burkholderia_pseudomallei_43S_S63_GCF_014713085.1_Laos.fasta...
Sketching Burkholderia_pseudomallei_43W_S62_GCF_014713065.1_Laos.fasta...
Sketching Burkholderia_pseudomallei_44W_S64_GCF_014713025.1_Laos.fasta...
Sketching Burkholderia_pseudomallei_45S_S65_GCF_014713015.1_Laos.fasta...
Sketching Burkholderia_pseudomallei_46W_S66_GCF_014712945.1_Laos.fasta...
Sketching Burkholderia_pseudomallei_4702_GCF_009827035.1_Viet_Nam.fasta...
Sketching Burkholderia_pseudomallei_47W_S67_GCF_014712955.1_Laos.fasta...
Sketching Burkholderia_pseudomallei_4802_GCF_003268115.1_Viet_Nam.fasta...
Sketching Burkholderia_pseudomallei_4811_GCF_003268075.1_Viet_Nam.fasta...
Sketching Burkholderia_pseudomallei_4822_GCF_009826725.1_Viet_Nam.fasta...
Sketching Burkholderia_pseudomallei_49W_S68_GCF_014712965.1_Laos.fasta...
Sketching Burkholderia_pseudomallei_50W_S69_GCF_014712935.1_Laos.fasta...
Sketching Burkholderia_pseudomallei_51W_S70_GCF_014712915.1_Laos.fasta...
Sketching Burkholderia_pseudomallei_52W_S71_GCF_014712835.1_Laos.fasta...
Sketching Burkholderia_pseudomallei_53W_S72_GCF_014712895.1_Laos.fasta...
Sketching Burkholderia_pseudomallei_576_GCF_000182195.1_Thailand.fasta...
Sketching Burkholderia_pseudomallei_577ci_GCF_001980815.1_Thailand.fasta...
Sketching Burkholderia_pseudomallei_58W_S73_GCF_014712875.1_Laos.fasta...
Sketching Burkholderia_pseudomallei_60W_S74_GCF_014712825.1_Laos.fasta...
Sketching Burkholderia_pseudomallei_619s004_GCF_001212405.2_Malaysia.fasta...
Sketching Burkholderia_pseudomallei_619s005_GCF_001207785.2_Malaysia.fasta...
Sketching Burkholderia_pseudomallei_619s006_GCF_001212705.2_Malaysia.fasta...
Sketching Burkholderia_pseudomallei_619s007_GCF_001326935.2_Malaysia.fasta...
Sketching Burkholderia_pseudomallei_619s008_GCF_001326955.2_Malaysia.fasta...
Sketching Burkholderia_pseudomallei_64W_S75_GCF_014712815.1_Laos.fasta...
Sketching Burkholderia_pseudomallei_7400_GCF_025848135.1_Viet_Nam.fasta...
Sketching Burkholderia_pseudomallei_7801_GCF_025848015.1_Viet_Nam.fasta...
Sketching Burkholderia_pseudomallei_8400_GCF_025847635.1_Viet_Nam.fasta...
Sketching Burkholderia_pseudomallei_91W_S76_GCF_014712775.1_Laos.fasta...
Sketching Burkholderia_pseudomallei_ABCPW_107_GCF_000773235.1_Australia.fasta...
Sketching Burkholderia_pseudomallei_ABCPW_1_GCF_000774965.1_Australia.fasta...
Sketching Burkholderia_pseudomallei_ABCPW_30_GCF_000774495.1_Australia.fasta...
Sketching Burkholderia_pseudomallei_ABCPW_91_GCF_000774405.1_Australia.fasta...
Sketching Burkholderia_pseudomallei_BDD_GCF_000756905.1_Australia_Townsville_Queensland.fasta...
Sketching ERS008781.fasta...
Sketching ERS008784.fasta...
Sketching ERS008785.fasta...
Sketching ERS008786.fasta...
Sketching ERS008790.fasta...
Sketching ERS008792.fasta...
Sketching ERS008794.fasta...
Sketching ERS008795.fasta...
Sketching ERS008797.fasta...
Sketching ERS008798.fasta...
Sketching ERS008803.fasta...
Sketching ERS008804.fasta...
Sketching ERS008809.fasta...
Sketching ERS008813.fasta...
Sketching ERS008816.fasta...
Sketching ERS008817.fasta...
Sketching ERS008819.fasta...
Sketching ERS008820.fasta...
Sketching ERS008821.fasta...
Sketching ERS008822.fasta...
Sketching ERS008824.fasta...
Sketching ERS008825.fasta...
Sketching ERS008828.fasta...
Sketching ERS008829.fasta...
Sketching ERS008830.fasta...
Sketching ERS008833.fasta...
Sketching ERS008835.fasta...
Sketching ERS008836.fasta...
Sketching ERS008837.fasta...
Sketching ERS008838.fasta...
Sketching ERS008841.fasta...
Sketching ERS008844.fasta...
Sketching ERS012303.fasta...
Sketching ERS012306.fasta...
Sketching ERS012307.fasta...
Sketching ERS012308.fasta...
Sketching ERS012309.fasta...
Sketching ERS012312.fasta...
Sketching ERS012313.fasta...
Sketching ERS012314.fasta...
Sketching ERS012316.fasta...
Sketching ERS012317.fasta...
Sketching ERS012320.fasta...
Sketching ERS012324.fasta...
Sketching ERS012327.fasta...
Sketching ERS012328.fasta...
Sketching ERS012330.fasta...
Sketching ERS012331.fasta...
Sketching ERS012332.fasta...
Sketching ERS012334.fasta...
Sketching ERS012338.fasta...
Sketching ERS012340.fasta...
Sketching ERS012347.fasta...
Sketching ERS012351.fasta...
Sketching ERS012354.fasta...
Sketching ERS012356.fasta...
Sketching ERS012358.fasta...
Sketching ERS012359.fasta...
Sketching ERS012362.fasta...
Sketching ERS012363.fasta...
Sketching ERS012365.fasta...
Sketching ERS012369.fasta...
Sketching ERS012370.fasta...
Sketching ERS012376.fasta...
Sketching ERS012377.fasta...
Sketching ERS012380.fasta...
Sketching ERS013342.fasta...
Sketching ERS013343.fasta...
Sketching ERS013345.fasta...
Sketching ERS013346.fasta...
Sketching ERS013348.fasta...
Sketching ERS013352.fasta...
Sketching ERS013353.fasta...
Sketching ERS013354.fasta...
Sketching ERS013355.fasta...
Sketching ERS013358.fasta...
Sketching ERS013360.fasta...
Sketching ERS013363.fasta...
Sketching ERS013364.fasta...
Sketching ERS013365.fasta...
Sketching GCA_900595585.2.fasta...
Sketching GCA_900596305.2.fasta...
Sketching GCA_900597175.2.fasta...
Sketching GCA_900598305.2.fasta...
Sketching GCA_963560585.1.fasta...
Sketching GCA_963560675.1.fasta...
Sketching GCA_963560735.1.fasta...
Sketching GCA_963560915.1.fasta...
Sketching GCA_963560945.1.fasta...
Sketching GCA_963561075.1.fasta...
Sketching GCA_963561215.1.fasta...
Sketching GCA_963561245.1.fasta...
Sketching GCA_963561355.1.fasta...
Sketching GCA_963561435.1.fasta...
Sketching GCA_963561565.1.fasta...
Sketching GCA_963561735.1.fasta...
Sketching GCA_963561765.1.fasta...
Sketching GCA_963561835.1.fasta...
Sketching GCA_963561855.1.fasta...
Sketching GCA_963561895.1.fasta...
Sketching GCA_963561915.1.fasta...
Sketching GCA_963561925.1.fasta...
Sketching GCA_963561975.1.fasta...
Sketching GCA_963562235.1.fasta...
Sketching GCA_963562325.1.fasta...
Sketching GCA_963562615.1.fasta...
Sketching GCA_963562655.1.fasta...
Sketching GCA_963562695.1.fasta...
Sketching GCA_963562795.1.fasta...
Sketching GCA_963562965.1.fasta...
Sketching GCA_963563065.1.fasta...
Sketching GCA_963563155.1.fasta...
Sketching GCA_963563305.1.fasta...
Sketching GCA_963563475.1.fasta...
Sketching GCA_963563525.1.fasta...
Sketching GCA_963563635.1.fasta...
Sketching GCA_963563715.1.fasta...
Sketching GCA_963564305.1.fasta...
Sketching GCA_963564325.1.fasta...
Sketching GCA_963564375.1.fasta...
Sketching GCA_963564785.1.fasta...
Sketching GCA_963564975.1.fasta...
Sketching GCA_963565015.1.fasta...
Sketching GCA_963565085.1.fasta...
Sketching GCA_963565125.1.fasta...
Sketching GCA_963565345.1.fasta...
Sketching GCA_963565395.1.fasta...
Sketching GCA_963565485.1.fasta...
Sketching GCA_963565565.1.fasta...
Sketching GCA_963565675.1.fasta...
Sketching GCA_963566085.1.fasta...
Sketching GCA_963566175.1.fasta...
Sketching GCA_963566455.1.fasta...
Sketching GCA_963566475.1.fasta...
Sketching GCA_963566495.1.fasta...
Sketching GCA_963566625.1.fasta...
Sketching GCA_963566635.1.fasta...
Sketching GCA_963566675.1.fasta...
Sketching GCA_963566695.1.fasta...
Sketching GCA_963566765.1.fasta...
Sketching GCA_963566855.1.fasta...
Sketching GCA_963567115.1.fasta...
Sketching GCA_963567325.1.fasta...
Sketching GCA_963567935.1.fasta...
Sketching GCA_963568005.1.fasta...
Sketching GCA_963568055.1.fasta...
Sketching GCA_963568705.1.fasta...
Sketching GCA_963568785.1.fasta...
Sketching GCA_963568885.1.fasta...
Sketching GCA_963569325.1.fasta...
Sketching GCA_963569365.1.fasta...
Sketching GCA_963569645.1.fasta...
Sketching GCA_963569685.1.fasta...
Sketching GCA_963569705.1.fasta...
Sketching GCA_963569785.1.fasta...
Sketching GCA_963569795.1.fasta...
Sketching GCA_963570025.1.fasta...
Sketching GCA_963570085.1.fasta...
Sketching GCA_963570105.1.fasta...
Sketching GCA_963570575.1.fasta...
Sketching GCA_963570975.1.fasta...
Sketching GCA_963571005.1.fasta...
Sketching GCA_963571055.1.fasta...
Sketching GCA_963571365.1.fasta...
Sketching GCA_963571475.1.fasta...
Sketching GCA_963571495.1.fasta...
Sketching GCA_963571745.1.fasta...
Sketching GCA_963571845.1.fasta...
Sketching GCA_963571905.1.fasta...
Sketching GCA_963571975.1.fasta...
Sketching GCA_963572615.1.fasta...
Sketching GCA_963572755.1.fasta...
Sketching GCA_963572995.1.fasta...
Sketching GCA_963573025.1.fasta...
Sketching GCA_963573095.1.fasta...
Sketching GCA_963573135.1.fasta...
Sketching GCA_963573175.1.fasta...
Sketching GCA_963573225.1.fasta...
Sketching IE-0001_S6_L001-SPAdes.fasta...
Sketching IE-0003_S8_L001-SPAdes.fasta...
Sketching IE-0004_S9_L001-SPAdes.fasta...
Sketching IE-0005_S10_L001-SPAdes.fasta...
Sketching IE-0006_S11_L001-SPAdes.fasta...
Sketching IE-0007_S1_L001-SPAdes.fasta...
Sketching IE-0009_S3_L001-SPAdes.fasta...
Sketching IE-0010_S4_L001-SPAdes.fasta...
Sketching IE-0011_S5_L001-SPAdes.fasta...
Sketching IE-0012_S6_L001-SPAdes.fasta...
Sketching IE-0013_S7_L001-SPAdes.fasta...
Sketching IE-0014_S8_L001-SPAdes.fasta...
Sketching IE-0015_S9_L001-SPAdes.fasta...
Sketching IE-0016_S10_L001-SPAdes.fasta...
Sketching IE-0017_S11_L001-SPAdes.fasta...
Sketching IE-0018_S12_L001-SPAdes.fasta...
Sketching IE-0019_S5-SPAdes.fasta...
Sketching IE-0021_S7-SPAdes.fasta...
Sketching IE-0022_S8-SPAdes.fasta...
Sketching IE-0024_S10-SPAdes.fasta...
Sketching IE-0026_S8-SPAdes.fasta...
Sketching IP-0001-8_S1_L001-SPAdes.fasta...
Sketching IP-0002-6_S2_L001-SPAdes.fasta...
Sketching IP-0003-4_S3_L001-SPAdes.fasta...
Sketching IP-0004-2_S4_L001-SPAdes.fasta...
Sketching IP-0005-9_S5_L001-SPAdes.fasta...
Sketching IP-0006-7_S6_L001-SPAdes.fasta...
Sketching IP-0007-5_S7_L001-SPAdes.fasta...
Sketching IP-0008-3_S8_L001-SPAdes.fasta...
Sketching IP-0009-1_S9_L001-SPAdes.fasta...
Sketching IP-0010-9_S10_L001-SPAdes.fasta...
Sketching IP-0011-7_S2_L001-SPAdes.fasta...
Sketching IP-0012-5_S3_L001-SPAdes.fasta...
Sketching IP-0013-3_S4_L001-SPAdes.fasta...
Sketching IP-0014-1_S5_L001-SPAdes.fasta...
Sketching IP-0015-8_S6_L001-SPAdes.fasta...
Sketching IP-0016-6_S7_L001-SPAdes.fasta...
Sketching IP-0017-4_S8_L001-SPAdes.fasta...
Sketching IP-0018-2_S9_L001-SPAdes.fasta...
Sketching IP-0019-0_S10_L001-SPAdes.fasta...
Sketching IP-0020-8_S11_L001-SPAdes.fasta...
Sketching IP-0021-6_S1_L001-SPAdes.fasta...
Sketching IP-0022-4_S2_L001-SPAdes.fasta...
Sketching IP-0023-2_S3_L001-SPAdes.fasta...
Sketching IP-0024-0_S4_L001-SPAdes.fasta...
Sketching IP-0025-7_S5_L001-SPAdes.fasta...
Sketching IP-0026-5_S6_L001-SPAdes.fasta...
Sketching IP-0027-3_S7_L001-SPAdes.fasta...
Sketching IP-0028-1_S8_L001-SPAdes.fasta...
Sketching IP-0029-9_S9_L001-SPAdes.fasta...
Sketching IP-0030-7_S10_L001-SPAdes.fasta...
Sketching IP-0031-5_S1_L001-SPAdes.fasta...
Sketching IP-0032-3_S2_L001-SPAdes.fasta...
Sketching IP-0033-1_S3_L001-SPAdes.fasta...
Sketching IP-0034-9_S4_L001-SPAdes.fasta...
Sketching IP-0035-6_S5_L001-SPAdes.fasta...
Sketching IP-0036-4_S6_L001-SPAdes.fasta...
Sketching IP-0037-2_S7_L001-SPAdes.fasta...
Sketching IP-0038-0_S8_L001-SPAdes.fasta...
Sketching IP-0039-8_S9_L001-SPAdes.fasta...
Sketching IP-0040-6_S10_L001-SPAdes.fasta...
Sketching IP-0041-4_S1_L001-SPAdes.fasta...
Sketching IP-0042-2_S2_L001-SPAdes.fasta...
Sketching IP-0043-0_S3_L001-SPAdes.fasta...
Sketching IP-0044-8_S4_L001-SPAdes.fasta...
Sketching IP-0045-5_S5_L001-SPAdes.fasta...
Sketching IP-0046-3_S6_L001-SPAdes.fasta...
Sketching IP-0047-1_S7_L001-SPAdes.fasta...
Sketching IP-0048-9_S8_L001-SPAdes.fasta...
Sketching IP-0049-7_S9_L001-SPAdes.fasta...
Sketching IP-0050-5_S10_L001-SPAdes.fasta...
Sketching IP-0051-3_S1_L001-SPAdes.fasta...
Sketching IP-0052-1_S2_L001-SPAdes.fasta...
Sketching IP-0053-9_S3_L001-SPAdes.fasta...
Sketching IP-0054-7_S4_L001-SPAdes.fasta...
Sketching IP-0055-4_S5_L001-SPAdes.fasta...
Sketching IP-0056-2_S1_L001-SPAdes.fasta...
Sketching IP-0057-0_S2_L001-SPAdes.fasta...
Sketching IP-0058-8_S3_L001-SPAdes.fasta...
Sketching IP-0059-6_S4_L001-SPAdes.fasta...
Sketching IP-0060-4_S5_L001-SPAdes.fasta...
Sketching IP-0061-2_S6_L001-SPAdes.fasta...
Sketching IP-0062-0_S7_L001-SPAdes.fasta...
Sketching IP-0063-8_S8_L001-SPAdes.fasta...
Sketching IP-0064-6_S9_L001-SPAdes.fasta...
Sketching IP-0065-3_S10_L001-SPAdes.fasta...
Sketching IP-0066-1_S11_L001-SPAdes.fasta...
Sketching IP-0067-9_S1_L001-SPAdes.fasta...
Sketching IP-0068-7_S2_L001-SPAdes.fasta...
Sketching IP-0069-5_S3_L001-SPAdes.fasta...
Sketching IP-0070-3_S4_L001-SPAdes.fasta...
Sketching IP-0071-1_S5_L001-SPAdes.fasta...
Sketching IP-0072-9_S6_L001-SPAdes.fasta...
Sketching IP-0073-7_S7_L001-SPAdes.fasta...
Sketching IP-0075-2_S9_L001-SPAdes.fasta...
Sketching IP-0076-0_S10_L001-SPAdes.fasta...
Sketching IP-0077-8_S11_L001-SPAdes.fasta...
Sketching IP-0078-6_S1_L001-SPAdes.fasta...
Sketching IP-0079-4_S2_L001-SPAdes.fasta...
Sketching IP-0080-2_S3_L001-SPAdes.fasta...
Sketching IP-0081-0_S4_L001-SPAdes.fasta...
Sketching IP-0082-8_S5_L001-SPAdes.fasta...
Sketching IP-0083-6_S6_L001-SPAdes.fasta...
Sketching IP-0084-4_S7_L001-SPAdes.fasta...
Sketching IP-0085-1_S8_L001-SPAdes.fasta...
Sketching IP-0086-9_S9_L001-SPAdes.fasta...
Sketching IP-0087-7_S10_L001-SPAdes.fasta...
Sketching IP-0088-5_S11_L001-SPAdes.fasta...
Sketching IP-0089-3_S1_L001-SPAdes.fasta...
Sketching IP-0090-1_S2_L001-SPAdes.fasta...
Sketching IP-0091-9_S3_L001-SPAdes.fasta...
Sketching IP-0092-7_S4_L001-SPAdes.fasta...
Sketching IP-0093-5_S5_L001-SPAdes.fasta...
Sketching IP-0094-3_S6_L001-SPAdes.fasta...
Sketching IP-0095-0_S7_L001-SPAdes.fasta...
Sketching IP-0096-8_S8_L001-SPAdes.fasta...
Sketching IP-0097-6_S9_L001-SPAdes.fasta...
Sketching IP-0098-4_S10_L001-SPAdes.fasta...
Sketching IP-0099-2_S11_L001-SPAdes.fasta...
Sketching IP-0100-8_S1_L001-SPAdes.fasta...
Sketching IP-0101-6_S1_L001-SPAdes.fasta...
Sketching IP-0102-4_S2_L001-SPAdes.fasta...
Sketching IP-0103-2_S3_L001-SPAdes.fasta...
Sketching IP-0104-0_S4_L001-SPAdes.fasta...
Sketching IP-0105-7_S5_L001-SPAdes.fasta...
Sketching IP-0106-5_S6_L001-SPAdes.fasta...
Sketching IP-0107-3_S7_L001-SPAdes.fasta...
Sketching IP-0108-1_S8_L001-SPAdes.fasta...
Sketching IP-0109-9_S9_L001-SPAdes.fasta...
Sketching IP-0110-7_S10_L001-SPAdes.fasta...
Sketching IP-0111-5_S2_L001-SPAdes.fasta...
Sketching IP-0112-3_S3_L001-SPAdes.fasta...
Sketching IP-0113-1_S4_L001-SPAdes.fasta...
Sketching IP-0114-9_S5_L001-SPAdes.fasta...
Sketching IP-0115-6_S6_L001-SPAdes.fasta...
Sketching IP-0116-4_S7_L001-SPAdes.fasta...
Sketching IP-0117-2_S8_L001-SPAdes.fasta...
Sketching IP-0118-0_S9_L001-SPAdes.fasta...
Sketching IP-0119-8_S10_L001-SPAdes.fasta...
Sketching IP-0120-6_S11_L001-SPAdes.fasta...
Sketching IP-0121-4_S1_L001-SPAdes.fasta...
Sketching IP-0122-2_S2_L001-SPAdes.fasta...
Sketching IP-0123-0_S3_L001-SPAdes.fasta...
Sketching IP-0124-8_S4_L001-SPAdes.fasta...
Sketching IP-0125-5_S5_L001-SPAdes.fasta...
Sketching IP-0126-3_S6_L001-SPAdes.fasta...
Sketching IP-0127-1_S7_L001-SPAdes.fasta...
Sketching IP-0128-9_S8_L001-SPAdes.fasta...
Sketching IP-0129-7_S9_L001-SPAdes.fasta...
Sketching IP-0130-5_S10_L001-SPAdes.fasta...
Sketching IP-0131-3_S1_L001-SPAdes.fasta...
Sketching IP-0132-1_S2_L001-SPAdes.fasta...
Sketching IP-0133-9_S3_L001-SPAdes.fasta...
Sketching IP-0134-7_S4_L001-SPAdes.fasta...
Sketching IP-0135-4_S5_L001-SPAdes.fasta...
Sketching IP-0136-2_S6_L001-SPAdes.fasta...
Sketching IP-0137-0_S7_L001-SPAdes.fasta...
Sketching IP-0138-8_S8_L001-SPAdes.fasta...
Sketching IP-0139-6_S9_L001-SPAdes.fasta...
Sketching IP-0140-4_S10_L001-SPAdes.fasta...
Sketching IP-0141-2_S1_L001-SPAdes.fasta...
Sketching IP-0142-0_S2_L001-SPAdes.fasta...
Sketching IP-0143-8_S3_L001-SPAdes.fasta...
Sketching IP-0144-6_S4_L001-SPAdes.fasta...
Sketching IP-0145-3_S5_L001-SPAdes.fasta...
Sketching IP-0146-1_S6_L001-SPAdes.fasta...
Sketching IP-0147-9_S7_L001-SPAdes.fasta...
Sketching IP-0148-7_S8_L001-SPAdes.fasta...
Sketching IP-0149-5_S9_L001-SPAdes.fasta...
Sketching IP-0150-3_S10_L001-SPAdes.fasta...
Sketching IP-0151-1_S1_L001-SPAdes.fasta...
Sketching IP-0152-9_S2_L001-SPAdes.fasta...
Sketching IP-0153-7_S3_L001-SPAdes.fasta...
Sketching IP-0154-5_S4_L001-SPAdes.fasta...
Sketching IP-0155-2_S5_L001-SPAdes.fasta...
Sketching IP-0156-0_S6_L001-SPAdes.fasta...
Sketching IP-0157-8_S7_L001-SPAdes.fasta...
Sketching IP-0158-6_S8_L001-SPAdes.fasta...
Sketching IP-0159-4_S9_L001-SPAdes.fasta...
Sketching IP-0160-2_S10_L001-SPAdes.fasta...
Sketching IP-0161-0_S11_L001-SPAdes.fasta...
Sketching IP-0162-8_S1-SPAdes.fasta...
Sketching IP-0163-6_S2-SPAdes.fasta...
Sketching IP-0164-4_S3-SPAdes.fasta...
Sketching IP-0165-1_S4-SPAdes.fasta...
Sketching IP-0166-9_S1-SPAdes.fasta...
Sketching IP-0167-7_S2-SPAdes.fasta...
Sketching IP-0168-5_S3-SPAdes.fasta...
Sketching IP-0169-3_S4-SPAdes.fasta...
Sketching IP-0170-1_S5-SPAdes.fasta...
Sketching IP-0171-9-R_S12-SPAdes.fasta...
Sketching IP-0172-7_S7-SPAdes.fasta...
Sketching IP-0173-5_S8-SPAdes.fasta...
Sketching IP-0174-3_S9-SPAdes.fasta...
Sketching IP-0175-0_S10-SPAdes.fasta...
Sketching IP-0176-8_S1-SPAdes.fasta...
Sketching IP-0177-6_S2-SPAdes.fasta...
Sketching IP-0178-4_S3-SPAdes.fasta...
Sketching IP-0179-2_S4-SPAdes.fasta...
Sketching IP-0180-0_S5-SPAdes.fasta...
Sketching IP-0181-8_S6-SPAdes.fasta...
Sketching IP-0182-6_S7-SPAdes.fasta...
Sketching IP-0183-4_S8-SPAdes.fasta...
Sketching IP-0184-2_S9-SPAdes.fasta...
Sketching IP-0185-9_S10-SPAdes.fasta...
Sketching IP-0186-7_S1-SPAdes.fasta...
Sketching IP-0187-5_S2-SPAdes.fasta...
Sketching IP-0188-3_S3-SPAdes.fasta...
Sketching IP-0189-1_S4-SPAdes.fasta...
Sketching IP-0190-9_S5-SPAdes.fasta...
Sketching IP-0191-7_S6-SPAdes.fasta...
Sketching IP-0192-5_S7-SPAdes.fasta...
Sketching IP-0193-3_S8-SPAdes.fasta...
Sketching IP-0195-8_S10-SPAdes.fasta...
Sketching IP-0196-6_S1-SPAdes.fasta...
Sketching IP-0197-4_S2-SPAdes.fasta...
Sketching IP-0199-0_S4-SPAdes.fasta...
Sketching IP-0200-6_S5-SPAdes.fasta...
Sketching IP-0201-4_S6-SPAdes.fasta...
Sketching IP-0202-2_S7-SPAdes.fasta...
Sketching SRR12527871_contigs.fasta...
Sketching SRR12527885_contigs.fasta...
Writing to mash.msh...
