Building PopPUNK database with 135 genomes...
Mapped: Burkholderia_pseudomallei_52W_S71_GCF_014712835.1_Laos -> Burkholderia_pseudomallei_52W_S71_GCF_014712835.1_Laos.fasta
Mapped: Burkholderia_pseudomallei_402a_GCF_001980775.1_Thailand -> Burkholderia_pseudomallei_402a_GCF_001980775.1_Thailand.fasta
Mapped: ERS013354 -> ERS013354.fasta
Mapped: GCA_963561895.1 -> GCA_963561895.1.fasta
Mapped: IP-0122-2_S2_L001-SPAdes -> IP-0122-2_S2_L001-SPAdes.fasta
Mapped: IP-0041-4_S1_L001-SPAdes -> IP-0041-4_S1_L001-SPAdes.fasta
Mapped: ERS013364 -> ERS013364.fasta
Mapped: IP-0139-6_S9_L001-SPAdes -> IP-0139-6_S9_L001-SPAdes.fasta
Mapped: GCA_963573225.1 -> GCA_963573225.1.fasta
Mapped: GCA_900597175.2 -> GCA_900597175.2.fasta
Mapped: GCA_963561245.1 -> GCA_963561245.1.fasta
Mapped: GCA_963572615.1 -> GCA_963572615.1.fasta
Mapped: IP-0079-4_S2_L001-SPAdes -> IP-0079-4_S2_L001-SPAdes.fasta
Mapped: Burkholderia_pseudomallei_4822_GCF_009826725.1_Viet_Nam -> Burkholderia_pseudomallei_4822_GCF_009826725.1_Viet_Nam.fasta
Mapped: IP-0170-1_S5-SPAdes -> IP-0170-1_S5-SPAdes.fasta
Mapped: IP-0155-2_S5_L001-SPAdes -> IP-0155-2_S5_L001-SPAdes.fasta
Mapped: IP-0191-7_S6-SPAdes -> IP-0191-7_S6-SPAdes.fasta
Mapped: ERS008795 -> ERS008795.fasta
Mapped: IP-0058-8_S3_L001-SPAdes -> IP-0058-8_S3_L001-SPAdes.fasta
Mapped: IP-0120-6_S11_L001-SPAdes -> IP-0120-6_S11_L001-SPAdes.fasta
Mapped: IP-0076-0_S10_L001-SPAdes -> IP-0076-0_S10_L001-SPAdes.fasta
Mapped: IP-0073-7_S7_L001-SPAdes -> IP-0073-7_S7_L001-SPAdes.fasta
Mapped: GCA_963569645.1 -> GCA_963569645.1.fasta
Mapped: GCA_963566495.1 -> GCA_963566495.1.fasta
Mapped: IP-0146-1_S6_L001-SPAdes -> IP-0146-1_S6_L001-SPAdes.fasta
Mapped: IP-0003-4_S3_L001-SPAdes -> IP-0003-4_S3_L001-SPAdes.fasta
Mapped: ERS013352 -> ERS013352.fasta
Mapped: ERS008825 -> ERS008825.fasta
Mapped: GCA_963568785.1 -> GCA_963568785.1.fasta
Mapped: IP-0173-5_S8-SPAdes -> IP-0173-5_S8-SPAdes.fasta
Mapped: GCA_963561215.1 -> GCA_963561215.1.fasta
Mapped: Burkholderia_pseudomallei_58W_S73_GCF_014712875.1_Laos -> Burkholderia_pseudomallei_58W_S73_GCF_014712875.1_Laos.fasta
Mapped: Burkholderia_pseudomallei_134K_GCF_009830075.1_Thailand -> Burkholderia_pseudomallei_134K_GCF_009830075.1_Thailand.fasta
Mapped: GCA_963561435.1 -> GCA_963561435.1.fasta
Mapped: Burkholderia_pseudomallei_619s005_GCF_001207785.2_Malaysia -> Burkholderia_pseudomallei_619s005_GCF_001207785.2_Malaysia.fasta
Mapped: IP-0080-2_S3_L001-SPAdes -> IP-0080-2_S3_L001-SPAdes.fasta
Mapped: IE-0014_S8_L001-SPAdes -> IE-0014_S8_L001-SPAdes.fasta
Mapped: IP-0108-1_S8_L001-SPAdes -> IP-0108-1_S8_L001-SPAdes.fasta
Mapped: IP-0142-0_S2_L001-SPAdes -> IP-0142-0_S2_L001-SPAdes.fasta
Mapped: GCA_963562325.1 -> GCA_963562325.1.fasta
Mapped: IE-0015_S9_L001-SPAdes -> IE-0015_S9_L001-SPAdes.fasta
Mapped: ERS012377 -> ERS012377.fasta
Mapped: ERS008781 -> ERS008781.fasta
Mapped: IP-0186-7_S1-SPAdes -> IP-0186-7_S1-SPAdes.fasta
Mapped: IP-0154-5_S4_L001-SPAdes -> IP-0154-5_S4_L001-SPAdes.fasta
Mapped: IP-0054-7_S4_L001-SPAdes -> IP-0054-7_S4_L001-SPAdes.fasta
Mapped: IP-0163-6_S2-SPAdes -> IP-0163-6_S2-SPAdes.fasta
Mapped: IE-0007_S1_L001-SPAdes -> IE-0007_S1_L001-SPAdes.fasta
Mapped: IE-0026_S8-SPAdes -> IE-0026_S8-SPAdes.fasta
Mapped: IP-0129-7_S9_L001-SPAdes -> IP-0129-7_S9_L001-SPAdes.fasta
Mapped: GCA_963564975.1 -> GCA_963564975.1.fasta
Mapped: GCA_963566765.1 -> GCA_963566765.1.fasta
Mapped: IP-0119-8_S10_L001-SPAdes -> IP-0119-8_S10_L001-SPAdes.fasta
Mapped: IP-0123-0_S3_L001-SPAdes -> IP-0123-0_S3_L001-SPAdes.fasta
Mapped: IP-0111-5_S2_L001-SPAdes -> IP-0111-5_S2_L001-SPAdes.fasta
Mapped: IP-0017-4_S8_L001-SPAdes -> IP-0017-4_S8_L001-SPAdes.fasta
Mapped: GCA_963565015.1 -> GCA_963565015.1.fasta
Mapped: ERS008820 -> ERS008820.fasta
Mapped: SRR12527885_contigs -> SRR12527885_contigs.fasta
Mapped: IP-0189-1_S4-SPAdes -> IP-0189-1_S4-SPAdes.fasta
Mapped: Burkholderia_pseudomallei_316a_GCF_001980725.1_Thailand -> Burkholderia_pseudomallei_316a_GCF_001980725.1_Thailand.fasta
Mapped: GCA_963568005.1 -> GCA_963568005.1.fasta
Mapped: GCA_963561975.1 -> GCA_963561975.1.fasta
Mapped: Burkholderia_pseudomallei_ABCPW_107_GCF_000773235.1_Australia -> Burkholderia_pseudomallei_ABCPW_107_GCF_000773235.1_Australia.fasta
Mapped: Burkholderia_pseudomallei_40S_S61_GCF_014713055.1_Laos -> Burkholderia_pseudomallei_40S_S61_GCF_014713055.1_Laos.fasta
Mapped: ERS012330 -> ERS012330.fasta
Mapped: GCA_963564375.1 -> GCA_963564375.1.fasta
Mapped: IP-0023-2_S3_L001-SPAdes -> IP-0023-2_S3_L001-SPAdes.fasta
Mapped: GCA_963571905.1 -> GCA_963571905.1.fasta
Mapped: ERS012309 -> ERS012309.fasta
Mapped: IP-0097-6_S9_L001-SPAdes -> IP-0097-6_S9_L001-SPAdes.fasta
Mapped: ERS008794 -> ERS008794.fasta
Mapped: GCA_963560945.1 -> GCA_963560945.1.fasta
Mapped: IP-0202-2_S7-SPAdes -> IP-0202-2_S7-SPAdes.fasta
Mapped: IP-0183-4_S8-SPAdes -> IP-0183-4_S8-SPAdes.fasta
Mapped: ERS013353 -> ERS013353.fasta
Mapped: ERS008841 -> ERS008841.fasta
Mapped: GCA_963562655.1 -> GCA_963562655.1.fasta
Mapped: IP-0007-5_S7_L001-SPAdes -> IP-0007-5_S7_L001-SPAdes.fasta
Mapped: IP-0100-8_S1_L001-SPAdes -> IP-0100-8_S1_L001-SPAdes.fasta
Mapped: GCA_963563305.1 -> GCA_963563305.1.fasta
Mapped: IP-0057-0_S2_L001-SPAdes -> IP-0057-0_S2_L001-SPAdes.fasta
Mapped: ERS008828 -> ERS008828.fasta
Mapped: IP-0178-4_S3-SPAdes -> IP-0178-4_S3-SPAdes.fasta
Mapped: IP-0077-8_S11_L001-SPAdes -> IP-0077-8_S11_L001-SPAdes.fasta
Mapped: IP-0094-3_S6_L001-SPAdes -> IP-0094-3_S6_L001-SPAdes.fasta
Mapped: GCA_963565675.1 -> GCA_963565675.1.fasta
Mapped: IP-0149-5_S9_L001-SPAdes -> IP-0149-5_S9_L001-SPAdes.fasta
Mapped: Burkholderia_pseudomallei_44W_S64_GCF_014713025.1_Laos -> Burkholderia_pseudomallei_44W_S64_GCF_014713025.1_Laos.fasta
Mapped: ERS012327 -> ERS012327.fasta
Mapped: IP-0141-2_S1_L001-SPAdes -> IP-0141-2_S1_L001-SPAdes.fasta
Mapped: IP-0132-1_S2_L001-SPAdes -> IP-0132-1_S2_L001-SPAdes.fasta
Mapped: Burkholderia_pseudomallei_91W_S76_GCF_014712775.1_Laos -> Burkholderia_pseudomallei_91W_S76_GCF_014712775.1_Laos.fasta
Mapped: IP-0150-3_S10_L001-SPAdes -> IP-0150-3_S10_L001-SPAdes.fasta
Mapped: IP-0037-2_S7_L001-SPAdes -> IP-0037-2_S7_L001-SPAdes.fasta
Mapped: IP-0016-6_S7_L001-SPAdes -> IP-0016-6_S7_L001-SPAdes.fasta
Mapped: IP-0167-7_S2-SPAdes -> IP-0167-7_S2-SPAdes.fasta
Mapped: IP-0168-5_S3-SPAdes -> IP-0168-5_S3-SPAdes.fasta
Mapped: ERS008816 -> ERS008816.fasta
Mapped: IP-0032-3_S2_L001-SPAdes -> IP-0032-3_S2_L001-SPAdes.fasta
Mapped: IP-0052-1_S2_L001-SPAdes -> IP-0052-1_S2_L001-SPAdes.fasta
Mapped: IP-0019-0_S10_L001-SPAdes -> IP-0019-0_S10_L001-SPAdes.fasta
Mapped: IP-0033-1_S3_L001-SPAdes -> IP-0033-1_S3_L001-SPAdes.fasta
Mapped: GCA_963561915.1 -> GCA_963561915.1.fasta
Mapped: IE-0018_S12_L001-SPAdes -> IE-0018_S12_L001-SPAdes.fasta
Mapped: Burkholderia_pseudomallei_619s006_GCF_001212705.2_Malaysia -> Burkholderia_pseudomallei_619s006_GCF_001212705.2_Malaysia.fasta
Mapped: IP-0124-8_S4_L001-SPAdes -> IP-0124-8_S4_L001-SPAdes.fasta
Mapped: GCA_963569365.1 -> GCA_963569365.1.fasta
Mapped: IP-0196-6_S1-SPAdes -> IP-0196-6_S1-SPAdes.fasta
Mapped: GCA_963566855.1 -> GCA_963566855.1.fasta
Mapped: IP-0035-6_S5_L001-SPAdes -> IP-0035-6_S5_L001-SPAdes.fasta
Mapped: GCA_963562795.1 -> GCA_963562795.1.fasta
Mapped: GCA_963561735.1 -> GCA_963561735.1.fasta
Mapped: ERS008797 -> ERS008797.fasta
Mapped: IP-0197-4_S2-SPAdes -> IP-0197-4_S2-SPAdes.fasta
Mapped: IE-0016_S10_L001-SPAdes -> IE-0016_S10_L001-SPAdes.fasta
Mapped: IP-0042-2_S2_L001-SPAdes -> IP-0042-2_S2_L001-SPAdes.fasta
Mapped: IE-0006_S11_L001-SPAdes -> IE-0006_S11_L001-SPAdes.fasta
Mapped: IE-0009_S3_L001-SPAdes -> IE-0009_S3_L001-SPAdes.fasta
Mapped: ERS008803 -> ERS008803.fasta
Mapped: Burkholderia_pseudomallei_43S_S63_GCF_014713085.1_Laos -> Burkholderia_pseudomallei_43S_S63_GCF_014713085.1_Laos.fasta
Mapped: IP-0012-5_S3_L001-SPAdes -> IP-0012-5_S3_L001-SPAdes.fasta
Mapped: ERS012332 -> ERS012332.fasta
Mapped: GCA_963571975.1 -> GCA_963571975.1.fasta
Mapped: ERS008798 -> ERS008798.fasta
Mapped: GCA_963573135.1 -> GCA_963573135.1.fasta
Mapped: IP-0050-5_S10_L001-SPAdes -> IP-0050-5_S10_L001-SPAdes.fasta
Mapped: Burkholderia_pseudomallei_45S_S65_GCF_014713015.1_Laos -> Burkholderia_pseudomallei_45S_S65_GCF_014713015.1_Laos.fasta
Mapped: IE-0005_S10_L001-SPAdes -> IE-0005_S10_L001-SPAdes.fasta
Mapped: GCA_963565565.1 -> GCA_963565565.1.fasta
Mapped: ERS012317 -> ERS012317.fasta
Mapped: GCA_963560585.1 -> GCA_963560585.1.fasta
Mapped: IP-0153-7_S3_L001-SPAdes -> IP-0153-7_S3_L001-SPAdes.fasta
Mapped: GCA_963569685.1 -> GCA_963569685.1.fasta
Mapped: IP-0201-4_S6-SPAdes -> IP-0201-4_S6-SPAdes.fasta
Created staged files list:
Burkholderia_pseudomallei_52W_S71_GCF_014712835.1_Laos	Burkholderia_pseudomallei_52W_S71_GCF_014712835.1_Laos.fasta
Burkholderia_pseudomallei_402a_GCF_001980775.1_Thailand	Burkholderia_pseudomallei_402a_GCF_001980775.1_Thailand.fasta
ERS013354	ERS013354.fasta
GCA_963561895.1	GCA_963561895.1.fasta
IP-0122-2_S2_L001-SPAdes	IP-0122-2_S2_L001-SPAdes.fasta
IP-0041-4_S1_L001-SPAdes	IP-0041-4_S1_L001-SPAdes.fasta
ERS013364	ERS013364.fasta
IP-0139-6_S9_L001-SPAdes	IP-0139-6_S9_L001-SPAdes.fasta
GCA_963573225.1	GCA_963573225.1.fasta
GCA_900597175.2	GCA_900597175.2.fasta
GCA_963561245.1	GCA_963561245.1.fasta
GCA_963572615.1	GCA_963572615.1.fasta
IP-0079-4_S2_L001-SPAdes	IP-0079-4_S2_L001-SPAdes.fasta
Burkholderia_pseudomallei_4822_GCF_009826725.1_Viet_Nam	Burkholderia_pseudomallei_4822_GCF_009826725.1_Viet_Nam.fasta
IP-0170-1_S5-SPAdes	IP-0170-1_S5-SPAdes.fasta
IP-0155-2_S5_L001-SPAdes	IP-0155-2_S5_L001-SPAdes.fasta
IP-0191-7_S6-SPAdes	IP-0191-7_S6-SPAdes.fasta
ERS008795	ERS008795.fasta
IP-0058-8_S3_L001-SPAdes	IP-0058-8_S3_L001-SPAdes.fasta
IP-0120-6_S11_L001-SPAdes	IP-0120-6_S11_L001-SPAdes.fasta
IP-0076-0_S10_L001-SPAdes	IP-0076-0_S10_L001-SPAdes.fasta
IP-0073-7_S7_L001-SPAdes	IP-0073-7_S7_L001-SPAdes.fasta
GCA_963569645.1	GCA_963569645.1.fasta
GCA_963566495.1	GCA_963566495.1.fasta
IP-0146-1_S6_L001-SPAdes	IP-0146-1_S6_L001-SPAdes.fasta
IP-0003-4_S3_L001-SPAdes	IP-0003-4_S3_L001-SPAdes.fasta
ERS013352	ERS013352.fasta
ERS008825	ERS008825.fasta
GCA_963568785.1	GCA_963568785.1.fasta
IP-0173-5_S8-SPAdes	IP-0173-5_S8-SPAdes.fasta
GCA_963561215.1	GCA_963561215.1.fasta
Burkholderia_pseudomallei_58W_S73_GCF_014712875.1_Laos	Burkholderia_pseudomallei_58W_S73_GCF_014712875.1_Laos.fasta
Burkholderia_pseudomallei_134K_GCF_009830075.1_Thailand	Burkholderia_pseudomallei_134K_GCF_009830075.1_Thailand.fasta
GCA_963561435.1	GCA_963561435.1.fasta
Burkholderia_pseudomallei_619s005_GCF_001207785.2_Malaysia	Burkholderia_pseudomallei_619s005_GCF_001207785.2_Malaysia.fasta
IP-0080-2_S3_L001-SPAdes	IP-0080-2_S3_L001-SPAdes.fasta
IE-0014_S8_L001-SPAdes	IE-0014_S8_L001-SPAdes.fasta
IP-0108-1_S8_L001-SPAdes	IP-0108-1_S8_L001-SPAdes.fasta
IP-0142-0_S2_L001-SPAdes	IP-0142-0_S2_L001-SPAdes.fasta
GCA_963562325.1	GCA_963562325.1.fasta
IE-0015_S9_L001-SPAdes	IE-0015_S9_L001-SPAdes.fasta
ERS012377	ERS012377.fasta
ERS008781	ERS008781.fasta
IP-0186-7_S1-SPAdes	IP-0186-7_S1-SPAdes.fasta
IP-0154-5_S4_L001-SPAdes	IP-0154-5_S4_L001-SPAdes.fasta
IP-0054-7_S4_L001-SPAdes	IP-0054-7_S4_L001-SPAdes.fasta
IP-0163-6_S2-SPAdes	IP-0163-6_S2-SPAdes.fasta
IE-0007_S1_L001-SPAdes	IE-0007_S1_L001-SPAdes.fasta
IE-0026_S8-SPAdes	IE-0026_S8-SPAdes.fasta
IP-0129-7_S9_L001-SPAdes	IP-0129-7_S9_L001-SPAdes.fasta
GCA_963564975.1	GCA_963564975.1.fasta
GCA_963566765.1	GCA_963566765.1.fasta
IP-0119-8_S10_L001-SPAdes	IP-0119-8_S10_L001-SPAdes.fasta
IP-0123-0_S3_L001-SPAdes	IP-0123-0_S3_L001-SPAdes.fasta
IP-0111-5_S2_L001-SPAdes	IP-0111-5_S2_L001-SPAdes.fasta
IP-0017-4_S8_L001-SPAdes	IP-0017-4_S8_L001-SPAdes.fasta
GCA_963565015.1	GCA_963565015.1.fasta
ERS008820	ERS008820.fasta
SRR12527885_contigs	SRR12527885_contigs.fasta
IP-0189-1_S4-SPAdes	IP-0189-1_S4-SPAdes.fasta
Burkholderia_pseudomallei_316a_GCF_001980725.1_Thailand	Burkholderia_pseudomallei_316a_GCF_001980725.1_Thailand.fasta
GCA_963568005.1	GCA_963568005.1.fasta
GCA_963561975.1	GCA_963561975.1.fasta
Burkholderia_pseudomallei_ABCPW_107_GCF_000773235.1_Australia	Burkholderia_pseudomallei_ABCPW_107_GCF_000773235.1_Australia.fasta
Burkholderia_pseudomallei_40S_S61_GCF_014713055.1_Laos	Burkholderia_pseudomallei_40S_S61_GCF_014713055.1_Laos.fasta
ERS012330	ERS012330.fasta
GCA_963564375.1	GCA_963564375.1.fasta
IP-0023-2_S3_L001-SPAdes	IP-0023-2_S3_L001-SPAdes.fasta
GCA_963571905.1	GCA_963571905.1.fasta
ERS012309	ERS012309.fasta
IP-0097-6_S9_L001-SPAdes	IP-0097-6_S9_L001-SPAdes.fasta
ERS008794	ERS008794.fasta
GCA_963560945.1	GCA_963560945.1.fasta
IP-0202-2_S7-SPAdes	IP-0202-2_S7-SPAdes.fasta
IP-0183-4_S8-SPAdes	IP-0183-4_S8-SPAdes.fasta
ERS013353	ERS013353.fasta
ERS008841	ERS008841.fasta
GCA_963562655.1	GCA_963562655.1.fasta
IP-0007-5_S7_L001-SPAdes	IP-0007-5_S7_L001-SPAdes.fasta
IP-0100-8_S1_L001-SPAdes	IP-0100-8_S1_L001-SPAdes.fasta
GCA_963563305.1	GCA_963563305.1.fasta
IP-0057-0_S2_L001-SPAdes	IP-0057-0_S2_L001-SPAdes.fasta
ERS008828	ERS008828.fasta
IP-0178-4_S3-SPAdes	IP-0178-4_S3-SPAdes.fasta
IP-0077-8_S11_L001-SPAdes	IP-0077-8_S11_L001-SPAdes.fasta
IP-0094-3_S6_L001-SPAdes	IP-0094-3_S6_L001-SPAdes.fasta
GCA_963565675.1	GCA_963565675.1.fasta
IP-0149-5_S9_L001-SPAdes	IP-0149-5_S9_L001-SPAdes.fasta
Burkholderia_pseudomallei_44W_S64_GCF_014713025.1_Laos	Burkholderia_pseudomallei_44W_S64_GCF_014713025.1_Laos.fasta
ERS012327	ERS012327.fasta
IP-0141-2_S1_L001-SPAdes	IP-0141-2_S1_L001-SPAdes.fasta
IP-0132-1_S2_L001-SPAdes	IP-0132-1_S2_L001-SPAdes.fasta
Burkholderia_pseudomallei_91W_S76_GCF_014712775.1_Laos	Burkholderia_pseudomallei_91W_S76_GCF_014712775.1_Laos.fasta
IP-0150-3_S10_L001-SPAdes	IP-0150-3_S10_L001-SPAdes.fasta
IP-0037-2_S7_L001-SPAdes	IP-0037-2_S7_L001-SPAdes.fasta
IP-0016-6_S7_L001-SPAdes	IP-0016-6_S7_L001-SPAdes.fasta
IP-0167-7_S2-SPAdes	IP-0167-7_S2-SPAdes.fasta
IP-0168-5_S3-SPAdes	IP-0168-5_S3-SPAdes.fasta
ERS008816	ERS008816.fasta
IP-0032-3_S2_L001-SPAdes	IP-0032-3_S2_L001-SPAdes.fasta
IP-0052-1_S2_L001-SPAdes	IP-0052-1_S2_L001-SPAdes.fasta
IP-0019-0_S10_L001-SPAdes	IP-0019-0_S10_L001-SPAdes.fasta
IP-0033-1_S3_L001-SPAdes	IP-0033-1_S3_L001-SPAdes.fasta
GCA_963561915.1	GCA_963561915.1.fasta
IE-0018_S12_L001-SPAdes	IE-0018_S12_L001-SPAdes.fasta
Burkholderia_pseudomallei_619s006_GCF_001212705.2_Malaysia	Burkholderia_pseudomallei_619s006_GCF_001212705.2_Malaysia.fasta
IP-0124-8_S4_L001-SPAdes	IP-0124-8_S4_L001-SPAdes.fasta
GCA_963569365.1	GCA_963569365.1.fasta
IP-0196-6_S1-SPAdes	IP-0196-6_S1-SPAdes.fasta
GCA_963566855.1	GCA_963566855.1.fasta
IP-0035-6_S5_L001-SPAdes	IP-0035-6_S5_L001-SPAdes.fasta
GCA_963562795.1	GCA_963562795.1.fasta
GCA_963561735.1	GCA_963561735.1.fasta
ERS008797	ERS008797.fasta
IP-0197-4_S2-SPAdes	IP-0197-4_S2-SPAdes.fasta
IE-0016_S10_L001-SPAdes	IE-0016_S10_L001-SPAdes.fasta
IP-0042-2_S2_L001-SPAdes	IP-0042-2_S2_L001-SPAdes.fasta
IE-0006_S11_L001-SPAdes	IE-0006_S11_L001-SPAdes.fasta
IE-0009_S3_L001-SPAdes	IE-0009_S3_L001-SPAdes.fasta
ERS008803	ERS008803.fasta
Burkholderia_pseudomallei_43S_S63_GCF_014713085.1_Laos	Burkholderia_pseudomallei_43S_S63_GCF_014713085.1_Laos.fasta
IP-0012-5_S3_L001-SPAdes	IP-0012-5_S3_L001-SPAdes.fasta
ERS012332	ERS012332.fasta
GCA_963571975.1	GCA_963571975.1.fasta
ERS008798	ERS008798.fasta
GCA_963573135.1	GCA_963573135.1.fasta
IP-0050-5_S10_L001-SPAdes	IP-0050-5_S10_L001-SPAdes.fasta
Burkholderia_pseudomallei_45S_S65_GCF_014713015.1_Laos	Burkholderia_pseudomallei_45S_S65_GCF_014713015.1_Laos.fasta
IE-0005_S10_L001-SPAdes	IE-0005_S10_L001-SPAdes.fasta
GCA_963565565.1	GCA_963565565.1.fasta
ERS012317	ERS012317.fasta
GCA_963560585.1	GCA_963560585.1.fasta
IP-0153-7_S3_L001-SPAdes	IP-0153-7_S3_L001-SPAdes.fasta
GCA_963569685.1	GCA_963569685.1.fasta
IP-0201-4_S6-SPAdes	IP-0201-4_S6-SPAdes.fasta
All files verified. Starting PopPUNK database creation...
Database created successfully. Fitting model with PopPUNK 2.7.x features...
Model fitting completed. Copying fitted model files to database directory...
Copying fitted model files to poppunk_db directory...
✓ Created poppunk_db_fit.pkl from poppunk_fit_fit.pkl
✓ Created poppunk_db_fit.npz from poppunk_fit_fit.npz
Files in poppunk_db after copying:
total 14960
drwxr-xr-x 2 root root     4096 Jun 24 04:38 .
drwxr-xr-x 4 1003 1004    32768 Jun 24 04:38 ..
-rw-r--r-- 1 root root    72488 Jun 24 04:38 poppunk_db.dists.npy
-rw-r--r-- 1 root root     3417 Jun 24 04:38 poppunk_db.dists.pkl
-rw-r--r-- 1 root root 12226568 Jun 24 04:38 poppunk_db.h5
-rw-r--r-- 1 root root    60930 Jun 24 04:38 poppunk_db.png
-rw-r--r-- 1 root root    60930 Jun 24 04:38 poppunk_db_ambiguous_base_counts.png
-rw-r--r-- 1 root root   342210 Jun 24 04:38 poppunk_db_distanceDistribution.png
-rw-r--r-- 1 root root     1632 Jun 24 04:38 poppunk_db_fit.npz
-rw-r--r-- 1 root root     1743 Jun 24 04:38 poppunk_db_fit.pkl
-rw-r--r-- 1 root root    52450 Jun 24 04:38 poppunk_db_genome_lengths.png
-rw-r--r-- 1 root root      721 Jun 24 04:38 poppunk_fit.refs
-rw-r--r-- 1 root root     2152 Jun 24 04:38 poppunk_fit.refs.dists.npy
-rw-r--r-- 1 root root      790 Jun 24 04:38 poppunk_fit.refs.dists.pkl
-rw-r--r-- 1 root root  2089264 Jun 24 04:38 poppunk_fit.refs.h5
-rw-r--r-- 1 root root      442 Jun 24 04:38 poppunk_fit.refs_graph.gt
-rw-r--r-- 1 root root   272168 Jun 24 04:38 poppunk_fit_DPGMM_fit.png
-rw-r--r-- 1 root root    32302 Jun 24 04:38 poppunk_fit_DPGMM_fit_contours.pdf
-rw-r--r-- 1 root root     3408 Jun 24 04:38 poppunk_fit_clusters.csv
-rw-r--r-- 1 root root     1632 Jun 24 04:38 poppunk_fit_fit.npz
-rw-r--r-- 1 root root     1743 Jun 24 04:38 poppunk_fit_fit.pkl
-rw-r--r-- 1 root root     2390 Jun 24 04:38 poppunk_fit_graph.gt
-rw-r--r-- 1 root root     4223 Jun 24 04:38 poppunk_fit_unword_clusters.csv
✓ Found fitted model file: poppunk_db_fit.pkl
Found poppunk_fit_clusters.csv in poppunk_fit/
PopPUNK model completed successfully!
