usage: poppunk_assign [-h] --db DB --query QUERY [--distances DISTANCES]
                      [--external-clustering EXTERNAL_CLUSTERING] --output
                      OUTPUT [--plot-fit PLOT_FIT] [--write-references]
                      [--update-db] [--overwrite] [--graph-weights]
                      [--save-partial-query-graph]
                      [--min-kmer-count MIN_KMER_COUNT] [--exact-count]
                      [--strand-preserved] [--run-qc] [--retain-failures]
                      [--max-a-dist MAX_A_DIST] [--max-pi-dist MAX_PI_DIST]
                      [--max-zero-dist MAX_ZERO_DIST] [--max-merge MAX_MERGE]
                      [--betweenness] [--type-isolate TYPE_ISOLATE]
                      [--length-sigma LENGTH_SIGMA]
                      [--length-range LENGTH_RANGE LENGTH_RANGE]
                      [--prop-n PROP_N] [--upper-n UPPER_N] [--serial]
                      [--stable {core,accessory,False}]
                      [--model-dir MODEL_DIR]
                      [--previous-clustering PREVIOUS_CLUSTERING] [--core]
                      [--accessory] [--use-full-network] [--threads THREADS]
                      [--gpu-sketch] [--gpu-dist] [--gpu-graph]
                      [--deviceid DEVICEID] [--version] [--citation]
poppunk_assign: error: argument --stable: expected one argument
