Assigning 450 genomes to PopPUNK clusters...
Total valid files from input: 450
First few files to be assigned:
IP-0050-5_S10_L001-SPAdes	IP-0050-5_S10_L001-SPAdes.fasta
IP-0100-8_S1_L001-SPAdes	IP-0100-8_S1_L001-SPAdes.fasta
Burkholderia_pseudomallei_44W_S64_GCF_014713025.1_Laos	Burkholderia_pseudomallei_44W_S64_GCF_014713025.1_Laos.fasta
IP-0201-4_S6-SPAdes	IP-0201-4_S6-SPAdes.fasta
GCA_963565015.1	GCA_963565015.1.fasta
Last few files to be assigned:
Burkholderia_pseudomallei_316a_GCF_001980725.1_Thailand	Burkholderia_pseudomallei_316a_GCF_001980725.1_Thailand.fasta
ERS012327	ERS012327.fasta
IE-0019_S5-SPAdes	IE-0019_S5-SPAdes.fasta
Burkholderia_pseudomallei_2010007509_GCF_002111145.1_USA_Arizona_ex_Costa_Rica	Burkholderia_pseudomallei_2010007509_GCF_002111145.1_USA_Arizona_ex_Costa_Rica.fasta
IP-0149-5_S9_L001-SPAdes	IP-0149-5_S9_L001-SPAdes.fasta
Verifying staged files exist...
All files verified. Starting PopPUNK assignment...
usage: poppunk_assign [-h] --db DB --query QUERY [--distances DISTANCES]
                      [--external-clustering EXTERNAL_CLUSTERING] --output
                      OUTPUT [--plot-fit PLOT_FIT] [--write-references]
                      [--update-db] [--overwrite] [--graph-weights]
                      [--save-partial-query-graph]
                      [--min-kmer-count MIN_KMER_COUNT] [--exact-count]
                      [--strand-preserved] [--run-qc] [--retain-failures]
                      [--max-a-dist MAX_A_DIST] [--max-pi-dist MAX_PI_DIST]
                      [--max-zero-dist MAX_ZERO_DIST] [--max-merge MAX_MERGE]
                      [--betweenness] [--type-isolate TYPE_ISOLATE]
                      [--length-sigma LENGTH_SIGMA]
                      [--length-range LENGTH_RANGE LENGTH_RANGE]
                      [--prop-n PROP_N] [--upper-n UPPER_N] [--serial]
                      [--stable {core,accessory,False}]
                      [--model-dir MODEL_DIR]
                      [--previous-clustering PREVIOUS_CLUSTERING] [--core]
                      [--accessory] [--use-full-network] [--threads THREADS]
                      [--gpu-sketch] [--gpu-dist] [--gpu-graph]
                      [--deviceid DEVICEID] [--version] [--citation]
poppunk_assign: error: argument --stable: expected one argument
