Building PopPUNK database with 135 genomes...
Mapped: ERS008822 -> ERS008822.fasta
Mapped: GCA_963566765.1 -> GCA_963566765.1.fasta
Mapped: IP-0057-0_S2_L001-SPAdes -> IP-0057-0_S2_L001-SPAdes.fasta
Mapped: Burkholderia_pseudomallei_ABCPW_107_GCF_000773235.1_Australia -> Burkholderia_pseudomallei_ABCPW_107_GCF_000773235.1_Australia.fasta
Mapped: ERS012331 -> ERS012331.fasta
Mapped: IP-0081-0_S4_L001-SPAdes -> IP-0081-0_S4_L001-SPAdes.fasta
Mapped: ERS008824 -> ERS008824.fasta
Mapped: GCA_963573025.1 -> GCA_963573025.1.fasta
Mapped: ERS008813 -> ERS008813.fasta
Mapped: IP-0015-8_S6_L001-SPAdes -> IP-0015-8_S6_L001-SPAdes.fasta
Mapped: IP-0031-5_S1_L001-SPAdes -> IP-0031-5_S1_L001-SPAdes.fasta
Mapped: GCA_963571005.1 -> GCA_963571005.1.fasta
Mapped: GCA_963563065.1 -> GCA_963563065.1.fasta
Mapped: GCA_963562235.1 -> GCA_963562235.1.fasta
Mapped: IP-0029-9_S9_L001-SPAdes -> IP-0029-9_S9_L001-SPAdes.fasta
Mapped: ERS012306 -> ERS012306.fasta
Mapped: IP-0157-8_S7_L001-SPAdes -> IP-0157-8_S7_L001-SPAdes.fasta
Mapped: IP-0095-0_S7_L001-SPAdes -> IP-0095-0_S7_L001-SPAdes.fasta
Mapped: IP-0036-4_S6_L001-SPAdes -> IP-0036-4_S6_L001-SPAdes.fasta
Mapped: IE-0009_S3_L001-SPAdes -> IE-0009_S3_L001-SPAdes.fasta
Mapped: ERS008790 -> ERS008790.fasta
Mapped: GCA_963571365.1 -> GCA_963571365.1.fasta
Mapped: IP-0072-9_S6_L001-SPAdes -> IP-0072-9_S6_L001-SPAdes.fasta
Mapped: GCA_963561975.1 -> GCA_963561975.1.fasta
Mapped: GCA_963564975.1 -> GCA_963564975.1.fasta
Mapped: IP-0137-0_S7_L001-SPAdes -> IP-0137-0_S7_L001-SPAdes.fasta
Mapped: IP-0116-4_S7_L001-SPAdes -> IP-0116-4_S7_L001-SPAdes.fasta
Mapped: IP-0149-5_S9_L001-SPAdes -> IP-0149-5_S9_L001-SPAdes.fasta
Mapped: Burkholderia_pseudomallei_64W_S75_GCF_014712815.1_Laos -> Burkholderia_pseudomallei_64W_S75_GCF_014712815.1_Laos.fasta
Mapped: IE-0026_S8-SPAdes -> IE-0026_S8-SPAdes.fasta
Mapped: IP-0030-7_S10_L001-SPAdes -> IP-0030-7_S10_L001-SPAdes.fasta
Mapped: IP-0008-3_S8_L001-SPAdes -> IP-0008-3_S8_L001-SPAdes.fasta
Mapped: IP-0027-3_S7_L001-SPAdes -> IP-0027-3_S7_L001-SPAdes.fasta
Mapped: ERS008817 -> ERS008817.fasta
Mapped: IP-0115-6_S6_L001-SPAdes -> IP-0115-6_S6_L001-SPAdes.fasta
Mapped: GCA_963565085.1 -> GCA_963565085.1.fasta
Mapped: IP-0197-4_S2-SPAdes -> IP-0197-4_S2-SPAdes.fasta
Mapped: IP-0045-5_S5_L001-SPAdes -> IP-0045-5_S5_L001-SPAdes.fasta
Mapped: IP-0090-1_S2_L001-SPAdes -> IP-0090-1_S2_L001-SPAdes.fasta
Mapped: IP-0018-2_S9_L001-SPAdes -> IP-0018-2_S9_L001-SPAdes.fasta
Mapped: IP-0139-6_S9_L001-SPAdes -> IP-0139-6_S9_L001-SPAdes.fasta
Mapped: ERS012347 -> ERS012347.fasta
Mapped: IP-0105-7_S5_L001-SPAdes -> IP-0105-7_S5_L001-SPAdes.fasta
Mapped: Burkholderia_pseudomallei_1701_GCF_003268105.1_Viet_Nam -> Burkholderia_pseudomallei_1701_GCF_003268105.1_Viet_Nam.fasta
Mapped: GCA_963565125.1 -> GCA_963565125.1.fasta
Mapped: GCA_963561835.1 -> GCA_963561835.1.fasta
Mapped: Burkholderia_pseudomallei_577ci_GCF_001980815.1_Thailand -> Burkholderia_pseudomallei_577ci_GCF_001980815.1_Thailand.fasta
Mapped: Burkholderia_pseudomallei_7400_GCF_025848135.1_Viet_Nam -> Burkholderia_pseudomallei_7400_GCF_025848135.1_Viet_Nam.fasta
Mapped: ERS008797 -> ERS008797.fasta
Mapped: Burkholderia_pseudomallei_52W_S71_GCF_014712835.1_Laos -> Burkholderia_pseudomallei_52W_S71_GCF_014712835.1_Laos.fasta
Mapped: ERS013360 -> ERS013360.fasta
Mapped: GCA_963569645.1 -> GCA_963569645.1.fasta
Mapped: IP-0076-0_S10_L001-SPAdes -> IP-0076-0_S10_L001-SPAdes.fasta
Mapped: IP-0152-9_S2_L001-SPAdes -> IP-0152-9_S2_L001-SPAdes.fasta
Mapped: GCA_900596305.2 -> GCA_900596305.2.fasta
Mapped: IP-0148-7_S8_L001-SPAdes -> IP-0148-7_S8_L001-SPAdes.fasta
Mapped: Burkholderia_pseudomallei_50W_S69_GCF_014712935.1_Laos -> Burkholderia_pseudomallei_50W_S69_GCF_014712935.1_Laos.fasta
Mapped: IE-0017_S11_L001-SPAdes -> IE-0017_S11_L001-SPAdes.fasta
Mapped: IP-0123-0_S3_L001-SPAdes -> IP-0123-0_S3_L001-SPAdes.fasta
Mapped: IP-0049-7_S9_L001-SPAdes -> IP-0049-7_S9_L001-SPAdes.fasta
Mapped: GCA_963563475.1 -> GCA_963563475.1.fasta
Mapped: ERS008836 -> ERS008836.fasta
Mapped: ERS012354 -> ERS012354.fasta
Mapped: GCA_963566635.1 -> GCA_963566635.1.fasta
Mapped: GCA_900595585.2 -> GCA_900595585.2.fasta
Mapped: IP-0158-6_S8_L001-SPAdes -> IP-0158-6_S8_L001-SPAdes.fasta
Mapped: GCA_963573095.1 -> GCA_963573095.1.fasta
Mapped: IP-0042-2_S2_L001-SPAdes -> IP-0042-2_S2_L001-SPAdes.fasta
Mapped: GCA_963561355.1 -> GCA_963561355.1.fasta
Mapped: Burkholderia_pseudomallei_619s007_GCF_001326935.2_Malaysia -> Burkholderia_pseudomallei_619s007_GCF_001326935.2_Malaysia.fasta
Mapped: IP-0094-3_S6_L001-SPAdes -> IP-0094-3_S6_L001-SPAdes.fasta
Mapped: IP-0135-4_S5_L001-SPAdes -> IP-0135-4_S5_L001-SPAdes.fasta
Mapped: IP-0025-7_S5_L001-SPAdes -> IP-0025-7_S5_L001-SPAdes.fasta
Mapped: IP-0013-3_S4_L001-SPAdes -> IP-0013-3_S4_L001-SPAdes.fasta
Mapped: IP-0109-9_S9_L001-SPAdes -> IP-0109-9_S9_L001-SPAdes.fasta
Mapped: Burkholderia_pseudomallei_53W_S72_GCF_014712895.1_Laos -> Burkholderia_pseudomallei_53W_S72_GCF_014712895.1_Laos.fasta
Mapped: Burkholderia_pseudomallei_8400_GCF_025847635.1_Viet_Nam -> Burkholderia_pseudomallei_8400_GCF_025847635.1_Viet_Nam.fasta
Mapped: GCA_963562795.1 -> GCA_963562795.1.fasta
Mapped: Burkholderia_pseudomallei_51W_S70_GCF_014712915.1_Laos -> Burkholderia_pseudomallei_51W_S70_GCF_014712915.1_Laos.fasta
Mapped: IP-0196-6_S1-SPAdes -> IP-0196-6_S1-SPAdes.fasta
Mapped: IP-0047-1_S7_L001-SPAdes -> IP-0047-1_S7_L001-SPAdes.fasta
Mapped: IP-0086-9_S9_L001-SPAdes -> IP-0086-9_S9_L001-SPAdes.fasta
Mapped: IP-0166-9_S1-SPAdes -> IP-0166-9_S1-SPAdes.fasta
Mapped: Burkholderia_pseudomallei_316c_GCF_001980755.1_Thailand -> Burkholderia_pseudomallei_316c_GCF_001980755.1_Thailand.fasta
Mapped: IP-0189-1_S4-SPAdes -> IP-0189-1_S4-SPAdes.fasta
Mapped: GCA_963566855.1 -> GCA_963566855.1.fasta
Mapped: IE-0010_S4_L001-SPAdes -> IE-0010_S4_L001-SPAdes.fasta
Mapped: IP-0193-3_S8-SPAdes -> IP-0193-3_S8-SPAdes.fasta
Mapped: ERS013353 -> ERS013353.fasta
Mapped: IP-0165-1_S4-SPAdes -> IP-0165-1_S4-SPAdes.fasta
Mapped: IP-0052-1_S2_L001-SPAdes -> IP-0052-1_S2_L001-SPAdes.fasta
Mapped: ERS008794 -> ERS008794.fasta
Mapped: IP-0084-4_S7_L001-SPAdes -> IP-0084-4_S7_L001-SPAdes.fasta
Mapped: IP-0063-8_S8_L001-SPAdes -> IP-0063-8_S8_L001-SPAdes.fasta
Mapped: ERS012362 -> ERS012362.fasta
Mapped: GCA_963566495.1 -> GCA_963566495.1.fasta
Mapped: GCA_963562695.1 -> GCA_963562695.1.fasta
Mapped: GCA_963562615.1 -> GCA_963562615.1.fasta
Mapped: IP-0117-2_S8_L001-SPAdes -> IP-0117-2_S8_L001-SPAdes.fasta
Mapped: IP-0099-2_S11_L001-SPAdes -> IP-0099-2_S11_L001-SPAdes.fasta
Mapped: GCA_963561215.1 -> GCA_963561215.1.fasta
Mapped: GCA_963561895.1 -> GCA_963561895.1.fasta
Mapped: Burkholderia_pseudomallei_46W_S66_GCF_014712945.1_Laos -> Burkholderia_pseudomallei_46W_S66_GCF_014712945.1_Laos.fasta
Mapped: GCA_963565565.1 -> GCA_963565565.1.fasta
Mapped: IE-0014_S8_L001-SPAdes -> IE-0014_S8_L001-SPAdes.fasta
Mapped: IP-0170-1_S5-SPAdes -> IP-0170-1_S5-SPAdes.fasta
Mapped: ERS012332 -> ERS012332.fasta
Mapped: IP-0183-4_S8-SPAdes -> IP-0183-4_S8-SPAdes.fasta
Mapped: ERS008837 -> ERS008837.fasta
Mapped: ERS013363 -> ERS013363.fasta
Mapped: GCA_963571845.1 -> GCA_963571845.1.fasta
Mapped: IP-0066-1_S11_L001-SPAdes -> IP-0066-1_S11_L001-SPAdes.fasta
Mapped: ERS013355 -> ERS013355.fasta
Mapped: IP-0046-3_S6_L001-SPAdes -> IP-0046-3_S6_L001-SPAdes.fasta
Mapped: Burkholderia_pseudomallei_406e_GCF_000410895.1_Thailand -> Burkholderia_pseudomallei_406e_GCF_000410895.1_Thailand.fasta
Mapped: ERS008804 -> ERS008804.fasta
Mapped: ERS008838 -> ERS008838.fasta
Mapped: IP-0190-9_S5-SPAdes -> IP-0190-9_S5-SPAdes.fasta
Mapped: IE-0005_S10_L001-SPAdes -> IE-0005_S10_L001-SPAdes.fasta
Mapped: IP-0114-9_S5_L001-SPAdes -> IP-0114-9_S5_L001-SPAdes.fasta
Mapped: GCA_963568785.1 -> GCA_963568785.1.fasta
Mapped: IP-0163-6_S2-SPAdes -> IP-0163-6_S2-SPAdes.fasta
Mapped: GCA_963570575.1 -> GCA_963570575.1.fasta
Mapped: IP-0192-5_S7-SPAdes -> IP-0192-5_S7-SPAdes.fasta
Mapped: GCA_963561915.1 -> GCA_963561915.1.fasta
Mapped: IP-0128-9_S8_L001-SPAdes -> IP-0128-9_S8_L001-SPAdes.fasta
Mapped: IP-0172-7_S7-SPAdes -> IP-0172-7_S7-SPAdes.fasta
Mapped: Burkholderia_pseudomallei_4802_GCF_003268115.1_Viet_Nam -> Burkholderia_pseudomallei_4802_GCF_003268115.1_Viet_Nam.fasta
Mapped: ERS012330 -> ERS012330.fasta
Mapped: IP-0133-9_S3_L001-SPAdes -> IP-0133-9_S3_L001-SPAdes.fasta
Mapped: IP-0120-6_S11_L001-SPAdes -> IP-0120-6_S11_L001-SPAdes.fasta
Mapped: GCA_963570105.1 -> GCA_963570105.1.fasta
Mapped: GCA_963561925.1 -> GCA_963561925.1.fasta
Mapped: IP-0178-4_S3-SPAdes -> IP-0178-4_S3-SPAdes.fasta
Mapped: ERS012377 -> ERS012377.fasta
Created staged files list:
ERS008822	ERS008822.fasta
GCA_963566765.1	GCA_963566765.1.fasta
IP-0057-0_S2_L001-SPAdes	IP-0057-0_S2_L001-SPAdes.fasta
Burkholderia_pseudomallei_ABCPW_107_GCF_000773235.1_Australia	Burkholderia_pseudomallei_ABCPW_107_GCF_000773235.1_Australia.fasta
ERS012331	ERS012331.fasta
IP-0081-0_S4_L001-SPAdes	IP-0081-0_S4_L001-SPAdes.fasta
ERS008824	ERS008824.fasta
GCA_963573025.1	GCA_963573025.1.fasta
ERS008813	ERS008813.fasta
IP-0015-8_S6_L001-SPAdes	IP-0015-8_S6_L001-SPAdes.fasta
IP-0031-5_S1_L001-SPAdes	IP-0031-5_S1_L001-SPAdes.fasta
GCA_963571005.1	GCA_963571005.1.fasta
GCA_963563065.1	GCA_963563065.1.fasta
GCA_963562235.1	GCA_963562235.1.fasta
IP-0029-9_S9_L001-SPAdes	IP-0029-9_S9_L001-SPAdes.fasta
ERS012306	ERS012306.fasta
IP-0157-8_S7_L001-SPAdes	IP-0157-8_S7_L001-SPAdes.fasta
IP-0095-0_S7_L001-SPAdes	IP-0095-0_S7_L001-SPAdes.fasta
IP-0036-4_S6_L001-SPAdes	IP-0036-4_S6_L001-SPAdes.fasta
IE-0009_S3_L001-SPAdes	IE-0009_S3_L001-SPAdes.fasta
ERS008790	ERS008790.fasta
GCA_963571365.1	GCA_963571365.1.fasta
IP-0072-9_S6_L001-SPAdes	IP-0072-9_S6_L001-SPAdes.fasta
GCA_963561975.1	GCA_963561975.1.fasta
GCA_963564975.1	GCA_963564975.1.fasta
IP-0137-0_S7_L001-SPAdes	IP-0137-0_S7_L001-SPAdes.fasta
IP-0116-4_S7_L001-SPAdes	IP-0116-4_S7_L001-SPAdes.fasta
IP-0149-5_S9_L001-SPAdes	IP-0149-5_S9_L001-SPAdes.fasta
Burkholderia_pseudomallei_64W_S75_GCF_014712815.1_Laos	Burkholderia_pseudomallei_64W_S75_GCF_014712815.1_Laos.fasta
IE-0026_S8-SPAdes	IE-0026_S8-SPAdes.fasta
IP-0030-7_S10_L001-SPAdes	IP-0030-7_S10_L001-SPAdes.fasta
IP-0008-3_S8_L001-SPAdes	IP-0008-3_S8_L001-SPAdes.fasta
IP-0027-3_S7_L001-SPAdes	IP-0027-3_S7_L001-SPAdes.fasta
ERS008817	ERS008817.fasta
IP-0115-6_S6_L001-SPAdes	IP-0115-6_S6_L001-SPAdes.fasta
GCA_963565085.1	GCA_963565085.1.fasta
IP-0197-4_S2-SPAdes	IP-0197-4_S2-SPAdes.fasta
IP-0045-5_S5_L001-SPAdes	IP-0045-5_S5_L001-SPAdes.fasta
IP-0090-1_S2_L001-SPAdes	IP-0090-1_S2_L001-SPAdes.fasta
IP-0018-2_S9_L001-SPAdes	IP-0018-2_S9_L001-SPAdes.fasta
IP-0139-6_S9_L001-SPAdes	IP-0139-6_S9_L001-SPAdes.fasta
ERS012347	ERS012347.fasta
IP-0105-7_S5_L001-SPAdes	IP-0105-7_S5_L001-SPAdes.fasta
Burkholderia_pseudomallei_1701_GCF_003268105.1_Viet_Nam	Burkholderia_pseudomallei_1701_GCF_003268105.1_Viet_Nam.fasta
GCA_963565125.1	GCA_963565125.1.fasta
GCA_963561835.1	GCA_963561835.1.fasta
Burkholderia_pseudomallei_577ci_GCF_001980815.1_Thailand	Burkholderia_pseudomallei_577ci_GCF_001980815.1_Thailand.fasta
Burkholderia_pseudomallei_7400_GCF_025848135.1_Viet_Nam	Burkholderia_pseudomallei_7400_GCF_025848135.1_Viet_Nam.fasta
ERS008797	ERS008797.fasta
Burkholderia_pseudomallei_52W_S71_GCF_014712835.1_Laos	Burkholderia_pseudomallei_52W_S71_GCF_014712835.1_Laos.fasta
ERS013360	ERS013360.fasta
GCA_963569645.1	GCA_963569645.1.fasta
IP-0076-0_S10_L001-SPAdes	IP-0076-0_S10_L001-SPAdes.fasta
IP-0152-9_S2_L001-SPAdes	IP-0152-9_S2_L001-SPAdes.fasta
GCA_900596305.2	GCA_900596305.2.fasta
IP-0148-7_S8_L001-SPAdes	IP-0148-7_S8_L001-SPAdes.fasta
Burkholderia_pseudomallei_50W_S69_GCF_014712935.1_Laos	Burkholderia_pseudomallei_50W_S69_GCF_014712935.1_Laos.fasta
IE-0017_S11_L001-SPAdes	IE-0017_S11_L001-SPAdes.fasta
IP-0123-0_S3_L001-SPAdes	IP-0123-0_S3_L001-SPAdes.fasta
IP-0049-7_S9_L001-SPAdes	IP-0049-7_S9_L001-SPAdes.fasta
GCA_963563475.1	GCA_963563475.1.fasta
ERS008836	ERS008836.fasta
ERS012354	ERS012354.fasta
GCA_963566635.1	GCA_963566635.1.fasta
GCA_900595585.2	GCA_900595585.2.fasta
IP-0158-6_S8_L001-SPAdes	IP-0158-6_S8_L001-SPAdes.fasta
GCA_963573095.1	GCA_963573095.1.fasta
IP-0042-2_S2_L001-SPAdes	IP-0042-2_S2_L001-SPAdes.fasta
GCA_963561355.1	GCA_963561355.1.fasta
Burkholderia_pseudomallei_619s007_GCF_001326935.2_Malaysia	Burkholderia_pseudomallei_619s007_GCF_001326935.2_Malaysia.fasta
IP-0094-3_S6_L001-SPAdes	IP-0094-3_S6_L001-SPAdes.fasta
IP-0135-4_S5_L001-SPAdes	IP-0135-4_S5_L001-SPAdes.fasta
IP-0025-7_S5_L001-SPAdes	IP-0025-7_S5_L001-SPAdes.fasta
IP-0013-3_S4_L001-SPAdes	IP-0013-3_S4_L001-SPAdes.fasta
IP-0109-9_S9_L001-SPAdes	IP-0109-9_S9_L001-SPAdes.fasta
Burkholderia_pseudomallei_53W_S72_GCF_014712895.1_Laos	Burkholderia_pseudomallei_53W_S72_GCF_014712895.1_Laos.fasta
Burkholderia_pseudomallei_8400_GCF_025847635.1_Viet_Nam	Burkholderia_pseudomallei_8400_GCF_025847635.1_Viet_Nam.fasta
GCA_963562795.1	GCA_963562795.1.fasta
Burkholderia_pseudomallei_51W_S70_GCF_014712915.1_Laos	Burkholderia_pseudomallei_51W_S70_GCF_014712915.1_Laos.fasta
IP-0196-6_S1-SPAdes	IP-0196-6_S1-SPAdes.fasta
IP-0047-1_S7_L001-SPAdes	IP-0047-1_S7_L001-SPAdes.fasta
IP-0086-9_S9_L001-SPAdes	IP-0086-9_S9_L001-SPAdes.fasta
IP-0166-9_S1-SPAdes	IP-0166-9_S1-SPAdes.fasta
Burkholderia_pseudomallei_316c_GCF_001980755.1_Thailand	Burkholderia_pseudomallei_316c_GCF_001980755.1_Thailand.fasta
IP-0189-1_S4-SPAdes	IP-0189-1_S4-SPAdes.fasta
GCA_963566855.1	GCA_963566855.1.fasta
IE-0010_S4_L001-SPAdes	IE-0010_S4_L001-SPAdes.fasta
IP-0193-3_S8-SPAdes	IP-0193-3_S8-SPAdes.fasta
ERS013353	ERS013353.fasta
IP-0165-1_S4-SPAdes	IP-0165-1_S4-SPAdes.fasta
IP-0052-1_S2_L001-SPAdes	IP-0052-1_S2_L001-SPAdes.fasta
ERS008794	ERS008794.fasta
IP-0084-4_S7_L001-SPAdes	IP-0084-4_S7_L001-SPAdes.fasta
IP-0063-8_S8_L001-SPAdes	IP-0063-8_S8_L001-SPAdes.fasta
ERS012362	ERS012362.fasta
GCA_963566495.1	GCA_963566495.1.fasta
GCA_963562695.1	GCA_963562695.1.fasta
GCA_963562615.1	GCA_963562615.1.fasta
IP-0117-2_S8_L001-SPAdes	IP-0117-2_S8_L001-SPAdes.fasta
IP-0099-2_S11_L001-SPAdes	IP-0099-2_S11_L001-SPAdes.fasta
GCA_963561215.1	GCA_963561215.1.fasta
GCA_963561895.1	GCA_963561895.1.fasta
Burkholderia_pseudomallei_46W_S66_GCF_014712945.1_Laos	Burkholderia_pseudomallei_46W_S66_GCF_014712945.1_Laos.fasta
GCA_963565565.1	GCA_963565565.1.fasta
IE-0014_S8_L001-SPAdes	IE-0014_S8_L001-SPAdes.fasta
IP-0170-1_S5-SPAdes	IP-0170-1_S5-SPAdes.fasta
ERS012332	ERS012332.fasta
IP-0183-4_S8-SPAdes	IP-0183-4_S8-SPAdes.fasta
ERS008837	ERS008837.fasta
ERS013363	ERS013363.fasta
GCA_963571845.1	GCA_963571845.1.fasta
IP-0066-1_S11_L001-SPAdes	IP-0066-1_S11_L001-SPAdes.fasta
ERS013355	ERS013355.fasta
IP-0046-3_S6_L001-SPAdes	IP-0046-3_S6_L001-SPAdes.fasta
Burkholderia_pseudomallei_406e_GCF_000410895.1_Thailand	Burkholderia_pseudomallei_406e_GCF_000410895.1_Thailand.fasta
ERS008804	ERS008804.fasta
ERS008838	ERS008838.fasta
IP-0190-9_S5-SPAdes	IP-0190-9_S5-SPAdes.fasta
IE-0005_S10_L001-SPAdes	IE-0005_S10_L001-SPAdes.fasta
IP-0114-9_S5_L001-SPAdes	IP-0114-9_S5_L001-SPAdes.fasta
GCA_963568785.1	GCA_963568785.1.fasta
IP-0163-6_S2-SPAdes	IP-0163-6_S2-SPAdes.fasta
GCA_963570575.1	GCA_963570575.1.fasta
IP-0192-5_S7-SPAdes	IP-0192-5_S7-SPAdes.fasta
GCA_963561915.1	GCA_963561915.1.fasta
IP-0128-9_S8_L001-SPAdes	IP-0128-9_S8_L001-SPAdes.fasta
IP-0172-7_S7-SPAdes	IP-0172-7_S7-SPAdes.fasta
Burkholderia_pseudomallei_4802_GCF_003268115.1_Viet_Nam	Burkholderia_pseudomallei_4802_GCF_003268115.1_Viet_Nam.fasta
ERS012330	ERS012330.fasta
IP-0133-9_S3_L001-SPAdes	IP-0133-9_S3_L001-SPAdes.fasta
IP-0120-6_S11_L001-SPAdes	IP-0120-6_S11_L001-SPAdes.fasta
GCA_963570105.1	GCA_963570105.1.fasta
GCA_963561925.1	GCA_963561925.1.fasta
IP-0178-4_S3-SPAdes	IP-0178-4_S3-SPAdes.fasta
ERS012377	ERS012377.fasta
All files verified. Starting PopPUNK database creation...
Database created successfully. Fitting model with PopPUNK 2.7.x features...
Model fitting completed. Copying fitted model files to database directory...
Copying fitted model files to poppunk_db directory...
✓ Created poppunk_db_fit.pkl from poppunk_fit_fit.pkl
✓ Created poppunk_db_fit.npz from poppunk_fit_fit.npz
✓ Created poppunk_db_graph.gt from poppunk_fit_graph.gt
✓ Created poppunk_db_clusters.csv from poppunk_fit_clusters.csv
Files in poppunk_db after copying:
total 15596
drwxr-xr-x 2 root root     4096 Jun 24 07:10 .
drwxr-xr-x 4 1003 1004    32768 Jun 24 07:10 ..
-rw-r--r-- 1 root root    72488 Jun 24 07:10 poppunk_db.dists.npy
-rw-r--r-- 1 root root     3429 Jun 24 07:10 poppunk_db.dists.pkl
-rw-r--r-- 1 root root 12226568 Jun 24 07:10 poppunk_db.h5
-rw-r--r-- 1 root root    62247 Jun 24 07:10 poppunk_db.png
-rw-r--r-- 1 root root    62247 Jun 24 07:10 poppunk_db_ambiguous_base_counts.png
-rw-r--r-- 1 root root     3420 Jun 24 07:10 poppunk_db_clusters.csv
-rw-r--r-- 1 root root   345356 Jun 24 07:10 poppunk_db_distanceDistribution.png
-rw-r--r-- 1 root root     1632 Jun 24 07:10 poppunk_db_fit.npz
-rw-r--r-- 1 root root     1743 Jun 24 07:10 poppunk_db_fit.pkl
-rw-r--r-- 1 root root    52971 Jun 24 07:10 poppunk_db_genome_lengths.png
-rw-r--r-- 1 root root     2406 Jun 24 07:10 poppunk_db_graph.gt
-rw-r--r-- 1 root root      842 Jun 24 07:10 poppunk_fit.refs
-rw-r--r-- 1 root root     3608 Jun 24 07:10 poppunk_fit.refs.dists.npy
-rw-r--r-- 1 root root      925 Jun 24 07:10 poppunk_fit.refs.dists.pkl
-rw-r--r-- 1 root root  2719312 Jun 24 07:10 poppunk_fit.refs.h5
-rw-r--r-- 1 root root      530 Jun 24 07:10 poppunk_fit.refs_graph.gt
-rw-r--r-- 1 root root   275479 Jun 24 07:10 poppunk_fit_DPGMM_fit.png
-rw-r--r-- 1 root root    33042 Jun 24 07:10 poppunk_fit_DPGMM_fit_contours.pdf
-rw-r--r-- 1 root root     3420 Jun 24 07:10 poppunk_fit_clusters.csv
-rw-r--r-- 1 root root     1632 Jun 24 07:10 poppunk_fit_fit.npz
-rw-r--r-- 1 root root     1743 Jun 24 07:10 poppunk_fit_fit.pkl
-rw-r--r-- 1 root root     2406 Jun 24 07:10 poppunk_fit_graph.gt
-rw-r--r-- 1 root root     3965 Jun 24 07:10 poppunk_fit_unword_clusters.csv
✓ Found fitted model file: poppunk_db_fit.pkl
✓ Found graph file: poppunk_db_graph.gt
✓ Found cluster file: poppunk_db_clusters.csv
Found poppunk_fit_clusters.csv in poppunk_fit/
PopPUNK model completed successfully!
