Building PopPUNK database with 71 genomes...
Mapped: ERS012347 -> ERS012347.fasta
Mapped: GCA_963562695.1 -> GCA_963562695.1.fasta
Mapped: Burkholderia_pseudomallei_40S_S61_GCF_014713055.1_Laos -> Burkholderia_pseudomallei_40S_S61_GCF_014713055.1_Laos.fasta
Mapped: GCA_963563155.1 -> GCA_963563155.1.fasta
Mapped: IP-0159-4_S9_L001-SPAdes -> IP-0159-4_S9_L001-SPAdes.fasta
Mapped: IP-0120-6_S11_L001-SPAdes -> IP-0120-6_S11_L001-SPAdes.fasta
Mapped: IE-0006_S11_L001-SPAdes -> IE-0006_S11_L001-SPAdes.fasta
Mapped: GCA_963568885.1 -> GCA_963568885.1.fasta
Mapped: GCA_963569795.1 -> GCA_963569795.1.fasta
Mapped: GCA_963570025.1 -> GCA_963570025.1.fasta
Mapped: IP-0110-7_S10_L001-SPAdes -> IP-0110-7_S10_L001-SPAdes.fasta
Mapped: IE-0022_S8-SPAdes -> IE-0022_S8-SPAdes.fasta
Mapped: IP-0076-0_S10_L001-SPAdes -> IP-0076-0_S10_L001-SPAdes.fasta
Mapped: IP-0028-1_S8_L001-SPAdes -> IP-0028-1_S8_L001-SPAdes.fasta
Mapped: IP-0071-1_S5_L001-SPAdes -> IP-0071-1_S5_L001-SPAdes.fasta
Mapped: GCA_963573095.1 -> GCA_963573095.1.fasta
Mapped: ERS012308 -> ERS012308.fasta
Mapped: IP-0102-4_S2_L001-SPAdes -> IP-0102-4_S2_L001-SPAdes.fasta
Mapped: Burkholderia_pseudomallei_44W_S64_GCF_014713025.1_Laos -> Burkholderia_pseudomallei_44W_S64_GCF_014713025.1_Laos.fasta
Mapped: IP-0142-0_S2_L001-SPAdes -> IP-0142-0_S2_L001-SPAdes.fasta
Mapped: IP-0078-6_S1_L001-SPAdes -> IP-0078-6_S1_L001-SPAdes.fasta
Mapped: IP-0183-4_S8-SPAdes -> IP-0183-4_S8-SPAdes.fasta
Mapped: IP-0151-1_S1_L001-SPAdes -> IP-0151-1_S1_L001-SPAdes.fasta
Mapped: IE-0016_S10_L001-SPAdes -> IE-0016_S10_L001-SPAdes.fasta
Mapped: Burkholderia_pseudomallei_7801_GCF_025848015.1_Viet_Nam -> Burkholderia_pseudomallei_7801_GCF_025848015.1_Viet_Nam.fasta
Mapped: ERS013342 -> ERS013342.fasta
Mapped: ERS013353 -> ERS013353.fasta
Mapped: IP-0015-8_S6_L001-SPAdes -> IP-0015-8_S6_L001-SPAdes.fasta
Mapped: IP-0070-3_S4_L001-SPAdes -> IP-0070-3_S4_L001-SPAdes.fasta
Mapped: ERS013364 -> ERS013364.fasta
Mapped: GCA_963572615.1 -> GCA_963572615.1.fasta
Mapped: ERS008798 -> ERS008798.fasta
Mapped: IP-0049-7_S9_L001-SPAdes -> IP-0049-7_S9_L001-SPAdes.fasta
Mapped: IP-0059-6_S4_L001-SPAdes -> IP-0059-6_S4_L001-SPAdes.fasta
Mapped: IP-0080-2_S3_L001-SPAdes -> IP-0080-2_S3_L001-SPAdes.fasta
Mapped: Burkholderia_pseudomallei_49W_S68_GCF_014712965.1_Laos -> Burkholderia_pseudomallei_49W_S68_GCF_014712965.1_Laos.fasta
Mapped: IP-0161-0_S11_L001-SPAdes -> IP-0161-0_S11_L001-SPAdes.fasta
Mapped: IP-0144-6_S4_L001-SPAdes -> IP-0144-6_S4_L001-SPAdes.fasta
Mapped: Burkholderia_pseudomallei_2002721684_GCF_002110925.1_USA_Texas -> Burkholderia_pseudomallei_2002721684_GCF_002110925.1_USA_Texas.fasta
Mapped: IP-0099-2_S11_L001-SPAdes -> IP-0099-2_S11_L001-SPAdes.fasta
Mapped: GCA_963560915.1 -> GCA_963560915.1.fasta
Mapped: IP-0172-7_S7-SPAdes -> IP-0172-7_S7-SPAdes.fasta
Mapped: IP-0097-6_S9_L001-SPAdes -> IP-0097-6_S9_L001-SPAdes.fasta
Mapped: ERS008821 -> ERS008821.fasta
Mapped: IP-0082-8_S5_L001-SPAdes -> IP-0082-8_S5_L001-SPAdes.fasta
Mapped: Burkholderia_pseudomallei_4702_GCF_009827035.1_Viet_Nam -> Burkholderia_pseudomallei_4702_GCF_009827035.1_Viet_Nam.fasta
Mapped: IP-0083-6_S6_L001-SPAdes -> IP-0083-6_S6_L001-SPAdes.fasta
Mapped: GCA_963563305.1 -> GCA_963563305.1.fasta
Mapped: IP-0025-7_S5_L001-SPAdes -> IP-0025-7_S5_L001-SPAdes.fasta
Mapped: IP-0068-7_S2_L001-SPAdes -> IP-0068-7_S2_L001-SPAdes.fasta
Mapped: ERS008822 -> ERS008822.fasta
Mapped: Burkholderia_pseudomallei_50W_S69_GCF_014712935.1_Laos -> Burkholderia_pseudomallei_50W_S69_GCF_014712935.1_Laos.fasta
Mapped: GCA_963569785.1 -> GCA_963569785.1.fasta
Mapped: IP-0140-4_S10_L001-SPAdes -> IP-0140-4_S10_L001-SPAdes.fasta
Mapped: IP-0079-4_S2_L001-SPAdes -> IP-0079-4_S2_L001-SPAdes.fasta
Mapped: GCA_963571475.1 -> GCA_963571475.1.fasta
Mapped: IP-0117-2_S8_L001-SPAdes -> IP-0117-2_S8_L001-SPAdes.fasta
Mapped: ERS008833 -> ERS008833.fasta
Mapped: ERS012369 -> ERS012369.fasta
Mapped: ERS012303 -> ERS012303.fasta
Mapped: Burkholderia_pseudomallei_4802_GCF_003268115.1_Viet_Nam -> Burkholderia_pseudomallei_4802_GCF_003268115.1_Viet_Nam.fasta
Mapped: IP-0014-1_S5_L001-SPAdes -> IP-0014-1_S5_L001-SPAdes.fasta
Mapped: IP-0008-3_S8_L001-SPAdes -> IP-0008-3_S8_L001-SPAdes.fasta
Mapped: IP-0089-3_S1_L001-SPAdes -> IP-0089-3_S1_L001-SPAdes.fasta
Mapped: IP-0174-3_S9-SPAdes -> IP-0174-3_S9-SPAdes.fasta
Mapped: ERS012370 -> ERS012370.fasta
Mapped: Burkholderia_pseudomallei_ABCPW_107_GCF_000773235.1_Australia -> Burkholderia_pseudomallei_ABCPW_107_GCF_000773235.1_Australia.fasta
Mapped: Burkholderia_pseudomallei_ABCPW_1_GCF_000774965.1_Australia -> Burkholderia_pseudomallei_ABCPW_1_GCF_000774965.1_Australia.fasta
Mapped: Burkholderia_pseudomallei_ABCPW_30_GCF_000774495.1_Australia -> Burkholderia_pseudomallei_ABCPW_30_GCF_000774495.1_Australia.fasta
Mapped: Burkholderia_pseudomallei_ABCPW_91_GCF_000774405.1_Australia -> Burkholderia_pseudomallei_ABCPW_91_GCF_000774405.1_Australia.fasta
Mapped: Burkholderia_pseudomallei_BDD_GCF_000756905.1_Australia_Townsville_Queensland -> Burkholderia_pseudomallei_BDD_GCF_000756905.1_Australia_Townsville_Queensland.fasta
Created staged files list:
ERS012347	ERS012347.fasta
GCA_963562695.1	GCA_963562695.1.fasta
Burkholderia_pseudomallei_40S_S61_GCF_014713055.1_Laos	Burkholderia_pseudomallei_40S_S61_GCF_014713055.1_Laos.fasta
GCA_963563155.1	GCA_963563155.1.fasta
IP-0159-4_S9_L001-SPAdes	IP-0159-4_S9_L001-SPAdes.fasta
IP-0120-6_S11_L001-SPAdes	IP-0120-6_S11_L001-SPAdes.fasta
IE-0006_S11_L001-SPAdes	IE-0006_S11_L001-SPAdes.fasta
GCA_963568885.1	GCA_963568885.1.fasta
GCA_963569795.1	GCA_963569795.1.fasta
GCA_963570025.1	GCA_963570025.1.fasta
IP-0110-7_S10_L001-SPAdes	IP-0110-7_S10_L001-SPAdes.fasta
IE-0022_S8-SPAdes	IE-0022_S8-SPAdes.fasta
IP-0076-0_S10_L001-SPAdes	IP-0076-0_S10_L001-SPAdes.fasta
IP-0028-1_S8_L001-SPAdes	IP-0028-1_S8_L001-SPAdes.fasta
IP-0071-1_S5_L001-SPAdes	IP-0071-1_S5_L001-SPAdes.fasta
GCA_963573095.1	GCA_963573095.1.fasta
ERS012308	ERS012308.fasta
IP-0102-4_S2_L001-SPAdes	IP-0102-4_S2_L001-SPAdes.fasta
Burkholderia_pseudomallei_44W_S64_GCF_014713025.1_Laos	Burkholderia_pseudomallei_44W_S64_GCF_014713025.1_Laos.fasta
IP-0142-0_S2_L001-SPAdes	IP-0142-0_S2_L001-SPAdes.fasta
IP-0078-6_S1_L001-SPAdes	IP-0078-6_S1_L001-SPAdes.fasta
IP-0183-4_S8-SPAdes	IP-0183-4_S8-SPAdes.fasta
IP-0151-1_S1_L001-SPAdes	IP-0151-1_S1_L001-SPAdes.fasta
IE-0016_S10_L001-SPAdes	IE-0016_S10_L001-SPAdes.fasta
Burkholderia_pseudomallei_7801_GCF_025848015.1_Viet_Nam	Burkholderia_pseudomallei_7801_GCF_025848015.1_Viet_Nam.fasta
ERS013342	ERS013342.fasta
ERS013353	ERS013353.fasta
IP-0015-8_S6_L001-SPAdes	IP-0015-8_S6_L001-SPAdes.fasta
IP-0070-3_S4_L001-SPAdes	IP-0070-3_S4_L001-SPAdes.fasta
ERS013364	ERS013364.fasta
GCA_963572615.1	GCA_963572615.1.fasta
ERS008798	ERS008798.fasta
IP-0049-7_S9_L001-SPAdes	IP-0049-7_S9_L001-SPAdes.fasta
IP-0059-6_S4_L001-SPAdes	IP-0059-6_S4_L001-SPAdes.fasta
IP-0080-2_S3_L001-SPAdes	IP-0080-2_S3_L001-SPAdes.fasta
Burkholderia_pseudomallei_49W_S68_GCF_014712965.1_Laos	Burkholderia_pseudomallei_49W_S68_GCF_014712965.1_Laos.fasta
IP-0161-0_S11_L001-SPAdes	IP-0161-0_S11_L001-SPAdes.fasta
IP-0144-6_S4_L001-SPAdes	IP-0144-6_S4_L001-SPAdes.fasta
Burkholderia_pseudomallei_2002721684_GCF_002110925.1_USA_Texas	Burkholderia_pseudomallei_2002721684_GCF_002110925.1_USA_Texas.fasta
IP-0099-2_S11_L001-SPAdes	IP-0099-2_S11_L001-SPAdes.fasta
GCA_963560915.1	GCA_963560915.1.fasta
IP-0172-7_S7-SPAdes	IP-0172-7_S7-SPAdes.fasta
IP-0097-6_S9_L001-SPAdes	IP-0097-6_S9_L001-SPAdes.fasta
ERS008821	ERS008821.fasta
IP-0082-8_S5_L001-SPAdes	IP-0082-8_S5_L001-SPAdes.fasta
Burkholderia_pseudomallei_4702_GCF_009827035.1_Viet_Nam	Burkholderia_pseudomallei_4702_GCF_009827035.1_Viet_Nam.fasta
IP-0083-6_S6_L001-SPAdes	IP-0083-6_S6_L001-SPAdes.fasta
GCA_963563305.1	GCA_963563305.1.fasta
IP-0025-7_S5_L001-SPAdes	IP-0025-7_S5_L001-SPAdes.fasta
IP-0068-7_S2_L001-SPAdes	IP-0068-7_S2_L001-SPAdes.fasta
ERS008822	ERS008822.fasta
Burkholderia_pseudomallei_50W_S69_GCF_014712935.1_Laos	Burkholderia_pseudomallei_50W_S69_GCF_014712935.1_Laos.fasta
GCA_963569785.1	GCA_963569785.1.fasta
IP-0140-4_S10_L001-SPAdes	IP-0140-4_S10_L001-SPAdes.fasta
IP-0079-4_S2_L001-SPAdes	IP-0079-4_S2_L001-SPAdes.fasta
GCA_963571475.1	GCA_963571475.1.fasta
IP-0117-2_S8_L001-SPAdes	IP-0117-2_S8_L001-SPAdes.fasta
ERS008833	ERS008833.fasta
ERS012369	ERS012369.fasta
ERS012303	ERS012303.fasta
Burkholderia_pseudomallei_4802_GCF_003268115.1_Viet_Nam	Burkholderia_pseudomallei_4802_GCF_003268115.1_Viet_Nam.fasta
IP-0014-1_S5_L001-SPAdes	IP-0014-1_S5_L001-SPAdes.fasta
IP-0008-3_S8_L001-SPAdes	IP-0008-3_S8_L001-SPAdes.fasta
IP-0089-3_S1_L001-SPAdes	IP-0089-3_S1_L001-SPAdes.fasta
IP-0174-3_S9-SPAdes	IP-0174-3_S9-SPAdes.fasta
ERS012370	ERS012370.fasta
Burkholderia_pseudomallei_ABCPW_107_GCF_000773235.1_Australia	Burkholderia_pseudomallei_ABCPW_107_GCF_000773235.1_Australia.fasta
Burkholderia_pseudomallei_ABCPW_1_GCF_000774965.1_Australia	Burkholderia_pseudomallei_ABCPW_1_GCF_000774965.1_Australia.fasta
Burkholderia_pseudomallei_ABCPW_30_GCF_000774495.1_Australia	Burkholderia_pseudomallei_ABCPW_30_GCF_000774495.1_Australia.fasta
Burkholderia_pseudomallei_ABCPW_91_GCF_000774405.1_Australia	Burkholderia_pseudomallei_ABCPW_91_GCF_000774405.1_Australia.fasta
Burkholderia_pseudomallei_BDD_GCF_000756905.1_Australia_Townsville_Queensland	Burkholderia_pseudomallei_BDD_GCF_000756905.1_Australia_Townsville_Queensland.fasta
All files verified. Starting PopPUNK database creation...
Database created successfully. Fitting model with PopPUNK 2.7.x features...
Fitting PopPUNK model with optimized parameters for better clustering...
Model fitting completed. Copying fitted model files to database directory...
Copying fitted model files to poppunk_db directory...
✓ Created poppunk_db_fit.pkl from poppunk_fit_fit.pkl
✓ Created poppunk_db_fit.npz from poppunk_fit_fit.npz
✓ Created poppunk_db_graph.gt from poppunk_fit_graph.gt
✓ Created poppunk_db_clusters.csv from poppunk_fit_clusters.csv
Files in poppunk_db after copying:
total 8724
drwxr-xr-x 2 root root    4096 Jun 24 07:27 .
drwxr-xr-x 4 1003 1004   32768 Jun 24 07:27 ..
-rw-r--r-- 1 root root   20008 Jun 24 07:27 poppunk_db.dists.npy
-rw-r--r-- 1 root root    2091 Jun 24 07:27 poppunk_db.dists.pkl
-rw-r--r-- 1 root root 6432280 Jun 24 07:27 poppunk_db.h5
-rw-r--r-- 1 root root   59363 Jun 24 07:27 poppunk_db.png
-rw-r--r-- 1 root root   59363 Jun 24 07:27 poppunk_db_ambiguous_base_counts.png
-rw-r--r-- 1 root root    2082 Jun 24 07:27 poppunk_db_clusters.csv
-rw-r--r-- 1 root root  264671 Jun 24 07:27 poppunk_db_distanceDistribution.png
-rw-r--r-- 1 root root    1632 Jun 24 07:27 poppunk_db_fit.npz
-rw-r--r-- 1 root root    1743 Jun 24 07:27 poppunk_db_fit.pkl
-rw-r--r-- 1 root root   51076 Jun 24 07:27 poppunk_db_genome_lengths.png
-rw-r--r-- 1 root root    2421 Jun 24 07:27 poppunk_db_graph.gt
-rw-r--r-- 1 root root     736 Jun 24 07:27 poppunk_fit.refs
-rw-r--r-- 1 root root    1496 Jun 24 07:27 poppunk_fit.refs.dists.npy
-rw-r--r-- 1 root root     797 Jun 24 07:27 poppunk_fit.refs.dists.pkl
-rw-r--r-- 1 root root 1723328 Jun 24 07:27 poppunk_fit.refs.h5
-rw-r--r-- 1 root root     419 Jun 24 07:27 poppunk_fit.refs_graph.gt
-rw-r--r-- 1 root root  173993 Jun 24 07:27 poppunk_fit_DPGMM_fit.png
-rw-r--r-- 1 root root   32772 Jun 24 07:27 poppunk_fit_DPGMM_fit_contours.pdf
-rw-r--r-- 1 root root    2082 Jun 24 07:27 poppunk_fit_clusters.csv
-rw-r--r-- 1 root root    1632 Jun 24 07:27 poppunk_fit_fit.npz
-rw-r--r-- 1 root root    1743 Jun 24 07:27 poppunk_fit_fit.pkl
-rw-r--r-- 1 root root    2421 Jun 24 07:27 poppunk_fit_graph.gt
-rw-r--r-- 1 root root    2509 Jun 24 07:27 poppunk_fit_unword_clusters.csv
✓ Found fitted model file: poppunk_db_fit.pkl
✓ Found graph file: poppunk_db_graph.gt
✓ Found cluster file: poppunk_db_clusters.csv
Found poppunk_fit_clusters.csv in poppunk_fit/
PopPUNK model completed successfully!
