PopPUNK (POPulation Partitioning Using Nucleotide Kmers)
	(with backend: sketchlib v2.1.1
	 sketchlib: /opt/conda/envs/poppunk-env/lib/python3.10/site-packages/pp_sketchlib.cpython-310-x86_64-linux-gnu.so)

Graph-tools OpenMP parallelisation enabled: with 48 threads
Mode: Using previous model with a reference database

Loading BGMM 2D Gaussian model
Completed model loading
Loaded previous model of type: bgmm
Assigning distances with BGMM model
  0%|          | 0/1 [00:00<?, ?it/s]100%|██████████| 1/1 [00:00<00:00, 39.59it/s]
Network summary:
	Components				25
	Density					0.0821
	Transitivity				0.9637
	Mean betweenness			0.1288
	Weighted-mean betweenness		0.0768
	Score					0.8845
	Score (w/ betweenness)			0.7705
	Score (w/ weighted-betweenness)		0.8166
Removing 59 sequences

Done
