Building PopPUNK database with 45 genomes...
Mapped: ERS012340 -> ERS012340.fasta
Mapped: GCA_963563065.1 -> GCA_963563065.1.fasta
Mapped: IP-0156-0_S6_L001-SPAdes -> IP-0156-0_S6_L001-SPAdes.fasta
Mapped: GCA_963561895.1 -> GCA_963561895.1.fasta
Mapped: GCA_963572995.1 -> GCA_963572995.1.fasta
Mapped: IP-0189-1_S4-SPAdes -> IP-0189-1_S4-SPAdes.fasta
Mapped: IE-0018_S12_L001-SPAdes -> IE-0018_S12_L001-SPAdes.fasta
Mapped: ERS012320 -> ERS012320.fasta
Mapped: IP-0046-3_S6_L001-SPAdes -> IP-0046-3_S6_L001-SPAdes.fasta
Mapped: IP-0142-0_S2_L001-SPAdes -> IP-0142-0_S2_L001-SPAdes.fasta
Mapped: IP-0147-9_S7_L001-SPAdes -> IP-0147-9_S7_L001-SPAdes.fasta
Mapped: GCA_963569685.1 -> GCA_963569685.1.fasta
Mapped: IP-0079-4_S2_L001-SPAdes -> IP-0079-4_S2_L001-SPAdes.fasta
Mapped: ERS012327 -> ERS012327.fasta
Mapped: IE-0005_S10_L001-SPAdes -> IE-0005_S10_L001-SPAdes.fasta
Mapped: GCA_963567935.1 -> GCA_963567935.1.fasta
Mapped: IP-0087-7_S10_L001-SPAdes -> IP-0087-7_S10_L001-SPAdes.fasta
Mapped: GCA_963562695.1 -> GCA_963562695.1.fasta
Mapped: IP-0063-8_S8_L001-SPAdes -> IP-0063-8_S8_L001-SPAdes.fasta
Mapped: ERS012369 -> ERS012369.fasta
Mapped: IP-0003-4_S3_L001-SPAdes -> IP-0003-4_S3_L001-SPAdes.fasta
Mapped: Burkholderia_pseudomallei_28P_GCF_025847415.1_Viet_Nam -> Burkholderia_pseudomallei_28P_GCF_025847415.1_Viet_Nam.fasta
Mapped: GCA_963563635.1 -> GCA_963563635.1.fasta
Mapped: IP-0051-3_S1_L001-SPAdes -> IP-0051-3_S1_L001-SPAdes.fasta
Mapped: IP-0191-7_S6-SPAdes -> IP-0191-7_S6-SPAdes.fasta
Mapped: IP-0061-2_S6_L001-SPAdes -> IP-0061-2_S6_L001-SPAdes.fasta
Mapped: IP-0177-6_S2-SPAdes -> IP-0177-6_S2-SPAdes.fasta
Mapped: IP-0160-2_S10_L001-SPAdes -> IP-0160-2_S10_L001-SPAdes.fasta
Mapped: IP-0180-0_S5-SPAdes -> IP-0180-0_S5-SPAdes.fasta
Mapped: Burkholderia_pseudomallei_60W_S74_GCF_014712825.1_Laos -> Burkholderia_pseudomallei_60W_S74_GCF_014712825.1_Laos.fasta
Mapped: IE-0009_S3_L001-SPAdes -> IE-0009_S3_L001-SPAdes.fasta
Mapped: GCA_963570575.1 -> GCA_963570575.1.fasta
Mapped: IP-0062-0_S7_L001-SPAdes -> IP-0062-0_S7_L001-SPAdes.fasta
Mapped: IE-0006_S11_L001-SPAdes -> IE-0006_S11_L001-SPAdes.fasta
Mapped: IP-0175-0_S10-SPAdes -> IP-0175-0_S10-SPAdes.fasta
Mapped: ERS013353 -> ERS013353.fasta
Mapped: Burkholderia_pseudomallei_576_GCF_000182195.1_Thailand -> Burkholderia_pseudomallei_576_GCF_000182195.1_Thailand.fasta
Mapped: GCA_963560735.1 -> GCA_963560735.1.fasta
Mapped: ERS013352 -> ERS013352.fasta
Mapped: Burkholderia_pseudomallei_619s004_GCF_001212405.2_Malaysia -> Burkholderia_pseudomallei_619s004_GCF_001212405.2_Malaysia.fasta
Mapped: Burkholderia_pseudomallei_ABCPW_91_GCF_000774405.1_Australia -> Burkholderia_pseudomallei_ABCPW_91_GCF_000774405.1_Australia.fasta
Mapped: IE-0011_S5_L001-SPAdes -> IE-0011_S5_L001-SPAdes.fasta
Mapped: IP-0021-6_S1_L001-SPAdes -> IP-0021-6_S1_L001-SPAdes.fasta
Mapped: Burkholderia_pseudomallei_2010007509_GCF_002111145.1_USA_Arizona_ex_Costa_Rica -> Burkholderia_pseudomallei_2010007509_GCF_002111145.1_USA_Arizona_ex_Costa_Rica.fasta
Mapped: ERS008798 -> ERS008798.fasta
Created staged files list:
ERS012340	ERS012340.fasta
GCA_963563065.1	GCA_963563065.1.fasta
IP-0156-0_S6_L001-SPAdes	IP-0156-0_S6_L001-SPAdes.fasta
GCA_963561895.1	GCA_963561895.1.fasta
GCA_963572995.1	GCA_963572995.1.fasta
IP-0189-1_S4-SPAdes	IP-0189-1_S4-SPAdes.fasta
IE-0018_S12_L001-SPAdes	IE-0018_S12_L001-SPAdes.fasta
ERS012320	ERS012320.fasta
IP-0046-3_S6_L001-SPAdes	IP-0046-3_S6_L001-SPAdes.fasta
IP-0142-0_S2_L001-SPAdes	IP-0142-0_S2_L001-SPAdes.fasta
IP-0147-9_S7_L001-SPAdes	IP-0147-9_S7_L001-SPAdes.fasta
GCA_963569685.1	GCA_963569685.1.fasta
IP-0079-4_S2_L001-SPAdes	IP-0079-4_S2_L001-SPAdes.fasta
ERS012327	ERS012327.fasta
IE-0005_S10_L001-SPAdes	IE-0005_S10_L001-SPAdes.fasta
GCA_963567935.1	GCA_963567935.1.fasta
IP-0087-7_S10_L001-SPAdes	IP-0087-7_S10_L001-SPAdes.fasta
GCA_963562695.1	GCA_963562695.1.fasta
IP-0063-8_S8_L001-SPAdes	IP-0063-8_S8_L001-SPAdes.fasta
ERS012369	ERS012369.fasta
IP-0003-4_S3_L001-SPAdes	IP-0003-4_S3_L001-SPAdes.fasta
Burkholderia_pseudomallei_28P_GCF_025847415.1_Viet_Nam	Burkholderia_pseudomallei_28P_GCF_025847415.1_Viet_Nam.fasta
GCA_963563635.1	GCA_963563635.1.fasta
IP-0051-3_S1_L001-SPAdes	IP-0051-3_S1_L001-SPAdes.fasta
IP-0191-7_S6-SPAdes	IP-0191-7_S6-SPAdes.fasta
IP-0061-2_S6_L001-SPAdes	IP-0061-2_S6_L001-SPAdes.fasta
IP-0177-6_S2-SPAdes	IP-0177-6_S2-SPAdes.fasta
IP-0160-2_S10_L001-SPAdes	IP-0160-2_S10_L001-SPAdes.fasta
IP-0180-0_S5-SPAdes	IP-0180-0_S5-SPAdes.fasta
Burkholderia_pseudomallei_60W_S74_GCF_014712825.1_Laos	Burkholderia_pseudomallei_60W_S74_GCF_014712825.1_Laos.fasta
IE-0009_S3_L001-SPAdes	IE-0009_S3_L001-SPAdes.fasta
GCA_963570575.1	GCA_963570575.1.fasta
IP-0062-0_S7_L001-SPAdes	IP-0062-0_S7_L001-SPAdes.fasta
IE-0006_S11_L001-SPAdes	IE-0006_S11_L001-SPAdes.fasta
IP-0175-0_S10-SPAdes	IP-0175-0_S10-SPAdes.fasta
ERS013353	ERS013353.fasta
Burkholderia_pseudomallei_576_GCF_000182195.1_Thailand	Burkholderia_pseudomallei_576_GCF_000182195.1_Thailand.fasta
GCA_963560735.1	GCA_963560735.1.fasta
ERS013352	ERS013352.fasta
Burkholderia_pseudomallei_619s004_GCF_001212405.2_Malaysia	Burkholderia_pseudomallei_619s004_GCF_001212405.2_Malaysia.fasta
Burkholderia_pseudomallei_ABCPW_91_GCF_000774405.1_Australia	Burkholderia_pseudomallei_ABCPW_91_GCF_000774405.1_Australia.fasta
IE-0011_S5_L001-SPAdes	IE-0011_S5_L001-SPAdes.fasta
IP-0021-6_S1_L001-SPAdes	IP-0021-6_S1_L001-SPAdes.fasta
Burkholderia_pseudomallei_2010007509_GCF_002111145.1_USA_Arizona_ex_Costa_Rica	Burkholderia_pseudomallei_2010007509_GCF_002111145.1_USA_Arizona_ex_Costa_Rica.fasta
ERS008798	ERS008798.fasta
All files verified. Starting PopPUNK database creation...
Database created successfully. Fitting model...
Model fitting completed. Copying fitted model files to database directory...
Copying fitted model files to poppunk_db directory...
✓ Created poppunk_db_fit.pkl from poppunk_fit_fit.pkl
✓ Created poppunk_db_fit.npz from poppunk_fit_fit.npz
Files in poppunk_db after copying:
total 5652
drwxr-xr-x 2 root root    4096 Jun 23 17:53 .
drwxr-xr-x 4 1003 1004   32768 Jun 23 17:53 ..
-rw-r--r-- 1 root root    8048 Jun 23 17:53 poppunk_db.dists.npy
-rw-r--r-- 1 root root    1237 Jun 23 17:53 poppunk_db.dists.pkl
-rw-r--r-- 1 root root 4079464 Jun 23 17:53 poppunk_db.h5
-rw-r--r-- 1 root root  242217 Jun 23 17:53 poppunk_db_distanceDistribution.png
-rw-r--r-- 1 root root    1632 Jun 23 17:53 poppunk_db_fit.npz
-rw-r--r-- 1 root root    1742 Jun 23 17:53 poppunk_db_fit.pkl
-rw-r--r-- 1 root root     434 Jun 23 17:53 poppunk_fit.refs
-rw-r--r-- 1 root root     752 Jun 23 17:53 poppunk_fit.refs.dists.npy
-rw-r--r-- 1 root root     483 Jun 23 17:53 poppunk_fit.refs.dists.pkl
-rw-r--r-- 1 root root 1182784 Jun 23 17:53 poppunk_fit.refs.h5
-rw-r--r-- 1 root root     338 Jun 23 17:53 poppunk_fit.refs_graph.gt
-rw-r--r-- 1 root root  144473 Jun 23 17:53 poppunk_fit_DPGMM_fit.png
-rw-r--r-- 1 root root   31701 Jun 23 17:53 poppunk_fit_DPGMM_fit_contours.pdf
-rw-r--r-- 1 root root    1228 Jun 23 17:53 poppunk_fit_clusters.csv
-rw-r--r-- 1 root root    1632 Jun 23 17:53 poppunk_fit_fit.npz
-rw-r--r-- 1 root root    1742 Jun 23 17:53 poppunk_fit_fit.pkl
-rw-r--r-- 1 root root     709 Jun 23 17:53 poppunk_fit_graph.gt
-rw-r--r-- 1 root root    1413 Jun 23 17:53 poppunk_fit_unword_clusters.csv
✓ Found fitted model file: poppunk_db_fit.pkl
Found poppunk_fit_clusters.csv in poppunk_fit/
PopPUNK model completed successfully!
